#
# There is insufficient memory for the Java Runtime Environment to continue.
# Native memory allocation (malloc) failed to allocate 936736 bytes for Chunk::new
# Possible reasons:
#   The system is out of physical RAM or swap space
#   The process is running with CompressedOops enabled, and the Java Heap may be blocking the growth of the native heap
# Possible solutions:
#   Reduce memory load on the system
#   Increase physical memory or swap space
#   Check if swap backing store is full
#   Decrease Java heap size (-Xmx/-Xms)
#   Decrease number of Java threads
#   Decrease Java thread stack sizes (-Xss)
#   Set larger code cache with -XX:ReservedCodeCacheSize=
#   JVM is running with Unscaled Compressed Oops mode in which the Java heap is
#     placed in the first 4GB address space. The Java Heap base address is the
#     maximum limit for the native heap growth. Please use -XX:HeapBaseMinAddress
#     to set the Java Heap base and to place the Java Heap above 4GB virtual address.
# This output file may be truncated or incomplete.
#
#  Out of Memory Error (./src/hotspot/share/memory/arena.cpp:197), pid=13132, tid=17416
#
# JRE version: OpenJDK Runtime Environment (11.0.10) (build 11.0.10+0-b96-7249189)
# Java VM: OpenJDK 64-Bit Server VM (11.0.10+0-b96-7249189, mixed mode, tiered, compressed oops, g1 gc, windows-amd64)
# No core dump will be written. Minidumps are not enabled by default on client versions of Windows
#

---------------  S U M M A R Y ------------

Command Line: --add-opens=java.base/java.util=ALL-UNNAMED --add-opens=java.base/java.lang=ALL-UNNAMED --add-opens=java.base/java.lang.invoke=ALL-UNNAMED --add-opens=java.base/java.util=ALL-UNNAMED --add-opens=java.prefs/java.util.prefs=ALL-UNNAMED --add-opens=java.prefs/java.util.prefs=ALL-UNNAMED --add-opens=java.base/java.nio.charset=ALL-UNNAMED --add-opens=java.base/java.net=ALL-UNNAMED --add-opens=java.base/java.util.concurrent.atomic=ALL-UNNAMED -Xmx2048m -Dfile.encoding=UTF-8 -Duser.country=US -Duser.language=en -Duser.variant org.gradle.launcher.daemon.bootstrap.GradleDaemon 7.0.2

Host: Intel(R) Core(TM) i5-9300H CPU @ 2.40GHz, 8 cores, 7G,  Windows 10 , 64 bit Build 22000 (10.0.22000.434)
Time: Wed Mar 16 15:02:57 2022 SE Asia Standard Time elapsed time: 9.541400 seconds (0d 0h 0m 9s)

---------------  T H R E A D  ---------------

Current thread (0x00000220467e1000):  JavaThread "C2 CompilerThread1" daemon [_thread_in_native, id=17416, stack(0x0000007f5e900000,0x0000007f5ea00000)]


Current CompileTask:
C2:   9541 5095       4       org.codehaus.groovy.runtime.metaclass.MetaMethodIndex::addMethodToList (131 bytes)

Stack: [0x0000007f5e900000,0x0000007f5ea00000]
Native frames: (J=compiled Java code, j=interpreted, Vv=VM code, C=native code)
V  [jvm.dll+0x5ecfaa]
V  [jvm.dll+0x722bd5]
V  [jvm.dll+0x72412d]
V  [jvm.dll+0x7247e3]
V  [jvm.dll+0x242928]
V  [jvm.dll+0xbc4fc]
V  [jvm.dll+0xbca0c]
V  [jvm.dll+0x2b4fd4]
V  [jvm.dll+0x506028]
V  [jvm.dll+0x1fccf6]
V  [jvm.dll+0x1fa77f]
V  [jvm.dll+0x18354c]
V  [jvm.dll+0x208ee7]
V  [jvm.dll+0x207731]
V  [jvm.dll+0x6eb1cf]
V  [jvm.dll+0x6e3d45]
V  [jvm.dll+0x5ebe96]
C  [ucrtbase.dll+0x26c0c]
C  [KERNEL32.DLL+0x154e0]
C  [ntdll.dll+0x485b]


---------------  P R O C E S S  ---------------

Threads class SMR info:
_java_thread_list=0x000002204adbaca0, length=50, elements={
0x0000022029561000, 0x00000220439c9800, 0x00000220439d3000, 0x0000022044365000,
0x0000022044366000, 0x0000022044369800, 0x000002204436b800, 0x0000022044370000,
0x00000220439e7000, 0x00000220444bd800, 0x00000220463b6000, 0x0000022044624000,
0x0000022044a30800, 0x0000022045eee800, 0x0000022046be7000, 0x0000022046c71800,
0x0000022045ecc000, 0x00000220465d7000, 0x00000220464de000, 0x000002204760e000,
0x000002204760f000, 0x000002204760d800, 0x000002204760b800, 0x00000220467e1000,
0x0000022047610800, 0x000002204760b000, 0x0000022047611800, 0x000002204760c800,
0x000002204760f800, 0x0000022046da9000, 0x0000022046da8000, 0x0000022046da7000,
0x0000022046dac000, 0x0000022046db0000, 0x0000022046daa800, 0x0000022046dab000,
0x0000022046daf800, 0x0000022046dad800, 0x0000022046db1000, 0x0000022046db5000,
0x0000022046db6000, 0x0000022046db2000, 0x0000022046db2800, 0x0000022046db3800,
0x0000022046db4000, 0x000002204b1f0000, 0x000002204b1f3800, 0x000002204b1f4800,
0x000002204b1ef800, 0x000002204b1f1000
}

Java Threads: ( => current thread )
  0x0000022029561000 JavaThread "main" [_thread_blocked, id=14144, stack(0x0000007f5c300000,0x0000007f5c400000)]
  0x00000220439c9800 JavaThread "Reference Handler" daemon [_thread_blocked, id=16352, stack(0x0000007f5ca00000,0x0000007f5cb00000)]
  0x00000220439d3000 JavaThread "Finalizer" daemon [_thread_blocked, id=16756, stack(0x0000007f5cb00000,0x0000007f5cc00000)]
  0x0000022044365000 JavaThread "Signal Dispatcher" daemon [_thread_blocked, id=17488, stack(0x0000007f5cc00000,0x0000007f5cd00000)]
  0x0000022044366000 JavaThread "Attach Listener" daemon [_thread_blocked, id=19100, stack(0x0000007f5cd00000,0x0000007f5ce00000)]
  0x0000022044369800 JavaThread "Service Thread" daemon [_thread_blocked, id=6220, stack(0x0000007f5ce00000,0x0000007f5cf00000)]
  0x000002204436b800 JavaThread "C2 CompilerThread0" daemon [_thread_in_native, id=13652, stack(0x0000007f5cf00000,0x0000007f5d000000)]
  0x0000022044370000 JavaThread "C1 CompilerThread0" daemon [_thread_in_vm, id=8324, stack(0x0000007f5d000000,0x0000007f5d100000)]
  0x00000220439e7000 JavaThread "Sweeper thread" daemon [_thread_blocked, id=10912, stack(0x0000007f5d100000,0x0000007f5d200000)]
  0x00000220444bd800 JavaThread "Common-Cleaner" daemon [_thread_blocked, id=7988, stack(0x0000007f5d200000,0x0000007f5d300000)]
  0x00000220463b6000 JavaThread "Daemon health stats" [_thread_blocked, id=18992, stack(0x0000007f5d700000,0x0000007f5d800000)]
  0x0000022044624000 JavaThread "Incoming local TCP Connector on port 55588" [_thread_in_native, id=18684, stack(0x0000007f5d400000,0x0000007f5d500000)]
  0x0000022044a30800 JavaThread "Daemon periodic checks" [_thread_blocked, id=8068, stack(0x0000007f5d800000,0x0000007f5d900000)]
  0x0000022045eee800 JavaThread "Daemon" [_thread_blocked, id=17032, stack(0x0000007f5d900000,0x0000007f5da00000)]
  0x0000022046be7000 JavaThread "Handler for socket connection from /127.0.0.1:55588 to /127.0.0.1:55589" [_thread_in_native, id=5576, stack(0x0000007f5da00000,0x0000007f5db00000)]
  0x0000022046c71800 JavaThread "Cancel handler" [_thread_blocked, id=11424, stack(0x0000007f5db00000,0x0000007f5dc00000)]
  0x0000022045ecc000 JavaThread "Daemon worker" [_thread_in_native, id=18288, stack(0x0000007f5dc00000,0x0000007f5dd00000)]
  0x00000220465d7000 JavaThread "Asynchronous log dispatcher for DefaultDaemonConnection: socket connection from /127.0.0.1:55588 to /127.0.0.1:55589" [_thread_blocked, id=11644, stack(0x0000007f5dd00000,0x0000007f5de00000)]
  0x00000220464de000 JavaThread "Stdin handler" [_thread_blocked, id=13088, stack(0x0000007f5de00000,0x0000007f5df00000)]
  0x000002204760e000 JavaThread "Daemon client event forwarder" [_thread_blocked, id=15448, stack(0x0000007f5df00000,0x0000007f5e000000)]
  0x000002204760f000 JavaThread "Cache worker for file hash cache (C:\Users\ACER\.gradle\caches\7.0.2\fileHashes)" [_thread_blocked, id=12820, stack(0x0000007f5e500000,0x0000007f5e600000)]
  0x000002204760d800 JavaThread "File lock request listener" [_thread_in_native, id=11152, stack(0x0000007f5e600000,0x0000007f5e700000)]
  0x000002204760b800 JavaThread "Cache worker for journal cache (C:\Users\ACER\.gradle\caches\journal-1)" [_thread_blocked, id=9608, stack(0x0000007f5e800000,0x0000007f5e900000)]
=>0x00000220467e1000 JavaThread "C2 CompilerThread1" daemon [_thread_in_native, id=17416, stack(0x0000007f5e900000,0x0000007f5ea00000)]
  0x0000022047610800 JavaThread "Cache worker for file hash cache (D:\CODE_MOBILE\JavaProject\.gradle\7.0.2\fileHashes)" [_thread_blocked, id=5956, stack(0x0000007f5ea00000,0x0000007f5eb00000)]
  0x000002204760b000 JavaThread "File watcher server" daemon [_thread_in_native, id=3308, stack(0x0000007f5eb00000,0x0000007f5ec00000)]
  0x0000022047611800 JavaThread "File watcher consumer" daemon [_thread_blocked, id=712, stack(0x0000007f5ec00000,0x0000007f5ed00000)]
  0x000002204760c800 JavaThread "Cache worker for checksums cache (D:\CODE_MOBILE\JavaProject\.gradle\checksums)" [_thread_blocked, id=15724, stack(0x0000007f5ed00000,0x0000007f5ee00000)]
  0x000002204760f800 JavaThread "Cache worker for cache directory md-supplier (C:\Users\ACER\.gradle\caches\7.0.2\md-supplier)" [_thread_blocked, id=17756, stack(0x0000007f5ee00000,0x0000007f5ef00000)]
  0x0000022046da9000 JavaThread "Cache worker for cache directory md-rule (C:\Users\ACER\.gradle\caches\7.0.2\md-rule)" [_thread_blocked, id=16336, stack(0x0000007f5ef00000,0x0000007f5f000000)]
  0x0000022046da8000 JavaThread "Cache worker for execution history cache (C:\Users\ACER\.gradle\caches\7.0.2\executionHistory)" [_thread_blocked, id=19612, stack(0x0000007f5f000000,0x0000007f5f100000)]
  0x0000022046da7000 JavaThread "jar transforms" [_thread_blocked, id=16036, stack(0x0000007f5f100000,0x0000007f5f200000)]
  0x0000022046dac000 JavaThread "jar transforms Thread 2" [_thread_blocked, id=13840, stack(0x0000007f5f200000,0x0000007f5f300000)]
  0x0000022046db0000 JavaThread "Cache worker for file content cache (C:\Users\ACER\.gradle\caches\7.0.2\fileContent)" [_thread_blocked, id=18644, stack(0x0000007f5f300000,0x0000007f5f400000)]
  0x0000022046daa800 JavaThread "Cache worker for dependencies-accessors (D:\CODE_MOBILE\JavaProject\.gradle\7.0.2\dependencies-accessors)" [_thread_blocked, id=1076, stack(0x0000007f5f400000,0x0000007f5f500000)]
  0x0000022046dab000 JavaThread "jar transforms Thread 3" [_thread_blocked, id=19968, stack(0x0000007f5f500000,0x0000007f5f600000)]
  0x0000022046daf800 JavaThread "Cache worker for Build Output Cleanup Cache (D:\CODE_MOBILE\JavaProject\.gradle\buildOutputCleanup)" [_thread_blocked, id=9536, stack(0x0000007f5f600000,0x0000007f5f700000)]
  0x0000022046dad800 JavaThread "Build operations" [_thread_blocked, id=7780, stack(0x0000007f5f700000,0x0000007f5f800000)]
  0x0000022046db1000 JavaThread "Build operations Thread 2" [_thread_blocked, id=11648, stack(0x0000007f5f800000,0x0000007f5f900000)]
  0x0000022046db5000 JavaThread "Build operations Thread 3" [_thread_blocked, id=13800, stack(0x0000007f5f900000,0x0000007f5fa00000)]
  0x0000022046db6000 JavaThread "Build operations Thread 4" [_thread_blocked, id=3688, stack(0x0000007f5fa00000,0x0000007f5fb00000)]
  0x0000022046db2000 JavaThread "Build operations Thread 5" [_thread_blocked, id=10836, stack(0x0000007f5fb00000,0x0000007f5fc00000)]
  0x0000022046db2800 JavaThread "Build operations Thread 6" [_thread_blocked, id=13424, stack(0x0000007f5fc00000,0x0000007f5fd00000)]
  0x0000022046db3800 JavaThread "Build operations Thread 7" [_thread_blocked, id=11284, stack(0x0000007f5fd00000,0x0000007f5fe00000)]
  0x0000022046db4000 JavaThread "Build operations Thread 8" [_thread_blocked, id=2540, stack(0x0000007f5fe00000,0x0000007f5ff00000)]
  0x000002204b1f0000 JavaThread "jar transforms Thread 4" [_thread_blocked, id=5924, stack(0x0000007f5ff00000,0x0000007f60000000)]
  0x000002204b1f3800 JavaThread "jar transforms Thread 5" [_thread_blocked, id=1424, stack(0x0000007f60000000,0x0000007f60100000)]
  0x000002204b1f4800 JavaThread "jar transforms Thread 6" [_thread_blocked, id=20028, stack(0x0000007f60100000,0x0000007f60200000)]
  0x000002204b1ef800 JavaThread "jar transforms Thread 7" [_thread_blocked, id=4788, stack(0x0000007f60200000,0x0000007f60300000)]
  0x000002204b1f1000 JavaThread "jar transforms Thread 8" [_thread_blocked, id=12628, stack(0x0000007f60300000,0x0000007f60400000)]

Other Threads:
  0x00000220439c6000 VMThread "VM Thread" [stack: 0x0000007f5c900000,0x0000007f5ca00000] [id=17336]
  0x00000220444c5000 WatcherThread [stack: 0x0000007f5d300000,0x0000007f5d400000] [id=15924]
  0x000002202957a800 GCTaskThread "GC Thread#0" [stack: 0x0000007f5c400000,0x0000007f5c500000] [id=15616]
  0x0000022044b16000 GCTaskThread "GC Thread#1" [stack: 0x0000007f5d500000,0x0000007f5d600000] [id=18068]
  0x00000220452c5000 GCTaskThread "GC Thread#2" [stack: 0x0000007f5d600000,0x0000007f5d700000] [id=15904]
  0x0000022045383000 GCTaskThread "GC Thread#3" [stack: 0x0000007f5e000000,0x0000007f5e100000] [id=10468]
  0x00000220465d8000 GCTaskThread "GC Thread#4" [stack: 0x0000007f5e100000,0x0000007f5e200000] [id=20116]
  0x0000022047615000 GCTaskThread "GC Thread#5" [stack: 0x0000007f5e200000,0x0000007f5e300000] [id=11196]
  0x00000220473f2800 GCTaskThread "GC Thread#6" [stack: 0x0000007f5e300000,0x0000007f5e400000] [id=19544]
  0x00000220465d5000 GCTaskThread "GC Thread#7" [stack: 0x0000007f5e400000,0x0000007f5e500000] [id=5476]
  0x00000220295ad000 ConcurrentGCThread "G1 Main Marker" [stack: 0x0000007f5c500000,0x0000007f5c600000] [id=17564]
  0x00000220295ae000 ConcurrentGCThread "G1 Conc#0" [stack: 0x0000007f5c600000,0x0000007f5c700000] [id=12388]
  0x0000022045da9000 ConcurrentGCThread "G1 Conc#1" [stack: 0x0000007f5e700000,0x0000007f5e800000] [id=14940]
  0x0000022043810800 ConcurrentGCThread "G1 Refine#0" [stack: 0x0000007f5c700000,0x0000007f5c800000] [id=1312]
  0x0000022043811800 ConcurrentGCThread "G1 Young RemSet Sampling" [stack: 0x0000007f5c800000,0x0000007f5c900000] [id=19312]

Threads with active compile tasks:
C2 CompilerThread0   9572 5096       4       org.codehaus.groovy.runtime.metaclass.MetaMethodIndex::isMatchingMethod (61 bytes)
C1 CompilerThread0   9572 5194   !   3       org.gradle.internal.classloader.FilteringClassLoader::loadClass (62 bytes)
C2 CompilerThread1   9572 5095       4       org.codehaus.groovy.runtime.metaclass.MetaMethodIndex::addMethodToList (131 bytes)

VM state:not at safepoint (normal execution)

VM Mutex/Monitor currently owned by a thread: None

Heap address: 0x0000000080000000, size: 2048 MB, Compressed Oops mode: 32-bit
Narrow klass base: 0x0000000000000000, Narrow klass shift: 3
Compressed class space size: 1073741824 Address: 0x0000000100000000

Heap:
 garbage-first heap   total 155648K, used 51940K [0x0000000080000000, 0x0000000100000000)
  region size 1024K, 21 young (21504K), 10 survivors (10240K)
 Metaspace       used 48667K, capacity 50033K, committed 50172K, reserved 1093632K
  class space    used 6219K, capacity 6713K, committed 6784K, reserved 1048576K
Heap Regions: E=young(eden), S=young(survivor), O=old, HS=humongous(starts), HC=humongous(continues), CS=collection set, F=free, A=archive, TAMS=top-at-mark-start (previous, next)
|   0|0x0000000080000000, 0x0000000080100000, 0x0000000080100000|100%| O|  |TAMS 0x0000000080100000, 0x0000000080000000| Untracked 
|   1|0x0000000080100000, 0x0000000080200000, 0x0000000080200000|100%| O|  |TAMS 0x0000000080200000, 0x0000000080100000| Untracked 
|   2|0x0000000080200000, 0x0000000080300000, 0x0000000080300000|100%| O|  |TAMS 0x0000000080300000, 0x0000000080200000| Untracked 
|   3|0x0000000080300000, 0x0000000080400000, 0x0000000080400000|100%|HS|  |TAMS 0x0000000080400000, 0x0000000080300000| Complete 
|   4|0x0000000080400000, 0x0000000080500000, 0x0000000080500000|100%|HC|  |TAMS 0x0000000080500000, 0x0000000080400000| Complete 
|   5|0x0000000080500000, 0x0000000080600000, 0x0000000080600000|100%|HC|  |TAMS 0x0000000080600000, 0x0000000080500000| Complete 
|   6|0x0000000080600000, 0x0000000080700000, 0x0000000080700000|100%| O|  |TAMS 0x0000000080700000, 0x0000000080600000| Untracked 
|   7|0x0000000080700000, 0x0000000080800000, 0x0000000080800000|100%| O|  |TAMS 0x0000000080800000, 0x0000000080700000| Untracked 
|   8|0x0000000080800000, 0x0000000080900000, 0x0000000080900000|100%| O|  |TAMS 0x0000000080900000, 0x0000000080800000| Untracked 
|   9|0x0000000080900000, 0x0000000080a00000, 0x0000000080a00000|100%| O|  |TAMS 0x0000000080a00000, 0x0000000080900000| Untracked 
|  10|0x0000000080a00000, 0x0000000080b00000, 0x0000000080b00000|100%| O|  |TAMS 0x0000000080b00000, 0x0000000080a00000| Untracked 
|  11|0x0000000080b00000, 0x0000000080c00000, 0x0000000080c00000|100%| O|  |TAMS 0x0000000080c00000, 0x0000000080b00000| Untracked 
|  12|0x0000000080c00000, 0x0000000080d00000, 0x0000000080d00000|100%| O|  |TAMS 0x0000000080d00000, 0x0000000080c00000| Untracked 
|  13|0x0000000080d00000, 0x0000000080e00000, 0x0000000080e00000|100%| O|  |TAMS 0x0000000080e00000, 0x0000000080d00000| Untracked 
|  14|0x0000000080e00000, 0x0000000080f00000, 0x0000000080f00000|100%| O|  |TAMS 0x0000000080f00000, 0x0000000080e00000| Untracked 
|  15|0x0000000080f00000, 0x0000000081000000, 0x0000000081000000|100%| O|  |TAMS 0x0000000081000000, 0x0000000080f00000| Untracked 
|  16|0x0000000081000000, 0x0000000081100000, 0x0000000081100000|100%| O|  |TAMS 0x0000000081100000, 0x0000000081000000| Untracked 
|  17|0x0000000081100000, 0x0000000081200000, 0x0000000081200000|100%| O|  |TAMS 0x0000000081200000, 0x0000000081100000| Untracked 
|  18|0x0000000081200000, 0x0000000081300000, 0x0000000081300000|100%| O|  |TAMS 0x00000000812b5000, 0x0000000081200000| Untracked 
|  19|0x0000000081300000, 0x0000000081400000, 0x0000000081400000|100%|HS|  |TAMS 0x0000000081300000, 0x0000000081300000| Complete 
|  20|0x0000000081400000, 0x0000000081500000, 0x0000000081500000|100%|HS|  |TAMS 0x0000000081400000, 0x0000000081400000| Complete 
|  21|0x0000000081500000, 0x0000000081600000, 0x0000000081600000|100%| O|  |TAMS 0x0000000081500000, 0x0000000081500000| Untracked 
|  22|0x0000000081600000, 0x0000000081700000, 0x0000000081700000|100%| O|  |TAMS 0x0000000081600000, 0x0000000081600000| Untracked 
|  23|0x0000000081700000, 0x0000000081800000, 0x0000000081800000|100%| O|  |TAMS 0x0000000081700000, 0x0000000081700000| Untracked 
|  24|0x0000000081800000, 0x0000000081900000, 0x0000000081900000|100%| O|  |TAMS 0x0000000081800000, 0x0000000081800000| Untracked 
|  25|0x0000000081900000, 0x0000000081a00000, 0x0000000081a00000|100%| O|  |TAMS 0x0000000081900000, 0x0000000081900000| Untracked 
|  26|0x0000000081a00000, 0x0000000081b00000, 0x0000000081b00000|100%|HS|  |TAMS 0x0000000081a00000, 0x0000000081a00000| Complete 
|  27|0x0000000081b00000, 0x0000000081c00000, 0x0000000081c00000|100%|HC|  |TAMS 0x0000000081b00000, 0x0000000081b00000| Complete 
|  28|0x0000000081c00000, 0x0000000081d00000, 0x0000000081d00000|100%| O|  |TAMS 0x0000000081c00000, 0x0000000081c00000| Untracked 
|  29|0x0000000081d00000, 0x0000000081e00000, 0x0000000081e00000|100%| O|  |TAMS 0x0000000081d00000, 0x0000000081d00000| Untracked 
|  30|0x0000000081e00000, 0x0000000081eb9000, 0x0000000081f00000| 72%| O|  |TAMS 0x0000000081e00000, 0x0000000081e00000| Untracked 
|  31|0x0000000081f00000, 0x0000000081f00000, 0x0000000082000000|  0%| F|  |TAMS 0x0000000081f00000, 0x0000000081f00000| Untracked 
|  32|0x0000000082000000, 0x0000000082000000, 0x0000000082100000|  0%| F|  |TAMS 0x0000000082000000, 0x0000000082000000| Untracked 
|  33|0x0000000082100000, 0x0000000082100000, 0x0000000082200000|  0%| F|  |TAMS 0x0000000082100000, 0x0000000082100000| Untracked 
|  34|0x0000000082200000, 0x0000000082200000, 0x0000000082300000|  0%| F|  |TAMS 0x0000000082200000, 0x0000000082200000| Untracked 
|  35|0x0000000082300000, 0x0000000082300000, 0x0000000082400000|  0%| F|  |TAMS 0x0000000082300000, 0x0000000082300000| Untracked 
|  36|0x0000000082400000, 0x0000000082400000, 0x0000000082500000|  0%| F|  |TAMS 0x0000000082400000, 0x0000000082400000| Untracked 
|  37|0x0000000082500000, 0x0000000082500000, 0x0000000082600000|  0%| F|  |TAMS 0x0000000082500000, 0x0000000082500000| Untracked 
|  38|0x0000000082600000, 0x0000000082600000, 0x0000000082700000|  0%| F|  |TAMS 0x0000000082600000, 0x0000000082600000| Untracked 
|  39|0x0000000082700000, 0x0000000082700000, 0x0000000082800000|  0%| F|  |TAMS 0x0000000082700000, 0x0000000082700000| Untracked 
|  40|0x0000000082800000, 0x0000000082800000, 0x0000000082900000|  0%| F|  |TAMS 0x0000000082800000, 0x0000000082800000| Untracked 
|  41|0x0000000082900000, 0x0000000082900000, 0x0000000082a00000|  0%| F|  |TAMS 0x0000000082900000, 0x0000000082900000| Untracked 
|  42|0x0000000082a00000, 0x0000000082a00000, 0x0000000082b00000|  0%| F|  |TAMS 0x0000000082a00000, 0x0000000082a00000| Untracked 
|  43|0x0000000082b00000, 0x0000000082b00000, 0x0000000082c00000|  0%| F|  |TAMS 0x0000000082b00000, 0x0000000082b00000| Untracked 
|  44|0x0000000082c00000, 0x0000000082c00000, 0x0000000082d00000|  0%| F|  |TAMS 0x0000000082c00000, 0x0000000082c00000| Untracked 
|  45|0x0000000082d00000, 0x0000000082d00000, 0x0000000082e00000|  0%| F|  |TAMS 0x0000000082d00000, 0x0000000082d00000| Untracked 
|  46|0x0000000082e00000, 0x0000000082e00000, 0x0000000082f00000|  0%| F|  |TAMS 0x0000000082e00000, 0x0000000082e00000| Untracked 
|  47|0x0000000082f00000, 0x0000000082f00000, 0x0000000083000000|  0%| F|  |TAMS 0x0000000082f00000, 0x0000000082f00000| Untracked 
|  48|0x0000000083000000, 0x0000000083000000, 0x0000000083100000|  0%| F|  |TAMS 0x0000000083000000, 0x0000000083000000| Untracked 
|  49|0x0000000083100000, 0x0000000083100000, 0x0000000083200000|  0%| F|  |TAMS 0x0000000083100000, 0x0000000083100000| Untracked 
|  50|0x0000000083200000, 0x0000000083200000, 0x0000000083300000|  0%| F|  |TAMS 0x0000000083200000, 0x0000000083200000| Untracked 
|  51|0x0000000083300000, 0x0000000083300000, 0x0000000083400000|  0%| F|  |TAMS 0x0000000083300000, 0x0000000083300000| Untracked 
|  52|0x0000000083400000, 0x0000000083400000, 0x0000000083500000|  0%| F|  |TAMS 0x0000000083400000, 0x0000000083400000| Untracked 
|  53|0x0000000083500000, 0x0000000083500000, 0x0000000083600000|  0%| F|  |TAMS 0x0000000083500000, 0x0000000083500000| Untracked 
|  54|0x0000000083600000, 0x0000000083600000, 0x0000000083700000|  0%| F|  |TAMS 0x0000000083600000, 0x0000000083600000| Untracked 
|  55|0x0000000083700000, 0x0000000083700000, 0x0000000083800000|  0%| F|  |TAMS 0x0000000083700000, 0x0000000083700000| Untracked 
|  56|0x0000000083800000, 0x0000000083800000, 0x0000000083900000|  0%| F|  |TAMS 0x0000000083800000, 0x0000000083800000| Untracked 
|  57|0x0000000083900000, 0x0000000083900000, 0x0000000083a00000|  0%| F|  |TAMS 0x0000000083900000, 0x0000000083900000| Untracked 
|  58|0x0000000083a00000, 0x0000000083a00000, 0x0000000083b00000|  0%| F|  |TAMS 0x0000000083a00000, 0x0000000083a00000| Untracked 
|  59|0x0000000083b00000, 0x0000000083b00000, 0x0000000083c00000|  0%| F|  |TAMS 0x0000000083b00000, 0x0000000083b00000| Untracked 
|  60|0x0000000083c00000, 0x0000000083c00000, 0x0000000083d00000|  0%| F|  |TAMS 0x0000000083c00000, 0x0000000083c00000| Untracked 
|  61|0x0000000083d00000, 0x0000000083d00000, 0x0000000083e00000|  0%| F|  |TAMS 0x0000000083d00000, 0x0000000083d00000| Untracked 
|  62|0x0000000083e00000, 0x0000000083e00000, 0x0000000083f00000|  0%| F|  |TAMS 0x0000000083e00000, 0x0000000083e00000| Untracked 
|  63|0x0000000083f00000, 0x0000000083f00000, 0x0000000084000000|  0%| F|  |TAMS 0x0000000083f00000, 0x0000000083f00000| Untracked 
|  64|0x0000000084000000, 0x0000000084000000, 0x0000000084100000|  0%| F|  |TAMS 0x0000000084000000, 0x0000000084000000| Untracked 
|  65|0x0000000084100000, 0x0000000084200000, 0x0000000084200000|100%| S|CS|TAMS 0x0000000084100000, 0x0000000084100000| Complete 
|  66|0x0000000084200000, 0x0000000084300000, 0x0000000084300000|100%| S|CS|TAMS 0x0000000084200000, 0x0000000084200000| Complete 
|  67|0x0000000084300000, 0x0000000084400000, 0x0000000084400000|100%| S|CS|TAMS 0x0000000084300000, 0x0000000084300000| Complete 
|  68|0x0000000084400000, 0x0000000084500000, 0x0000000084500000|100%| S|CS|TAMS 0x0000000084400000, 0x0000000084400000| Complete 
|  69|0x0000000084500000, 0x0000000084600000, 0x0000000084600000|100%| S|CS|TAMS 0x0000000084500000, 0x0000000084500000| Complete 
|  70|0x0000000084600000, 0x0000000084700000, 0x0000000084700000|100%| S|CS|TAMS 0x0000000084600000, 0x0000000084600000| Complete 
|  71|0x0000000084700000, 0x0000000084800000, 0x0000000084800000|100%| S|CS|TAMS 0x0000000084700000, 0x0000000084700000| Complete 
|  72|0x0000000084800000, 0x0000000084900000, 0x0000000084900000|100%| S|CS|TAMS 0x0000000084800000, 0x0000000084800000| Complete 
|  73|0x0000000084900000, 0x0000000084a00000, 0x0000000084a00000|100%| S|CS|TAMS 0x0000000084900000, 0x0000000084900000| Complete 
|  74|0x0000000084a00000, 0x0000000084b00000, 0x0000000084b00000|100%| S|CS|TAMS 0x0000000084a00000, 0x0000000084a00000| Complete 
|  75|0x0000000084b00000, 0x0000000084b00000, 0x0000000084c00000|  0%| F|  |TAMS 0x0000000084b00000, 0x0000000084b00000| Untracked 
|  76|0x0000000084c00000, 0x0000000084c00000, 0x0000000084d00000|  0%| F|  |TAMS 0x0000000084c00000, 0x0000000084c00000| Untracked 
|  77|0x0000000084d00000, 0x0000000084d00000, 0x0000000084e00000|  0%| F|  |TAMS 0x0000000084d00000, 0x0000000084d00000| Untracked 
|  78|0x0000000084e00000, 0x0000000084e00000, 0x0000000084f00000|  0%| F|  |TAMS 0x0000000084e00000, 0x0000000084e00000| Untracked 
|  79|0x0000000084f00000, 0x0000000084f00000, 0x0000000085000000|  0%| F|  |TAMS 0x0000000084f00000, 0x0000000084f00000| Untracked 
|  80|0x0000000085000000, 0x0000000085000000, 0x0000000085100000|  0%| F|  |TAMS 0x0000000085000000, 0x0000000085000000| Untracked 
|  81|0x0000000085100000, 0x0000000085100000, 0x0000000085200000|  0%| F|  |TAMS 0x0000000085100000, 0x0000000085100000| Untracked 
|  82|0x0000000085200000, 0x0000000085200000, 0x0000000085300000|  0%| F|  |TAMS 0x0000000085200000, 0x0000000085200000| Untracked 
|  83|0x0000000085300000, 0x0000000085300000, 0x0000000085400000|  0%| F|  |TAMS 0x0000000085300000, 0x0000000085300000| Untracked 
|  84|0x0000000085400000, 0x0000000085400000, 0x0000000085500000|  0%| F|  |TAMS 0x0000000085400000, 0x0000000085400000| Untracked 
|  85|0x0000000085500000, 0x0000000085500000, 0x0000000085600000|  0%| F|  |TAMS 0x0000000085500000, 0x0000000085500000| Untracked 
|  86|0x0000000085600000, 0x0000000085600000, 0x0000000085700000|  0%| F|  |TAMS 0x0000000085600000, 0x0000000085600000| Untracked 
|  87|0x0000000085700000, 0x0000000085700000, 0x0000000085800000|  0%| F|  |TAMS 0x0000000085700000, 0x0000000085700000| Untracked 
|  88|0x0000000085800000, 0x0000000085800000, 0x0000000085900000|  0%| F|  |TAMS 0x0000000085800000, 0x0000000085800000| Untracked 
|  89|0x0000000085900000, 0x0000000085900000, 0x0000000085a00000|  0%| F|  |TAMS 0x0000000085900000, 0x0000000085900000| Untracked 
|  90|0x0000000085a00000, 0x0000000085a00000, 0x0000000085b00000|  0%| F|  |TAMS 0x0000000085a00000, 0x0000000085a00000| Untracked 
|  91|0x0000000085b00000, 0x0000000085b00000, 0x0000000085c00000|  0%| F|  |TAMS 0x0000000085b00000, 0x0000000085b00000| Untracked 
|  92|0x0000000085c00000, 0x0000000085c00000, 0x0000000085d00000|  0%| F|  |TAMS 0x0000000085c00000, 0x0000000085c00000| Untracked 
|  93|0x0000000085d00000, 0x0000000085d00000, 0x0000000085e00000|  0%| F|  |TAMS 0x0000000085d00000, 0x0000000085d00000| Untracked 
|  94|0x0000000085e00000, 0x0000000085e00000, 0x0000000085f00000|  0%| F|  |TAMS 0x0000000085e00000, 0x0000000085e00000| Untracked 
|  95|0x0000000085f00000, 0x0000000085f00000, 0x0000000086000000|  0%| F|  |TAMS 0x0000000085f00000, 0x0000000085f00000| Untracked 
|  96|0x0000000086000000, 0x0000000086000000, 0x0000000086100000|  0%| F|  |TAMS 0x0000000086000000, 0x0000000086000000| Untracked 
|  97|0x0000000086100000, 0x0000000086100000, 0x0000000086200000|  0%| F|  |TAMS 0x0000000086100000, 0x0000000086100000| Untracked 
|  98|0x0000000086200000, 0x0000000086200000, 0x0000000086300000|  0%| F|  |TAMS 0x0000000086200000, 0x0000000086200000| Untracked 
|  99|0x0000000086300000, 0x0000000086300000, 0x0000000086400000|  0%| F|  |TAMS 0x0000000086300000, 0x0000000086300000| Untracked 
| 100|0x0000000086400000, 0x0000000086400000, 0x0000000086500000|  0%| F|  |TAMS 0x0000000086400000, 0x0000000086400000| Untracked 
| 101|0x0000000086500000, 0x0000000086500000, 0x0000000086600000|  0%| F|  |TAMS 0x0000000086500000, 0x0000000086500000| Untracked 
| 102|0x0000000086600000, 0x0000000086600000, 0x0000000086700000|  0%| F|  |TAMS 0x0000000086600000, 0x0000000086600000| Untracked 
| 103|0x0000000086700000, 0x0000000086700000, 0x0000000086800000|  0%| F|  |TAMS 0x0000000086700000, 0x0000000086700000| Untracked 
| 104|0x0000000086800000, 0x0000000086800000, 0x0000000086900000|  0%| F|  |TAMS 0x0000000086800000, 0x0000000086800000| Untracked 
| 105|0x0000000086900000, 0x0000000086900000, 0x0000000086a00000|  0%| F|  |TAMS 0x0000000086900000, 0x0000000086900000| Untracked 
| 106|0x0000000086a00000, 0x0000000086a00000, 0x0000000086b00000|  0%| F|  |TAMS 0x0000000086a00000, 0x0000000086a00000| Untracked 
| 107|0x0000000086b00000, 0x0000000086b00000, 0x0000000086c00000|  0%| F|  |TAMS 0x0000000086b00000, 0x0000000086b00000| Untracked 
| 108|0x0000000086c00000, 0x0000000086c00000, 0x0000000086d00000|  0%| F|  |TAMS 0x0000000086c00000, 0x0000000086c00000| Untracked 
| 109|0x0000000086d00000, 0x0000000086d00000, 0x0000000086e00000|  0%| F|  |TAMS 0x0000000086d00000, 0x0000000086d00000| Untracked 
| 110|0x0000000086e00000, 0x0000000086e00000, 0x0000000086f00000|  0%| F|  |TAMS 0x0000000086e00000, 0x0000000086e00000| Untracked 
| 111|0x0000000086f00000, 0x0000000086f00000, 0x0000000087000000|  0%| F|  |TAMS 0x0000000086f00000, 0x0000000086f00000| Untracked 
| 112|0x0000000087000000, 0x0000000087000000, 0x0000000087100000|  0%| F|  |TAMS 0x0000000087000000, 0x0000000087000000| Untracked 
| 113|0x0000000087100000, 0x0000000087100000, 0x0000000087200000|  0%| F|  |TAMS 0x0000000087100000, 0x0000000087100000| Untracked 
| 114|0x0000000087200000, 0x0000000087200000, 0x0000000087300000|  0%| F|  |TAMS 0x0000000087200000, 0x0000000087200000| Untracked 
| 115|0x0000000087300000, 0x0000000087300000, 0x0000000087400000|  0%| F|  |TAMS 0x0000000087300000, 0x0000000087300000| Untracked 
| 116|0x0000000087400000, 0x0000000087400000, 0x0000000087500000|  0%| F|  |TAMS 0x0000000087400000, 0x0000000087400000| Untracked 
| 117|0x0000000087500000, 0x0000000087500000, 0x0000000087600000|  0%| F|  |TAMS 0x0000000087500000, 0x0000000087500000| Untracked 
| 118|0x0000000087600000, 0x0000000087600000, 0x0000000087700000|  0%| F|  |TAMS 0x0000000087600000, 0x0000000087600000| Untracked 
| 119|0x0000000087700000, 0x0000000087700000, 0x0000000087800000|  0%| F|  |TAMS 0x0000000087700000, 0x0000000087700000| Untracked 
| 120|0x0000000087800000, 0x0000000087800000, 0x0000000087900000|  0%| F|  |TAMS 0x0000000087800000, 0x0000000087800000| Untracked 
| 121|0x0000000087900000, 0x0000000087900000, 0x0000000087a00000|  0%| F|  |TAMS 0x0000000087900000, 0x0000000087900000| Untracked 
| 122|0x0000000087a00000, 0x0000000087a00000, 0x0000000087b00000|  0%| F|  |TAMS 0x0000000087a00000, 0x0000000087a00000| Untracked 
| 123|0x0000000087b00000, 0x0000000087b00000, 0x0000000087c00000|  0%| F|  |TAMS 0x0000000087b00000, 0x0000000087b00000| Untracked 
| 124|0x0000000087c00000, 0x0000000087c00000, 0x0000000087d00000|  0%| F|  |TAMS 0x0000000087c00000, 0x0000000087c00000| Untracked 
| 125|0x0000000087d00000, 0x0000000087d00000, 0x0000000087e00000|  0%| F|  |TAMS 0x0000000087d00000, 0x0000000087d00000| Untracked 
| 126|0x0000000087e00000, 0x0000000087e00000, 0x0000000087f00000|  0%| F|  |TAMS 0x0000000087e00000, 0x0000000087e00000| Untracked 
| 127|0x0000000087f00000, 0x0000000087f00000, 0x0000000088000000|  0%| F|  |TAMS 0x0000000087f00000, 0x0000000087f00000| Untracked 
| 128|0x0000000088000000, 0x0000000088000000, 0x0000000088100000|  0%| F|  |TAMS 0x0000000088000000, 0x0000000088000000| Untracked 
| 129|0x0000000088100000, 0x0000000088100000, 0x0000000088200000|  0%| F|  |TAMS 0x0000000088100000, 0x0000000088100000| Untracked 
| 130|0x0000000088200000, 0x0000000088200000, 0x0000000088300000|  0%| F|  |TAMS 0x0000000088200000, 0x0000000088200000| Untracked 
| 131|0x0000000088300000, 0x0000000088300000, 0x0000000088400000|  0%| F|  |TAMS 0x0000000088300000, 0x0000000088300000| Untracked 
| 132|0x0000000088400000, 0x0000000088400000, 0x0000000088500000|  0%| F|  |TAMS 0x0000000088400000, 0x0000000088400000| Untracked 
| 133|0x0000000088500000, 0x0000000088500000, 0x0000000088600000|  0%| F|  |TAMS 0x0000000088500000, 0x0000000088500000| Untracked 
| 134|0x0000000088600000, 0x0000000088600000, 0x0000000088700000|  0%| F|  |TAMS 0x0000000088600000, 0x0000000088600000| Untracked 
| 135|0x0000000088700000, 0x0000000088700000, 0x0000000088800000|  0%| F|  |TAMS 0x0000000088700000, 0x0000000088700000| Untracked 
| 136|0x0000000088800000, 0x0000000088800000, 0x0000000088900000|  0%| F|  |TAMS 0x0000000088800000, 0x0000000088800000| Untracked 
| 137|0x0000000088900000, 0x0000000088900000, 0x0000000088a00000|  0%| F|  |TAMS 0x0000000088900000, 0x0000000088900000| Untracked 
| 138|0x0000000088a00000, 0x0000000088a00000, 0x0000000088b00000|  0%| F|  |TAMS 0x0000000088a00000, 0x0000000088a00000| Untracked 
| 139|0x0000000088b00000, 0x0000000088b00000, 0x0000000088c00000|  0%| F|  |TAMS 0x0000000088b00000, 0x0000000088b00000| Untracked 
| 140|0x0000000088c00000, 0x0000000088c00000, 0x0000000088d00000|  0%| F|  |TAMS 0x0000000088c00000, 0x0000000088c00000| Untracked 
| 141|0x0000000088d00000, 0x0000000088e00000, 0x0000000088e00000|100%| E|  |TAMS 0x0000000088d00000, 0x0000000088d00000| Complete 
| 142|0x0000000088e00000, 0x0000000088f00000, 0x0000000088f00000|100%| E|CS|TAMS 0x0000000088e00000, 0x0000000088e00000| Complete 
| 143|0x0000000088f00000, 0x0000000089000000, 0x0000000089000000|100%| E|CS|TAMS 0x0000000088f00000, 0x0000000088f00000| Complete 
| 144|0x0000000089000000, 0x0000000089100000, 0x0000000089100000|100%| E|CS|TAMS 0x0000000089000000, 0x0000000089000000| Complete 
| 145|0x0000000089100000, 0x0000000089200000, 0x0000000089200000|100%| E|CS|TAMS 0x0000000089100000, 0x0000000089100000| Complete 
| 146|0x0000000089200000, 0x0000000089300000, 0x0000000089300000|100%| E|CS|TAMS 0x0000000089200000, 0x0000000089200000| Complete 
| 147|0x0000000089300000, 0x0000000089400000, 0x0000000089400000|100%| E|CS|TAMS 0x0000000089300000, 0x0000000089300000| Complete 
| 148|0x0000000089400000, 0x0000000089500000, 0x0000000089500000|100%| E|CS|TAMS 0x0000000089400000, 0x0000000089400000| Complete 
| 149|0x0000000089500000, 0x0000000089600000, 0x0000000089600000|100%| E|CS|TAMS 0x0000000089500000, 0x0000000089500000| Complete 
| 150|0x0000000089600000, 0x0000000089700000, 0x0000000089700000|100%| E|CS|TAMS 0x0000000089600000, 0x0000000089600000| Complete 
| 151|0x0000000089700000, 0x0000000089800000, 0x0000000089800000|100%| E|CS|TAMS 0x0000000089700000, 0x0000000089700000| Complete 

Card table byte_map: [0x000002203c780000,0x000002203cb80000] _byte_map_base: 0x000002203c380000

Marking Bits (Prev, Next): (CMBitMap*) 0x00000220295a4318, (CMBitMap*) 0x00000220295a4350
 Prev Bits: [0x000002203cf80000, 0x000002203ef80000)
 Next Bits: [0x000002203ef80000, 0x0000022040f80000)

Polling page: 0x0000022028d40000

Metaspace:

Usage:
  Non-class:     42.30 MB capacity,    41.49 MB ( 98%) used,   705.68 KB (  2%) free+waste,   129.00 KB ( <1%) overhead. 
      Class:      6.56 MB capacity,     6.07 MB ( 93%) used,   431.73 KB (  6%) free+waste,    61.69 KB ( <1%) overhead. 
       Both:     48.86 MB capacity,    47.56 MB ( 97%) used,     1.11 MB (  2%) free+waste,   190.69 KB ( <1%) overhead. 

Virtual space:
  Non-class space:       44.00 MB reserved,      42.37 MB ( 96%) committed 
      Class space:        1.00 GB reserved,       6.63 MB ( <1%) committed 
             Both:        1.04 GB reserved,      49.00 MB (  5%) committed 

Chunk freelists:
   Non-Class:  4.00 KB
       Class:  7.00 KB
        Both:  11.00 KB

MaxMetaspaceSize: 17179869184.00 GB
CompressedClassSpaceSize: 1.00 GB

CodeHeap 'non-profiled nmethods': size=120000Kb used=2560Kb max_used=2560Kb free=117439Kb
 bounds [0x0000022034b20000, 0x0000022034db0000, 0x000002203c050000]
CodeHeap 'profiled nmethods': size=120000Kb used=10430Kb max_used=10430Kb free=109569Kb
 bounds [0x000002202d5f0000, 0x000002202e020000, 0x0000022034b20000]
CodeHeap 'non-nmethods': size=5760Kb used=2218Kb max_used=2265Kb free=3541Kb
 bounds [0x000002202d050000, 0x000002202d2c0000, 0x000002202d5f0000]
 total_blobs=5919 nmethods=5130 adapters=700
 compilation: enabled
              stopped_count=0, restarted_count=0
 full_count=0

Compilation events (20 events):
Event: 9.490 Thread 0x0000022044370000 5177       3       org.gradle.internal.classloader.FilteringClassLoader$TrieSet::find (9 bytes)
Event: 9.490 Thread 0x0000022044370000 nmethod 5177 0x000002202e010e90 code [0x000002202e011040, 0x000002202e011188]
Event: 9.499 Thread 0x0000022044370000 5179       3       com.google.common.collect.MapMakerInternalMap$Segment::getEntry (80 bytes)
Event: 9.501 Thread 0x0000022044370000 nmethod 5179 0x000002202e011290 code [0x000002202e011600, 0x000002202e012da8]
Event: 9.508 Thread 0x0000022044370000 5180       1       com.google.common.collect.MapMakerInternalMap$AbstractStrongKeyEntry::getKey (5 bytes)
Event: 9.509 Thread 0x0000022044370000 nmethod 5180 0x0000022034da0010 code [0x0000022034da01c0, 0x0000022034da0278]
Event: 9.526 Thread 0x0000022044370000 5182       3       org.gradle.internal.Describables$AbstractDescribable::<init> (5 bytes)
Event: 9.527 Thread 0x0000022044370000 nmethod 5182 0x000002202e013510 code [0x000002202e0136c0, 0x000002202e013878]
Event: 9.527 Thread 0x0000022044370000 5183       3       org.gradle.internal.Describables$AbstractDescribable::<init> (5 bytes)
Event: 9.527 Thread 0x0000022044370000 nmethod 5183 0x000002202e013990 code [0x000002202e013b40, 0x000002202e013c98]
Event: 9.533 Thread 0x0000022044370000 5184       3       com.google.common.collect.MapMakerInternalMap$StrongKeyWeakValueEntry::<init> (15 bytes)
Event: 9.534 Thread 0x0000022044370000 nmethod 5184 0x000002202e013d90 code [0x000002202e013f60, 0x000002202e014298]
Event: 9.534 Thread 0x0000022044370000 5185       3       com.google.common.collect.MapMakerInternalMap$AbstractStrongKeyEntry::<init> (20 bytes)
Event: 9.534 Thread 0x0000022044370000 nmethod 5185 0x000002202e014390 code [0x000002202e014540, 0x000002202e014758]
Event: 9.535 Thread 0x0000022044370000 5186   !   3       org.gradle.internal.classloader.CachingClassLoader::loadClass (85 bytes)
Event: 9.536 Thread 0x0000022044370000 nmethod 5186 0x000002202e014810 code [0x000002202e014a20, 0x000002202e015128]
Event: 9.536 Thread 0x0000022044370000 5187       3       com.google.common.collect.MapMakerInternalMap::get (23 bytes)
Event: 9.536 Thread 0x0000022044370000 nmethod 5187 0x000002202e015310 code [0x000002202e015520, 0x000002202e015a08]
Event: 9.536 Thread 0x0000022044370000 5188       3       com.google.common.collect.MapMakerInternalMap$Segment::postReadCleanup (18 bytes)
Event: 9.537 Thread 0x0000022044370000 nmethod 5188 0x000002202e015c10 code [0x000002202e015de0, 0x000002202e016128]

GC Heap History (20 events):
Event: 0.874 GC heap before
{Heap before GC invocations=0 (full 0):
 garbage-first heap   total 129024K, used 29696K [0x0000000080000000, 0x0000000100000000)
  region size 1024K, 24 young (24576K), 0 survivors (0K)
 Metaspace       used 9791K, capacity 9986K, committed 10112K, reserved 1058816K
  class space    used 1021K, capacity 1102K, committed 1152K, reserved 1048576K
}
Event: 0.881 GC heap after
{Heap after GC invocations=1 (full 0):
 garbage-first heap   total 129024K, used 9227K [0x0000000080000000, 0x0000000100000000)
  region size 1024K, 3 young (3072K), 3 survivors (3072K)
 Metaspace       used 9791K, capacity 9986K, committed 10112K, reserved 1058816K
  class space    used 1021K, capacity 1102K, committed 1152K, reserved 1048576K
}
Event: 1.189 GC heap before
{Heap before GC invocations=1 (full 0):
 garbage-first heap   total 129024K, used 30731K [0x0000000080000000, 0x0000000100000000)
  region size 1024K, 24 young (24576K), 3 survivors (3072K)
 Metaspace       used 10717K, capacity 11003K, committed 11264K, reserved 1058816K
  class space    used 1122K, capacity 1206K, committed 1280K, reserved 1048576K
}
Event: 1.194 GC heap after
{Heap after GC invocations=2 (full 0):
 garbage-first heap   total 129024K, used 10289K [0x0000000080000000, 0x0000000100000000)
  region size 1024K, 1 young (1024K), 1 survivors (1024K)
 Metaspace       used 10717K, capacity 11003K, committed 11264K, reserved 1058816K
  class space    used 1122K, capacity 1206K, committed 1280K, reserved 1048576K
}
Event: 3.918 GC heap before
{Heap before GC invocations=2 (full 0):
 garbage-first heap   total 129024K, used 62513K [0x0000000080000000, 0x0000000100000000)
  region size 1024K, 52 young (53248K), 1 survivors (1024K)
 Metaspace       used 17693K, capacity 18086K, committed 18176K, reserved 1064960K
  class space    used 2084K, capacity 2236K, committed 2304K, reserved 1048576K
}
Event: 3.923 GC heap after
{Heap after GC invocations=3 (full 0):
 garbage-first heap   total 129024K, used 16525K [0x0000000080000000, 0x0000000100000000)
  region size 1024K, 7 young (7168K), 7 survivors (7168K)
 Metaspace       used 17693K, capacity 18086K, committed 18176K, reserved 1064960K
  class space    used 2084K, capacity 2236K, committed 2304K, reserved 1048576K
}
Event: 4.338 GC heap before
{Heap before GC invocations=3 (full 0):
 garbage-first heap   total 129024K, used 39053K [0x0000000080000000, 0x0000000100000000)
  region size 1024K, 30 young (30720K), 7 survivors (7168K)
 Metaspace       used 20607K, capacity 21150K, committed 21296K, reserved 1069056K
  class space    used 2513K, capacity 2688K, committed 2688K, reserved 1048576K
}
Event: 4.348 GC heap after
{Heap after GC invocations=4 (full 0):
 garbage-first heap   total 129024K, used 17587K [0x0000000080000000, 0x0000000100000000)
  region size 1024K, 1 young (1024K), 1 survivors (1024K)
 Metaspace       used 20607K, capacity 21150K, committed 21296K, reserved 1069056K
  class space    used 2513K, capacity 2688K, committed 2688K, reserved 1048576K
}
Event: 5.069 GC heap before
{Heap before GC invocations=5 (full 0):
 garbage-first heap   total 129024K, used 69811K [0x0000000080000000, 0x0000000100000000)
  region size 1024K, 52 young (53248K), 1 survivors (1024K)
 Metaspace       used 25865K, capacity 26421K, committed 26672K, reserved 1073152K
  class space    used 3379K, capacity 3599K, committed 3712K, reserved 1048576K
}
Event: 5.073 GC heap after
{Heap after GC invocations=6 (full 0):
 garbage-first heap   total 129024K, used 19255K [0x0000000080000000, 0x0000000100000000)
  region size 1024K, 3 young (3072K), 3 survivors (3072K)
 Metaspace       used 25865K, capacity 26421K, committed 26672K, reserved 1073152K
  class space    used 3379K, capacity 3599K, committed 3712K, reserved 1048576K
}
Event: 6.150 GC heap before
{Heap before GC invocations=6 (full 0):
 garbage-first heap   total 129024K, used 75575K [0x0000000080000000, 0x0000000100000000)
  region size 1024K, 58 young (59392K), 3 survivors (3072K)
 Metaspace       used 34435K, capacity 35254K, committed 35504K, reserved 1079296K
  class space    used 4471K, capacity 4800K, committed 4864K, reserved 1048576K
}
Event: 6.156 GC heap after
{Heap after GC invocations=7 (full 0):
 garbage-first heap   total 129024K, used 22807K [0x0000000080000000, 0x0000000100000000)
  region size 1024K, 6 young (6144K), 6 survivors (6144K)
 Metaspace       used 34435K, capacity 35254K, committed 35504K, reserved 1079296K
  class space    used 4471K, capacity 4800K, committed 4864K, reserved 1048576K
}
Event: 6.195 GC heap before
{Heap before GC invocations=7 (full 0):
 garbage-first heap   total 129024K, used 24855K [0x0000000080000000, 0x0000000100000000)
  region size 1024K, 9 young (9216K), 6 survivors (6144K)
 Metaspace       used 34827K, capacity 35606K, committed 35708K, reserved 1081344K
  class space    used 4535K, capacity 4832K, committed 4864K, reserved 1048576K
}
Event: 6.206 GC heap after
{Heap after GC invocations=8 (full 0):
 garbage-first heap   total 129024K, used 23607K [0x0000000080000000, 0x0000000100000000)
  region size 1024K, 5 young (5120K), 5 survivors (5120K)
 Metaspace       used 34827K, capacity 35606K, committed 35708K, reserved 1081344K
  class space    used 4535K, capacity 4832K, committed 4864K, reserved 1048576K
}
Event: 6.900 GC heap before
{Heap before GC invocations=9 (full 0):
 garbage-first heap   total 129024K, used 72759K [0x0000000080000000, 0x0000000100000000)
  region size 1024K, 50 young (51200K), 5 survivors (5120K)
 Metaspace       used 38669K, capacity 39632K, committed 39804K, reserved 1083392K
  class space    used 4927K, capacity 5251K, committed 5376K, reserved 1048576K
}
Event: 6.909 GC heap after
{Heap after GC invocations=10 (full 0):
 garbage-first heap   total 155648K, used 27176K [0x0000000080000000, 0x0000000100000000)
  region size 1024K, 5 young (5120K), 5 survivors (5120K)
 Metaspace       used 38669K, capacity 39632K, committed 39804K, reserved 1083392K
  class space    used 4927K, capacity 5251K, committed 5376K, reserved 1048576K
}
Event: 7.682 GC heap before
{Heap before GC invocations=10 (full 0):
 garbage-first heap   total 155648K, used 88616K [0x0000000080000000, 0x0000000100000000)
  region size 1024K, 64 young (65536K), 5 survivors (5120K)
 Metaspace       used 43664K, capacity 44700K, committed 44796K, reserved 1087488K
  class space    used 5582K, capacity 5934K, committed 6016K, reserved 1048576K
}
Event: 7.687 GC heap after
{Heap after GC invocations=11 (full 0):
 garbage-first heap   total 155648K, used 28678K [0x0000000080000000, 0x0000000100000000)
  region size 1024K, 6 young (6144K), 6 survivors (6144K)
 Metaspace       used 43664K, capacity 44700K, committed 44796K, reserved 1087488K
  class space    used 5582K, capacity 5934K, committed 6016K, reserved 1048576K
}
Event: 9.369 GC heap before
{Heap before GC invocations=11 (full 0):
 garbage-first heap   total 155648K, used 104454K [0x0000000080000000, 0x0000000100000000)
  region size 1024K, 77 young (78848K), 6 survivors (6144K)
 Metaspace       used 47567K, capacity 48827K, committed 48892K, reserved 1091584K
  class space    used 6078K, capacity 6513K, committed 6528K, reserved 1048576K
}
Event: 9.384 GC heap after
{Heap after GC invocations=12 (full 0):
 garbage-first heap   total 155648K, used 41700K [0x0000000080000000, 0x0000000100000000)
  region size 1024K, 10 young (10240K), 10 survivors (10240K)
 Metaspace       used 47567K, capacity 48827K, committed 48892K, reserved 1091584K
  class space    used 6078K, capacity 6513K, committed 6528K, reserved 1048576K
}

Deoptimization events (20 events):
Event: 9.249 Thread 0x0000022045ecc000 DEOPT PACKING pc=0x000002202d862c97 sp=0x0000007f5dcf1ca0
Event: 9.249 Thread 0x0000022045ecc000 DEOPT UNPACKING pc=0x000002202d0776ce sp=0x0000007f5dcf1228 mode 0
Event: 9.403 Thread 0x0000022045ecc000 Uncommon trap: trap_request=0xfffffff4 fr.pc=0x0000022034d63104 relative=0x0000000000000244
Event: 9.403 Thread 0x0000022045ecc000 Uncommon trap: reason=null_check action=make_not_entrant pc=0x0000022034d63104 method=java.lang.ThreadLocal$ThreadLocalMap.getEntryAfterMiss(Ljava/lang/ThreadLocal;ILjava/lang/ThreadLocal$ThreadLocalMap$Entry;)Ljava/lang/ThreadLocal$ThreadLocalMap$Entry; 
Event: 9.403 Thread 0x0000022045ecc000 DEOPT PACKING pc=0x0000022034d63104 sp=0x0000007f5dcfa050
Event: 9.403 Thread 0x0000022045ecc000 DEOPT UNPACKING pc=0x000002202d0778af sp=0x0000007f5dcf9f90 mode 2
Event: 9.403 Thread 0x000002204760e000 DEOPT PACKING pc=0x000002202d903049 sp=0x0000007f5dffbf30
Event: 9.403 Thread 0x000002204760e000 DEOPT UNPACKING pc=0x000002202d0776ce sp=0x0000007f5dffb3a8 mode 0
Event: 9.426 Thread 0x0000022045ecc000 Uncommon trap: trap_request=0xffffffc6 fr.pc=0x0000022034c2de18 relative=0x0000000000000238
Event: 9.426 Thread 0x0000022045ecc000 Uncommon trap: reason=bimorphic_or_optimized_type_check action=maybe_recompile pc=0x0000022034c2de18 method=com.google.common.base.CharMatcher.indexIn(Ljava/lang/CharSequence;I)I @ 31 c2
Event: 9.426 Thread 0x0000022045ecc000 DEOPT PACKING pc=0x0000022034c2de18 sp=0x0000007f5dcf8400
Event: 9.426 Thread 0x0000022045ecc000 DEOPT UNPACKING pc=0x000002202d0778af sp=0x0000007f5dcf83a8 mode 2
Event: 9.429 Thread 0x0000022045ecc000 Uncommon trap: trap_request=0xffffffc6 fr.pc=0x0000022034c2de18 relative=0x0000000000000238
Event: 9.429 Thread 0x0000022045ecc000 Uncommon trap: reason=bimorphic_or_optimized_type_check action=maybe_recompile pc=0x0000022034c2de18 method=com.google.common.base.CharMatcher.indexIn(Ljava/lang/CharSequence;I)I @ 31 c2
Event: 9.429 Thread 0x0000022045ecc000 DEOPT PACKING pc=0x0000022034c2de18 sp=0x0000007f5dcf9ce0
Event: 9.429 Thread 0x0000022045ecc000 DEOPT UNPACKING pc=0x000002202d0778af sp=0x0000007f5dcf9c88 mode 2
Event: 9.443 Thread 0x0000022045ecc000 Uncommon trap: trap_request=0xffffff4d fr.pc=0x0000022034b6fa60 relative=0x0000000000000580
Event: 9.443 Thread 0x0000022045ecc000 Uncommon trap: reason=unstable_if action=reinterpret pc=0x0000022034b6fa60 method=java.util.jar.Manifest$FastInputStream.readLine([BII)I @ 130 c2
Event: 9.443 Thread 0x0000022045ecc000 DEOPT PACKING pc=0x0000022034b6fa60 sp=0x0000007f5dcf7e40
Event: 9.443 Thread 0x0000022045ecc000 DEOPT UNPACKING pc=0x000002202d0778af sp=0x0000007f5dcf7dd0 mode 2

Classes redefined (0 events):
No events

Internal exceptions (20 events):
Event: 9.338 Thread 0x0000022045ecc000 Exception <a 'java/lang/ClassNotFoundException'{0x0000000084c1c830}: org/gradle/api/DefaultTaskCustomizer> (0x0000000084c1c830) thrown at [./src/hotspot/share/classfile/systemDictionary.cpp, line 231]
Event: 9.343 Thread 0x0000022045ecc000 Exception <a 'java/lang/ClassNotFoundException'{0x0000000084c9c850}: org/gradle/api/internal/ConventionTaskCustomizer> (0x0000000084c9c850) thrown at [./src/hotspot/share/classfile/systemDictionary.cpp, line 231]
Event: 9.345 Thread 0x0000022045ecc000 Exception <a 'java/lang/ClassNotFoundException'{0x0000000084cd39b8}: org/gradle/api/tasks/DeleteCustomizer> (0x0000000084cd39b8) thrown at [./src/hotspot/share/classfile/systemDictionary.cpp, line 231]
Event: 9.349 Thread 0x0000022045ecc000 Exception <a 'java/lang/ClassNotFoundException'{0x0000000084b12388}: org/gradle/api/tasks/Delete_DecoratedCustomizer> (0x0000000084b12388) thrown at [./src/hotspot/share/classfile/systemDictionary.cpp, line 231]
Event: 9.389 Thread 0x0000022045ecc000 Exception <a 'java/lang/NoSuchMethodError'{0x0000000089732d50}: 'long java.lang.invoke.DirectMethodHandle$Holder.invokeVirtual(java.lang.Object, java.lang.Object)'> (0x0000000089732d50) thrown at [./src/hotspot/share/interpreter/linkResolver.cpp, line 773]
Event: 9.394 Thread 0x000002204760e000 Exception <a 'java/lang/NoSuchMethodError'{0x0000000089708588}: <clinit>> (0x0000000089708588) thrown at [./src/hotspot/share/prims/jni.cpp, line 1362]
Event: 9.398 Thread 0x000002204760e000 Exception <a 'java/lang/NoSuchMethodError'{0x00000000897a8698}: <clinit>> (0x00000000897a8698) thrown at [./src/hotspot/share/prims/jni.cpp, line 1362]
Event: 9.398 Thread 0x000002204760e000 Exception <a 'java/lang/NoSuchMethodError'{0x00000000897a97a8}: <clinit>> (0x00000000897a97a8) thrown at [./src/hotspot/share/prims/jni.cpp, line 1362]
Event: 9.398 Thread 0x000002204760e000 Exception <a 'java/lang/NoSuchMethodError'{0x00000000897aaab0}: <clinit>> (0x00000000897aaab0) thrown at [./src/hotspot/share/prims/jni.cpp, line 1362]
Event: 9.398 Thread 0x000002204760e000 Exception <a 'java/lang/NoSuchMethodError'{0x00000000897abad0}: <clinit>> (0x00000000897abad0) thrown at [./src/hotspot/share/prims/jni.cpp, line 1362]
Event: 9.399 Thread 0x000002204760e000 Exception <a 'java/lang/NoSuchMethodError'{0x00000000897b5958}: <clinit>> (0x00000000897b5958) thrown at [./src/hotspot/share/prims/jni.cpp, line 1362]
Event: 9.400 Thread 0x000002204760e000 Exception <a 'java/lang/NoSuchMethodError'{0x00000000897bff18}: <clinit>> (0x00000000897bff18) thrown at [./src/hotspot/share/prims/jni.cpp, line 1362]
Event: 9.403 Thread 0x0000022045ecc000 Implicit null exception at 0x0000022034d62f6f to 0x0000022034d630e0
Event: 9.403 Thread 0x000002204760e000 Exception <a 'java/lang/NoSuchMethodError'{0x00000000897f4b30}: <clinit>> (0x00000000897f4b30) thrown at [./src/hotspot/share/prims/jni.cpp, line 1362]
Event: 9.413 Thread 0x0000022045ecc000 Exception <a 'java/lang/ClassNotFoundException'{0x00000000896a7720}: build_4wzd8lt48rgt54wehgdd15ewvBeanInfo> (0x00000000896a7720) thrown at [./src/hotspot/share/classfile/systemDictionary.cpp, line 231]
Event: 9.414 Thread 0x0000022045ecc000 Exception <a 'java/lang/ClassNotFoundException'{0x00000000896b2648}: build_4wzd8lt48rgt54wehgdd15ewvCustomizer> (0x00000000896b2648) thrown at [./src/hotspot/share/classfile/systemDictionary.cpp, line 231]
Event: 9.423 Thread 0x0000022045ecc000 Exception <a 'java/lang/ClassNotFoundException'{0x0000000089534028}: org/gradle/plugin/use/internal/PluginRequestCollector$PluginDependenciesSpecImplBeanInfo> (0x0000000089534028) thrown at [./src/hotspot/share/classfile/systemDictionary.cpp, line 231]
Event: 9.424 Thread 0x0000022045ecc000 Exception <a 'java/lang/ClassNotFoundException'{0x0000000089561ed8}: org/gradle/plugin/use/internal/PluginRequestCollector$PluginDependenciesSpecImplCustomizer> (0x0000000089561ed8) thrown at [./src/hotspot/share/classfile/systemDictionary.cpp, line 231]
Event: 9.462 Thread 0x0000022045ecc000 Exception <a 'java/lang/ClassNotFoundException'{0x00000000893e8428}: org/gradle/api/internal/plugins/DefaultObjectConfigurationActionBeanInfo> (0x00000000893e8428) thrown at [./src/hotspot/share/classfile/systemDictionary.cpp, line 231]
Event: 9.463 Thread 0x0000022045ecc000 Exception <a 'java/lang/ClassNotFoundException'{0x000000008921be68}: org/gradle/api/internal/plugins/DefaultObjectConfigurationActionCustomizer> (0x000000008921be68) thrown at [./src/hotspot/share/classfile/systemDictionary.cpp, line 231]

Events (20 events):
Event: 9.535 loading class com/android/build/gradle/internal/errors/DeprecationReporter
Event: 9.535 loading class com/android/build/gradle/internal/errors/DeprecationReporter done
Event: 9.536 loading class org/gradle/api/tasks/StopExecutionException
Event: 9.536 loading class org/gradle/api/tasks/StopExecutionException done
Event: 9.536 loading class org/gradle/api/tasks/StopExecutionException
Event: 9.536 loading class org/gradle/api/tasks/StopExecutionException done
Event: 9.536 loading class com/android/build/gradle/internal/variant/VariantModel
Event: 9.536 loading class com/android/build/gradle/internal/variant/VariantModel done
Event: 9.537 loading class com/android/build/gradle/internal/BadPluginException
Event: 9.537 loading class com/android/build/gradle/internal/BadPluginException done
Event: 9.538 loading class org/gradle/api/GradleException
Event: 9.538 loading class org/gradle/api/GradleException done
Event: 9.538 loading class com/android/build/gradle/internal/variant/VariantFactory
Event: 9.538 loading class com/android/build/gradle/internal/variant/VariantFactory done
Event: 9.539 loading class org/gradle/api/reflect/TypeOf
Event: 9.539 loading class org/gradle/api/reflect/TypeOf done
Event: 9.539 loading class com/android/build/gradle/internal/plugins/AppPlugin$1
Event: 9.539 loading class com/android/build/gradle/internal/plugins/AppPlugin$1 done
Event: 9.539 loading class com/android/build/gradle/internal/dsl/BaseAppModuleExtension
Event: 9.539 loading class com/android/build/gradle/internal/dsl/BaseAppModuleExtension done


Dynamic libraries:
0x00007ff779930000 - 0x00007ff77993a000 	D:\APLICATION\Android Studio\jre\bin\java.exe
0x00007ff8053e0000 - 0x00007ff8055e9000 	C:\WINDOWS\SYSTEM32\ntdll.dll
0x00007ff804c90000 - 0x00007ff804d4d000 	C:\WINDOWS\System32\KERNEL32.DLL
0x00007ff802c50000 - 0x00007ff802fc4000 	C:\WINDOWS\System32\KERNELBASE.dll
0x00007ff802a60000 - 0x00007ff802b71000 	C:\WINDOWS\System32\ucrtbase.dll
0x00007fffd2fe0000 - 0x00007fffd2ff9000 	D:\APLICATION\Android Studio\jre\bin\jli.dll
0x00007fffd2fc0000 - 0x00007fffd2fd7000 	D:\APLICATION\Android Studio\jre\bin\VCRUNTIME140.dll
0x00007ff803e10000 - 0x00007ff803fbc000 	C:\WINDOWS\System32\USER32.dll
0x00007fffbefd0000 - 0x00007fffbf275000 	C:\WINDOWS\WinSxS\amd64_microsoft.windows.common-controls_6595b64144ccf1df_6.0.22000.120_none_9d947278b86cc467\COMCTL32.dll
0x00007ff802c20000 - 0x00007ff802c46000 	C:\WINDOWS\System32\win32u.dll
0x00007ff8034b0000 - 0x00007ff803553000 	C:\WINDOWS\System32\msvcrt.dll
0x00007ff804920000 - 0x00007ff804949000 	C:\WINDOWS\System32\GDI32.dll
0x00007ff802940000 - 0x00007ff802a52000 	C:\WINDOWS\System32\gdi32full.dll
0x00007ff802b80000 - 0x00007ff802c1d000 	C:\WINDOWS\System32\msvcp_win.dll
0x00007ff804c40000 - 0x00007ff804c71000 	C:\WINDOWS\System32\IMM32.DLL
0x00007fffa8d30000 - 0x00007fffa8dcd000 	D:\APLICATION\Android Studio\jre\bin\msvcp140.dll
0x00007fff8a6e0000 - 0x00007fff8b1af000 	D:\APLICATION\Android Studio\jre\bin\server\jvm.dll
0x00007ff8039d0000 - 0x00007ff803a7e000 	C:\WINDOWS\System32\ADVAPI32.dll
0x00007ff803280000 - 0x00007ff80331e000 	C:\WINDOWS\System32\sechost.dll
0x00007ff804d50000 - 0x00007ff804e70000 	C:\WINDOWS\System32\RPCRT4.dll
0x00007ff804c80000 - 0x00007ff804c88000 	C:\WINDOWS\System32\PSAPI.DLL
0x00007fffdedf0000 - 0x00007fffdedf9000 	C:\WINDOWS\SYSTEM32\WSOCK32.dll
0x00007ffffbf20000 - 0x00007ffffbf53000 	C:\WINDOWS\SYSTEM32\WINMM.dll
0x00007ffffaf20000 - 0x00007ffffaf2a000 	C:\WINDOWS\SYSTEM32\VERSION.dll
0x00007ff8051f0000 - 0x00007ff80525f000 	C:\WINDOWS\System32\WS2_32.dll
0x00007ff801a00000 - 0x00007ff801a18000 	C:\WINDOWS\SYSTEM32\kernel.appcore.dll
0x00007ffff4020000 - 0x00007ffff4031000 	D:\APLICATION\Android Studio\jre\bin\verify.dll
0x00007fffee6f0000 - 0x00007fffee911000 	C:\WINDOWS\SYSTEM32\DBGHELP.DLL
0x00007fffea3d0000 - 0x00007fffea401000 	C:\WINDOWS\SYSTEM32\dbgcore.DLL
0x00007ff802fd0000 - 0x00007ff80304f000 	C:\WINDOWS\System32\bcryptPrimitives.dll
0x00007ffff3ff0000 - 0x00007ffff4019000 	D:\APLICATION\Android Studio\jre\bin\java.dll
0x00007fffff1a0000 - 0x00007fffff1ab000 	D:\APLICATION\Android Studio\jre\bin\jimage.dll
0x00007ffff3fd0000 - 0x00007ffff3fe8000 	D:\APLICATION\Android Studio\jre\bin\zip.dll
0x00007ff803fc0000 - 0x00007ff80476e000 	C:\WINDOWS\System32\SHELL32.dll
0x00007ff800a00000 - 0x00007ff801267000 	C:\WINDOWS\SYSTEM32\windows.storage.dll
0x00007ff804e70000 - 0x00007ff8051e8000 	C:\WINDOWS\System32\combase.dll
0x00007ff800890000 - 0x00007ff8009f6000 	C:\WINDOWS\SYSTEM32\wintypes.dll
0x00007ff803c50000 - 0x00007ff803d3a000 	C:\WINDOWS\System32\SHCORE.dll
0x00007ff804be0000 - 0x00007ff804c3d000 	C:\WINDOWS\System32\shlwapi.dll
0x00007ff802800000 - 0x00007ff802821000 	C:\WINDOWS\SYSTEM32\profapi.dll
0x00007ffff3fb0000 - 0x00007ffff3fca000 	D:\APLICATION\Android Studio\jre\bin\net.dll
0x00007ffffca10000 - 0x00007ffffcb1c000 	C:\WINDOWS\SYSTEM32\WINHTTP.dll
0x00007ff801eb0000 - 0x00007ff801f17000 	C:\WINDOWS\system32\mswsock.dll
0x00007ffff3f90000 - 0x00007ffff3fa4000 	D:\APLICATION\Android Studio\jre\bin\nio.dll
0x00007fffab730000 - 0x00007fffab757000 	C:\Users\ACER\.gradle\native\8bec1ad78214c89d9ad589b4d07fe93259594b29d510b10fafb7a158f7737e5d\windows-amd64\native-platform.dll
0x00007fffa8b70000 - 0x00007fffa8cad000 	C:\Users\ACER\.gradle\native\53dbd7edfb1c66fb8903c78663c9afc45aea4f116125fa6feffd364cf09443e8\windows-amd64\native-platform-file-events.dll
0x00007fffff150000 - 0x00007fffff15a000 	D:\APLICATION\Android Studio\jre\bin\management.dll
0x00007ffffc0e0000 - 0x00007ffffc0ec000 	D:\APLICATION\Android Studio\jre\bin\management_ext.dll
0x00007ff8020f0000 - 0x00007ff802108000 	C:\WINDOWS\SYSTEM32\CRYPTSP.dll
0x00007ff801960000 - 0x00007ff801995000 	C:\WINDOWS\system32\rsaenh.dll
0x00007ff801f70000 - 0x00007ff801f99000 	C:\WINDOWS\SYSTEM32\USERENV.dll
0x00007ff8022b0000 - 0x00007ff8022d7000 	C:\WINDOWS\SYSTEM32\bcrypt.dll
0x00007ff8020e0000 - 0x00007ff8020ec000 	C:\WINDOWS\SYSTEM32\CRYPTBASE.dll
0x00007ff8014c0000 - 0x00007ff8014ed000 	C:\WINDOWS\SYSTEM32\IPHLPAPI.DLL
0x00007ff804770000 - 0x00007ff804779000 	C:\WINDOWS\System32\NSI.dll
0x00007ffffc2d0000 - 0x00007ffffc2e9000 	C:\WINDOWS\SYSTEM32\dhcpcsvc6.DLL
0x00007ffffcfd0000 - 0x00007ffffcfee000 	C:\WINDOWS\SYSTEM32\dhcpcsvc.DLL
0x00007ff8014f0000 - 0x00007ff8015d7000 	C:\WINDOWS\SYSTEM32\DNSAPI.dll

dbghelp: loaded successfully - version: 4.0.5 - missing functions: none
symbol engine: initialized successfully - sym options: 0x614 - pdb path: .;D:\APLICATION\Android Studio\jre\bin;C:\WINDOWS\SYSTEM32;C:\WINDOWS\WinSxS\amd64_microsoft.windows.common-controls_6595b64144ccf1df_6.0.22000.120_none_9d947278b86cc467;D:\APLICATION\Android Studio\jre\bin\server;C:\Users\ACER\.gradle\native\8bec1ad78214c89d9ad589b4d07fe93259594b29d510b10fafb7a158f7737e5d\windows-amd64;C:\Users\ACER\.gradle\native\53dbd7edfb1c66fb8903c78663c9afc45aea4f116125fa6feffd364cf09443e8\windows-amd64

VM Arguments:
jvm_args: --add-opens=java.base/java.util=ALL-UNNAMED --add-opens=java.base/java.lang=ALL-UNNAMED --add-opens=java.base/java.lang.invoke=ALL-UNNAMED --add-opens=java.base/java.util=ALL-UNNAMED --add-opens=java.prefs/java.util.prefs=ALL-UNNAMED --add-opens=java.prefs/java.util.prefs=ALL-UNNAMED --add-opens=java.base/java.nio.charset=ALL-UNNAMED --add-opens=java.base/java.net=ALL-UNNAMED --add-opens=java.base/java.util.concurrent.atomic=ALL-UNNAMED -Xmx2048m -Dfile.encoding=UTF-8 -Duser.country=US -Duser.language=en -Duser.variant 
java_command: org.gradle.launcher.daemon.bootstrap.GradleDaemon 7.0.2
java_class_path (initial): C:\Users\ACER\.gradle\wrapper\dists\gradle-7.0.2-bin\857tjihv64xamwrf0h14cai3r\gradle-7.0.2\lib\gradle-launcher-7.0.2.jar
Launcher Type: SUN_STANDARD

[Global flags]
     intx CICompilerCount                          = 4                                         {product} {ergonomic}
     uint ConcGCThreads                            = 2                                         {product} {ergonomic}
     uint G1ConcRefinementThreads                  = 8                                         {product} {ergonomic}
   size_t G1HeapRegionSize                         = 1048576                                   {product} {ergonomic}
    uintx GCDrainStackTargetSize                   = 64                                        {product} {ergonomic}
   size_t InitialHeapSize                          = 132120576                                 {product} {ergonomic}
   size_t MarkStackSize                            = 4194304                                   {product} {ergonomic}
   size_t MaxHeapSize                              = 2147483648                                {product} {command line}
   size_t MaxNewSize                               = 1287651328                                {product} {ergonomic}
   size_t MinHeapDeltaBytes                        = 1048576                                   {product} {ergonomic}
    uintx NonNMethodCodeHeapSize                   = 5836300                                {pd product} {ergonomic}
    uintx NonProfiledCodeHeapSize                  = 122910970                              {pd product} {ergonomic}
    uintx ProfiledCodeHeapSize                     = 122910970                              {pd product} {ergonomic}
    uintx ReservedCodeCacheSize                    = 251658240                              {pd product} {ergonomic}
     bool SegmentedCodeCache                       = true                                      {product} {ergonomic}
     bool UseCompressedClassPointers               = true                                 {lp64_product} {ergonomic}
     bool UseCompressedOops                        = true                                 {lp64_product} {ergonomic}
     bool UseG1GC                                  = true                                      {product} {ergonomic}
     bool UseLargePagesIndividualAllocation        = false                                  {pd product} {ergonomic}

Logging:
Log output configuration:
 #0: stdout all=warning uptime,level,tags
 #1: stderr all=off uptime,level,tags

Environment Variables:
JAVA_HOME=C:\Users\ACER\AppData\Local\Programs\AdoptOpenJDK\jdk-11.0.10.9-hotspot\
PATH=D:\APLICATION\Database\Oracle\bin;D:\APLICATION\Oracle\bin;C:\Program Files\Common Files\Oracle\Java\javapath;C:\Windows\system32;C:\Windows;C:\Windows\System32\Wbem;C:\Windows\System32\WindowsPowerShell\v1.0\;C:\Windows\System32\OpenSSH\;C:\Program Files (x86)\Intel\Intel(R) Management Engine Components\DAL;C:\Program Files\Intel\Intel(R) Management Engine Components\DAL;C:\Program Files\NVIDIA Corporation\NVIDIA NGX;C:\Program Files (x86)\NVIDIA Corporation\PhysX\Common;C:\Program Files\NVIDIA Corporation\NVIDIA NvDLISR;C:\Program Files\dotnet\;C:\WINDOWS\system32;C:\WINDOWS;C:\WINDOWS\System32\Wbem;C:\WINDOWS\System32\WindowsPowerShell\v1.0\;C:\WINDOWS\System32\OpenSSH\;C:\MinGW\bin;C:\Python\Python38;C:\Program Files\Microsoft SQL Server\Client SDK\ODBC\170\Tools\Binn\;C:\Program Files (x86)\Microsoft SQL Server\150\Tools\Binn\;C:\Program Files\Microsoft SQL Server\150\Tools\Binn\;C:\Program Files\Microsoft SQL Server\150\DTS\Binn\;D:\APLICATION\Git\cmd;C:\Program Files\Microsoft SQL Server\130\Tools\Binn\;D:\APLICATION\Java\lib;D:\APLICATION\Database\Oracle\jdbc\lib;D:\APLICATION\PYTHON;D:\APLICATION\PYTHON\Scripts;C:\Program Files\Git\cmd;D:\APLICATION\nodejs\;C:\ProgramData\ComposerSetup\bin;C:\Program Files (x86)\Microsoft SQL Server\150\DTS\Binn\;C:\Program Files\Azure Data Studio\bin;D:\APLICATION\R\R-4.1.2\bin\x64;C:\Users\ACER\AppData\Local\Programs\Python\Python38\Scripts\;C:\Users\ACER\AppData\Local\Programs\Python\Python38\;C:\Program Files\MySQL\MySQL Shell 8.0\bin\;C:\Users\ACER\AppData\Local\Programs\AdoptOpenJDK\jdk-11.0.10.9-hotspot\bin;C:\Python\Python38\Scripts\;C:\Python\Python38\;C:\Users\ACER\AppData\Local\Microsoft\WindowsApps;C:\Users\ACER\AppData\Local\Programs\Microsoft VS Code\bin;D:\APLICATION\XAMPP\php;C:\Users\ACER\AppData\Local\GitHubDesktop\bin;C:\Users\ACER\AppData\Roaming\npm;C:\Users\ACER\AppData\Roaming\Composer\vendor\bin;C:\Program Files\Azure Data Studio\bin
USERNAME=ACER
OS=Windows_NT
PROCESSOR_IDENTIFIER=Intel64 Family 6 Model 158 Stepping 10, GenuineIntel



---------------  S Y S T E M  ---------------

OS: Windows 10 , 64 bit Build 22000 (10.0.22000.434)
OS uptime: 1 days 19:11 hours
Hyper-V role detected

CPU:total 8 (initial active 8) (4 cores per cpu, 2 threads per core) family 6 model 158 stepping 10 microcode 0xde, cmov, cx8, fxsr, mmx, sse, sse2, sse3, ssse3, sse4.1, sse4.2, popcnt, avx, avx2, aes, clmul, erms, 3dnowpref, lzcnt, ht, tsc, tscinvbit, bmi1, bmi2, adx, fma

Memory: 4k page, system-wide physical 8040M (288M free)
TotalPageFile size 20840M (AvailPageFile size 5M)
current process WorkingSet (physical memory assigned to process): 303M, peak: 303M
current process commit charge ("private bytes"): 369M, peak: 371M

vm_info: OpenJDK 64-Bit Server VM (11.0.10+0-b96-7249189) for windows-amd64 JRE (11.0.10+0-b96-7249189), built on Mar 31 2021 21:44:00 by "builder" with MS VC++ 14.0 (VS2015)

END.
