#
# There is insufficient memory for the Java Runtime Environment to continue.
# Native memory allocation (mmap) failed to map 32505856 bytes for Failed to commit area from 0x0000000089800000 to 0x000000008b700000 of length 32505856.
# Possible reasons:
#   The system is out of physical RAM or swap space
#   The process is running with CompressedOops enabled, and the Java Heap may be blocking the growth of the native heap
# Possible solutions:
#   Reduce memory load on the system
#   Increase physical memory or swap space
#   Check if swap backing store is full
#   Decrease Java heap size (-Xmx/-Xms)
#   Decrease number of Java threads
#   Decrease Java thread stack sizes (-Xss)
#   Set larger code cache with -XX:ReservedCodeCacheSize=
#   JVM is running with Unscaled Compressed Oops mode in which the Java heap is
#     placed in the first 4GB address space. The Java Heap base address is the
#     maximum limit for the native heap growth. Please use -XX:HeapBaseMinAddress
#     to set the Java Heap base and to place the Java Heap above 4GB virtual address.
# This output file may be truncated or incomplete.
#
#  Out of Memory Error (./src/hotspot/os/windows/os_windows.cpp:3301), pid=19012, tid=13600
#
# JRE version: OpenJDK Runtime Environment (11.0.10) (build 11.0.10+0-b96-7249189)
# Java VM: OpenJDK 64-Bit Server VM (11.0.10+0-b96-7249189, mixed mode, tiered, compressed oops, g1 gc, windows-amd64)
# No core dump will be written. Minidumps are not enabled by default on client versions of Windows
#

---------------  S U M M A R Y ------------

Command Line: --add-opens=java.base/java.util=ALL-UNNAMED --add-opens=java.base/java.lang=ALL-UNNAMED --add-opens=java.base/java.lang.invoke=ALL-UNNAMED --add-opens=java.base/java.util=ALL-UNNAMED --add-opens=java.prefs/java.util.prefs=ALL-UNNAMED --add-opens=java.prefs/java.util.prefs=ALL-UNNAMED --add-opens=java.base/java.nio.charset=ALL-UNNAMED --add-opens=java.base/java.net=ALL-UNNAMED --add-opens=java.base/java.util.concurrent.atomic=ALL-UNNAMED -Xmx2048m -Dfile.encoding=UTF-8 -Duser.country=US -Duser.language=en -Duser.variant org.gradle.launcher.daemon.bootstrap.GradleDaemon 7.0.2

Host: Intel(R) Core(TM) i5-9300H CPU @ 2.40GHz, 8 cores, 7G,  Windows 10 , 64 bit Build 22000 (10.0.22000.434)
Time: Wed Mar 16 15:00:51 2022 SE Asia Standard Time elapsed time: 24.131283 seconds (0d 0h 0m 24s)

---------------  T H R E A D  ---------------

Current thread (0x000001573e827800):  VMThread "VM Thread" [stack: 0x0000000a97700000,0x0000000a97800000] [id=13600]

Stack: [0x0000000a97700000,0x0000000a97800000]
[error occurred during error reporting (printing stack bounds), id 0xc0000005, EXCEPTION_ACCESS_VIOLATION (0xc0000005) at pc=0x0000015727e90f2d]

Native frames: (J=compiled Java code, j=interpreted, Vv=VM code, C=native code)
V  [jvm.dll+0x5ecfaa]
V  [jvm.dll+0x722bd5]
V  [jvm.dll+0x72412d]
V  [jvm.dll+0x724745]
V  [jvm.dll+0x7246fb]
V  [jvm.dll+0x5ec348]
V  [jvm.dll+0x5ecad8]
C  [ntdll.dll+0xa86ef]
C  [ntdll.dll+0x35aea]
C  [ntdll.dll+0xa76fe]
C  0x0000015727e90f2d

VM_Operation (0x0000000a9c0f8510): G1CollectForAllocation, mode: safepoint, requested by thread 0x0000015744fc8800


---------------  P R O C E S S  ---------------

Threads class SMR info:
_java_thread_list=0x000001574004ca80, length=70, elements={
0x000001572233a000, 0x000001573f052000, 0x000001573f060000, 0x000001573f0a4000,
0x000001573f0a5800, 0x000001573f0a6800, 0x000001573f0aa800, 0x000001573f0ac800,
0x000001573f0af000, 0x000001573f206000, 0x0000015740b15000, 0x0000015740b14800,
0x0000015740b12000, 0x0000015740b17000, 0x0000015740b12800, 0x0000015740b13800,
0x0000015740b16000, 0x0000015740b11000, 0x0000015740b17800, 0x00000157414ba000,
0x00000157414bc800, 0x00000157414bd800, 0x00000157414bf000, 0x00000157414b9000,
0x00000157414c0800, 0x00000157414bb800, 0x00000157414bf800, 0x00000157414be000,
0x00000157414c6000, 0x00000157414c2000, 0x00000157414c7000, 0x00000157414c5800,
0x00000157414c8000, 0x0000015742388000, 0x0000015742389800, 0x000001574238a800,
0x0000015742384800, 0x0000015742386000, 0x000001574238b000, 0x0000015742385800,
0x0000015742387000, 0x000001574238e800, 0x000001574238c800, 0x000001574238d800,
0x000001574238f000, 0x0000015742390000, 0x000001574238c000, 0x0000015742391000,
0x0000015744fc3800, 0x0000015744fc2800, 0x0000015744fc2000, 0x0000015744fc0000,
0x0000015744fc5000, 0x0000015744fc6000, 0x0000015744fc6800, 0x0000015744fc1000,
0x0000015744fc9000, 0x0000015744fca000, 0x0000015744fcc800, 0x0000015744fcb000,
0x0000015744fcb800, 0x0000015744fcd000, 0x0000015744fc7800, 0x0000015744fce000,
0x0000015744fc8800, 0x0000015744fcf000, 0x00000157414bb000, 0x00000157419a8800,
0x00000157419a7800, 0x00000157419a9800
}

Java Threads: ( => current thread )
  0x000001572233a000 JavaThread "main" [_thread_blocked, id=10600, stack(0x0000000a97100000,0x0000000a97200000)]
  0x000001573f052000 JavaThread "Reference Handler" daemon [_thread_blocked, id=16472, stack(0x0000000a97800000,0x0000000a97900000)]
  0x000001573f060000 JavaThread "Finalizer" daemon [_thread_blocked, id=3888, stack(0x0000000a97900000,0x0000000a97a00000)]
  0x000001573f0a4000 JavaThread "Signal Dispatcher" daemon [_thread_blocked, id=3608, stack(0x0000000a97a00000,0x0000000a97b00000)]
  0x000001573f0a5800 JavaThread "Attach Listener" daemon [_thread_blocked, id=7728, stack(0x0000000a97b00000,0x0000000a97c00000)]
  0x000001573f0a6800 JavaThread "Service Thread" daemon [_thread_blocked, id=19500, stack(0x0000000a97c00000,0x0000000a97d00000)]
  0x000001573f0aa800 JavaThread "C2 CompilerThread0" daemon [_thread_in_native, id=14040, stack(0x0000000a97d00000,0x0000000a97e00000)]
  0x000001573f0ac800 JavaThread "C1 CompilerThread0" daemon [_thread_blocked, id=2144, stack(0x0000000a97e00000,0x0000000a97f00000)]
  0x000001573f0af000 JavaThread "Sweeper thread" daemon [_thread_blocked, id=18436, stack(0x0000000a97f00000,0x0000000a98000000)]
  0x000001573f206000 JavaThread "Common-Cleaner" daemon [_thread_blocked, id=19960, stack(0x0000000a98000000,0x0000000a98100000)]
  0x0000015740b15000 JavaThread "Daemon health stats" [_thread_blocked, id=2932, stack(0x0000000a98500000,0x0000000a98600000)]
  0x0000015740b14800 JavaThread "Incoming local TCP Connector on port 55416" [_thread_in_native, id=2448, stack(0x0000000a98200000,0x0000000a98300000)]
  0x0000015740b12000 JavaThread "Daemon periodic checks" [_thread_blocked, id=17552, stack(0x0000000a98600000,0x0000000a98700000)]
  0x0000015740b17000 JavaThread "Daemon" [_thread_blocked, id=18028, stack(0x0000000a98700000,0x0000000a98800000)]
  0x0000015740b12800 JavaThread "Handler for socket connection from /127.0.0.1:55416 to /127.0.0.1:55417" [_thread_in_native, id=1576, stack(0x0000000a98800000,0x0000000a98900000)]
  0x0000015740b13800 JavaThread "Cancel handler" [_thread_blocked, id=20368, stack(0x0000000a98a00000,0x0000000a98b00000)]
  0x0000015740b16000 JavaThread "Daemon worker" [_thread_blocked, id=11888, stack(0x0000000a98b00000,0x0000000a98c00000)]
  0x0000015740b11000 JavaThread "Asynchronous log dispatcher for DefaultDaemonConnection: socket connection from /127.0.0.1:55416 to /127.0.0.1:55417" [_thread_blocked, id=14200, stack(0x0000000a98c00000,0x0000000a98d00000)]
  0x0000015740b17800 JavaThread "Stdin handler" [_thread_blocked, id=14776, stack(0x0000000a98d00000,0x0000000a98e00000)]
  0x00000157414ba000 JavaThread "Daemon client event forwarder" [_thread_blocked, id=16736, stack(0x0000000a98e00000,0x0000000a98f00000)]
  0x00000157414bc800 JavaThread "Cache worker for file hash cache (C:\Users\ACER\.gradle\caches\7.0.2\fileHashes)" [_thread_blocked, id=18376, stack(0x0000000a98900000,0x0000000a98a00000)]
  0x00000157414bd800 JavaThread "File lock request listener" [_thread_in_native, id=3772, stack(0x0000000a99400000,0x0000000a99500000)]
  0x00000157414bf000 JavaThread "Cache worker for journal cache (C:\Users\ACER\.gradle\caches\journal-1)" [_thread_blocked, id=1492, stack(0x0000000a99600000,0x0000000a99700000)]
  0x00000157414b9000 JavaThread "Cache worker for file hash cache (D:\CODE_MOBILE\JavaProject\.gradle\7.0.2\fileHashes)" [_thread_blocked, id=13512, stack(0x0000000a99700000,0x0000000a99800000)]
  0x00000157414c0800 JavaThread "File watcher server" daemon [_thread_blocked, id=10880, stack(0x0000000a99800000,0x0000000a99900000)]
  0x00000157414bb800 JavaThread "File watcher consumer" daemon [_thread_blocked, id=10516, stack(0x0000000a99900000,0x0000000a99a00000)]
  0x00000157414bf800 JavaThread "Cache worker for checksums cache (D:\CODE_MOBILE\JavaProject\.gradle\checksums)" [_thread_blocked, id=14016, stack(0x0000000a99a00000,0x0000000a99b00000)]
  0x00000157414be000 JavaThread "Cache worker for cache directory md-supplier (C:\Users\ACER\.gradle\caches\7.0.2\md-supplier)" [_thread_blocked, id=18368, stack(0x0000000a99b00000,0x0000000a99c00000)]
  0x00000157414c6000 JavaThread "Cache worker for cache directory md-rule (C:\Users\ACER\.gradle\caches\7.0.2\md-rule)" [_thread_blocked, id=1940, stack(0x0000000a99d00000,0x0000000a99e00000)]
  0x00000157414c2000 JavaThread "Cache worker for execution history cache (C:\Users\ACER\.gradle\caches\7.0.2\executionHistory)" [_thread_blocked, id=17136, stack(0x0000000a99e00000,0x0000000a99f00000)]
  0x00000157414c7000 JavaThread "jar transforms" [_thread_blocked, id=11568, stack(0x0000000a99f00000,0x0000000a9a000000)]
  0x00000157414c5800 JavaThread "jar transforms Thread 2" [_thread_blocked, id=1432, stack(0x0000000a9a000000,0x0000000a9a100000)]
  0x00000157414c8000 JavaThread "Cache worker for file content cache (C:\Users\ACER\.gradle\caches\7.0.2\fileContent)" [_thread_blocked, id=18508, stack(0x0000000a9a100000,0x0000000a9a200000)]
  0x0000015742388000 JavaThread "Cache worker for dependencies-accessors (D:\CODE_MOBILE\JavaProject\.gradle\7.0.2\dependencies-accessors)" [_thread_blocked, id=5220, stack(0x0000000a9a200000,0x0000000a9a300000)]
  0x0000015742389800 JavaThread "jar transforms Thread 3" [_thread_blocked, id=19044, stack(0x0000000a9a300000,0x0000000a9a400000)]
  0x000001574238a800 JavaThread "Cache worker for Build Output Cleanup Cache (D:\CODE_MOBILE\JavaProject\.gradle\buildOutputCleanup)" [_thread_blocked, id=10704, stack(0x0000000a9a400000,0x0000000a9a500000)]
  0x0000015742384800 JavaThread "Build operations" [_thread_blocked, id=15016, stack(0x0000000a9a500000,0x0000000a9a600000)]
  0x0000015742386000 JavaThread "Build operations Thread 2" [_thread_blocked, id=16676, stack(0x0000000a9a600000,0x0000000a9a700000)]
  0x000001574238b000 JavaThread "Build operations Thread 3" [_thread_blocked, id=12996, stack(0x0000000a9a700000,0x0000000a9a800000)]
  0x0000015742385800 JavaThread "Build operations Thread 4" [_thread_blocked, id=9292, stack(0x0000000a9a800000,0x0000000a9a900000)]
  0x0000015742387000 JavaThread "Build operations Thread 5" [_thread_blocked, id=14428, stack(0x0000000a9a900000,0x0000000a9aa00000)]
  0x000001574238e800 JavaThread "Build operations Thread 6" [_thread_blocked, id=1020, stack(0x0000000a9aa00000,0x0000000a9ab00000)]
  0x000001574238c800 JavaThread "Build operations Thread 7" [_thread_blocked, id=14460, stack(0x0000000a9ab00000,0x0000000a9ac00000)]
  0x000001574238d800 JavaThread "Build operations Thread 8" [_thread_blocked, id=11144, stack(0x0000000a9ac00000,0x0000000a9ad00000)]
  0x000001574238f000 JavaThread "jar transforms Thread 4" [_thread_blocked, id=18116, stack(0x0000000a9ad00000,0x0000000a9ae00000)]
  0x0000015742390000 JavaThread "jar transforms Thread 5" [_thread_blocked, id=9836, stack(0x0000000a9ae00000,0x0000000a9af00000)]
  0x000001574238c000 JavaThread "jar transforms Thread 6" [_thread_blocked, id=15768, stack(0x0000000a9af00000,0x0000000a9b000000)]
  0x0000015742391000 JavaThread "jar transforms Thread 7" [_thread_blocked, id=16616, stack(0x0000000a9b000000,0x0000000a9b100000)]
  0x0000015744fc3800 JavaThread "jar transforms Thread 8" [_thread_blocked, id=4748, stack(0x0000000a9b100000,0x0000000a9b200000)]
  0x0000015744fc2800 JavaThread "Memory manager" [_thread_blocked, id=17836, stack(0x0000000a99c00000,0x0000000a99d00000)]
  0x0000015744fc2000 JavaThread "build event listener" [_thread_blocked, id=15352, stack(0x0000000a9b200000,0x0000000a9b300000)]
  0x0000015744fc0000 JavaThread "pool-3-thread-1" [_thread_blocked, id=14224, stack(0x0000000a9b300000,0x0000000a9b400000)]
  0x0000015744fc5000 JavaThread "build event listener" [_thread_blocked, id=4940, stack(0x0000000a9b400000,0x0000000a9b500000)]
  0x0000015744fc6000 JavaThread "Execution worker for ':'" [_thread_blocked, id=13112, stack(0x0000000a9b500000,0x0000000a9b600000)]
  0x0000015744fc6800 JavaThread "Execution worker for ':' Thread 2" [_thread_blocked, id=2616, stack(0x0000000a9b600000,0x0000000a9b700000)]
  0x0000015744fc1000 JavaThread "Execution worker for ':' Thread 3" [_thread_blocked, id=3324, stack(0x0000000a9b700000,0x0000000a9b800000)]
  0x0000015744fc9000 JavaThread "Execution worker for ':' Thread 4" [_thread_blocked, id=17372, stack(0x0000000a9b800000,0x0000000a9b900000)]
  0x0000015744fca000 JavaThread "Execution worker for ':' Thread 5" [_thread_blocked, id=9620, stack(0x0000000a9b900000,0x0000000a9ba00000)]
  0x0000015744fcc800 JavaThread "Execution worker for ':' Thread 6" [_thread_blocked, id=13356, stack(0x0000000a9ba00000,0x0000000a9bb00000)]
  0x0000015744fcb000 JavaThread "Execution worker for ':' Thread 7" [_thread_blocked, id=7864, stack(0x0000000a9bb00000,0x0000000a9bc00000)]
  0x0000015744fcb800 JavaThread "Cache worker for execution history cache (D:\CODE_MOBILE\JavaProject\.gradle\7.0.2\executionHistory)" [_thread_blocked, id=16300, stack(0x0000000a9bc00000,0x0000000a9bd00000)]
  0x0000015744fcd000 JavaThread "WorkerExecutor Queue" [_thread_blocked, id=9660, stack(0x0000000a9bd00000,0x0000000a9be00000)]
  0x0000015744fc7800 JavaThread "WorkerExecutor Queue Thread 2" [_thread_blocked, id=9588, stack(0x0000000a9be00000,0x0000000a9bf00000)]
  0x0000015744fce000 JavaThread "WorkerExecutor Queue Thread 3" [_thread_blocked, id=12108, stack(0x0000000a9bf00000,0x0000000a9c000000)]
  0x0000015744fc8800 JavaThread "WorkerExecutor Queue Thread 4" [_thread_blocked, id=13792, stack(0x0000000a9c000000,0x0000000a9c100000)]
  0x0000015744fcf000 JavaThread "WorkerExecutor Queue Thread 5" [_thread_blocked, id=19696, stack(0x0000000a9c100000,0x0000000a9c200000)]
  0x00000157414bb000 JavaThread "WorkerExecutor Queue Thread 6" [_thread_blocked, id=18348, stack(0x0000000a9c200000,0x0000000a9c300000)]
  0x00000157419a8800 JavaThread "WorkerExecutor Queue Thread 7" [_thread_blocked, id=16484, stack(0x0000000a9c300000,0x0000000a9c400000)]
  0x00000157419a7800 JavaThread "WorkerExecutor Queue Thread 8" [_thread_blocked, id=18020, stack(0x0000000a9c400000,0x0000000a9c500000)]
  0x00000157419a9800 JavaThread "WorkerExecutor Queue Thread 9" [_thread_blocked, id=1976, stack(0x0000000a9c500000,0x0000000a9c600000)]

Other Threads:
=>0x000001573e827800 VMThread "VM Thread" [stack: 0x0000000a97700000,0x0000000a97800000] [id=13600]
  0x000001573f23b000 WatcherThread [stack: 0x0000000a98100000,0x0000000a98200000] [id=18488]
  0x00000157243fd000 GCTaskThread "GC Thread#0" [stack: 0x0000000a97200000,0x0000000a97300000] [id=1992]
  0x00000157400d5800 GCTaskThread "GC Thread#1" [stack: 0x0000000a98300000,0x0000000a98400000] [id=11748]
  0x000001573fd6e800 GCTaskThread "GC Thread#2" [stack: 0x0000000a98400000,0x0000000a98500000] [id=8240]
  0x00000157412d6800 GCTaskThread "GC Thread#3" [stack: 0x0000000a98f00000,0x0000000a99000000] [id=1868]
  0x000001574030a000 GCTaskThread "GC Thread#4" [stack: 0x0000000a99000000,0x0000000a99100000] [id=13144]
  0x0000015742a9f800 GCTaskThread "GC Thread#5" [stack: 0x0000000a99100000,0x0000000a99200000] [id=9120]
  0x000001574254c000 GCTaskThread "GC Thread#6" [stack: 0x0000000a99200000,0x0000000a99300000] [id=3840]
  0x000001574254d000 GCTaskThread "GC Thread#7" [stack: 0x0000000a99300000,0x0000000a99400000] [id=16108]
  0x000001572441d800 ConcurrentGCThread "G1 Main Marker" [stack: 0x0000000a97300000,0x0000000a97400000] [id=440]
  0x000001572441e800 ConcurrentGCThread "G1 Conc#0" [stack: 0x0000000a97400000,0x0000000a97500000] [id=10460]
  0x000001574245f000 ConcurrentGCThread "G1 Conc#1" [stack: 0x0000000a99500000,0x0000000a99600000] [id=15516]
  0x000001573e670800 ConcurrentGCThread "G1 Refine#0" [stack: 0x0000000a97500000,0x0000000a97600000] [id=4012]
  0x000001573e671000 ConcurrentGCThread "G1 Young RemSet Sampling" [stack: 0x0000000a97600000,0x0000000a97700000] [id=13348]

Threads with active compile tasks:
C2 CompilerThread0  24152 10780       4       java.lang.ClassLoader::preDefineClass (116 bytes)

VM state:at safepoint (normal execution)

VM Mutex/Monitor currently owned by a thread:  ([mutex/lock_event])
[0x00000157243e4380] Threads_lock - owner thread: 0x000001573e827800
[0x00000157243e3a80] Heap_lock - owner thread: 0x0000015744fc8800

Heap address: 0x0000000080000000, size: 2048 MB, Compressed Oops mode: 32-bit
Narrow klass base: 0x0000000000000000, Narrow klass shift: 3
Compressed class space size: 1073741824 Address: 0x0000000100000000

Heap:
 garbage-first heap   total 187392K, used 90777K [0x0000000080000000, 0x0000000100000000)
  region size 1024K, 5 young (5120K), 5 survivors (5120K)
 Metaspace       used 87575K, capacity 89889K, committed 90096K, reserved 1128448K
  class space    used 11285K, capacity 12129K, committed 12236K, reserved 1048576K
Heap Regions: E=young(eden), S=young(survivor), O=old, HS=humongous(starts), HC=humongous(continues), CS=collection set, F=free, A=archive, TAMS=top-at-mark-start (previous, next)
|   0|0x0000000080000000, 0x0000000080100000, 0x0000000080100000|100%| O|  |TAMS 0x0000000080100000, 0x0000000080000000| Untracked 
|   1|0x0000000080100000, 0x0000000080200000, 0x0000000080200000|100%| O|  |TAMS 0x0000000080200000, 0x0000000080100000| Untracked 
|   2|0x0000000080200000, 0x0000000080300000, 0x0000000080300000|100%| O|  |TAMS 0x0000000080300000, 0x0000000080200000| Untracked 
|   3|0x0000000080300000, 0x0000000080400000, 0x0000000080400000|100%|HS|  |TAMS 0x0000000080400000, 0x0000000080300000| Complete 
|   4|0x0000000080400000, 0x0000000080500000, 0x0000000080500000|100%|HC|  |TAMS 0x0000000080500000, 0x0000000080400000| Complete 
|   5|0x0000000080500000, 0x0000000080600000, 0x0000000080600000|100%|HC|  |TAMS 0x0000000080600000, 0x0000000080500000| Complete 
|   6|0x0000000080600000, 0x0000000080700000, 0x0000000080700000|100%| O|  |TAMS 0x0000000080700000, 0x0000000080600000| Untracked 
|   7|0x0000000080700000, 0x0000000080800000, 0x0000000080800000|100%| O|  |TAMS 0x0000000080800000, 0x0000000080700000| Untracked 
|   8|0x0000000080800000, 0x0000000080900000, 0x0000000080900000|100%| O|  |TAMS 0x0000000080900000, 0x0000000080800000| Untracked 
|   9|0x0000000080900000, 0x0000000080a00000, 0x0000000080a00000|100%| O|  |TAMS 0x0000000080a00000, 0x0000000080900000| Untracked 
|  10|0x0000000080a00000, 0x0000000080b00000, 0x0000000080b00000|100%| O|  |TAMS 0x0000000080b00000, 0x0000000080a00000| Untracked 
|  11|0x0000000080b00000, 0x0000000080c00000, 0x0000000080c00000|100%| O|  |TAMS 0x0000000080c00000, 0x0000000080b00000| Untracked 
|  12|0x0000000080c00000, 0x0000000080d00000, 0x0000000080d00000|100%| O|  |TAMS 0x0000000080d00000, 0x0000000080c00000| Untracked 
|  13|0x0000000080d00000, 0x0000000080e00000, 0x0000000080e00000|100%| O|  |TAMS 0x0000000080e00000, 0x0000000080d00000| Untracked 
|  14|0x0000000080e00000, 0x0000000080f00000, 0x0000000080f00000|100%| O|  |TAMS 0x0000000080f00000, 0x0000000080e00000| Untracked 
|  15|0x0000000080f00000, 0x0000000081000000, 0x0000000081000000|100%| O|  |TAMS 0x0000000081000000, 0x0000000080f00000| Untracked 
|  16|0x0000000081000000, 0x0000000081100000, 0x0000000081100000|100%|HS|  |TAMS 0x0000000081100000, 0x0000000081000000| Complete 
|  17|0x0000000081100000, 0x0000000081200000, 0x0000000081200000|100%| O|  |TAMS 0x0000000081200000, 0x0000000081100000| Untracked 
|  18|0x0000000081200000, 0x0000000081300000, 0x0000000081300000|100%| O|  |TAMS 0x0000000081300000, 0x0000000081200000| Untracked 
|  19|0x0000000081300000, 0x0000000081400000, 0x0000000081400000|100%| O|  |TAMS 0x0000000081400000, 0x0000000081300000| Untracked 
|  20|0x0000000081400000, 0x0000000081500000, 0x0000000081500000|100%| O|  |TAMS 0x0000000081500000, 0x0000000081400000| Untracked 
|  21|0x0000000081500000, 0x0000000081600000, 0x0000000081600000|100%| O|  |TAMS 0x0000000081600000, 0x0000000081500000| Untracked 
|  22|0x0000000081600000, 0x0000000081700000, 0x0000000081700000|100%| O|  |TAMS 0x0000000081700000, 0x0000000081600000| Untracked 
|  23|0x0000000081700000, 0x0000000081800000, 0x0000000081800000|100%| O|  |TAMS 0x0000000081800000, 0x0000000081700000| Untracked 
|  24|0x0000000081800000, 0x0000000081900000, 0x0000000081900000|100%| O|  |TAMS 0x0000000081900000, 0x0000000081800000| Untracked 
|  25|0x0000000081900000, 0x0000000081a00000, 0x0000000081a00000|100%| O|  |TAMS 0x0000000081a00000, 0x0000000081900000| Untracked 
|  26|0x0000000081a00000, 0x0000000081b00000, 0x0000000081b00000|100%| O|  |TAMS 0x0000000081b00000, 0x0000000081a00000| Untracked 
|  27|0x0000000081b00000, 0x0000000081c00000, 0x0000000081c00000|100%|HS|  |TAMS 0x0000000081c00000, 0x0000000081b00000| Complete 
|  28|0x0000000081c00000, 0x0000000081d00000, 0x0000000081d00000|100%|HS|  |TAMS 0x0000000081d00000, 0x0000000081c00000| Complete 
|  29|0x0000000081d00000, 0x0000000081e00000, 0x0000000081e00000|100%|HC|  |TAMS 0x0000000081e00000, 0x0000000081d00000| Complete 
|  30|0x0000000081e00000, 0x0000000081f00000, 0x0000000081f00000|100%| O|  |TAMS 0x0000000081f00000, 0x0000000081e00000| Untracked 
|  31|0x0000000081f00000, 0x0000000082000000, 0x0000000082000000|100%| O|  |TAMS 0x0000000082000000, 0x0000000081f00000| Untracked 
|  32|0x0000000082000000, 0x0000000082100000, 0x0000000082100000|100%| O|  |TAMS 0x0000000082100000, 0x0000000082000000| Untracked 
|  33|0x0000000082100000, 0x0000000082200000, 0x0000000082200000|100%| O|  |TAMS 0x0000000082200000, 0x0000000082100000| Untracked 
|  34|0x0000000082200000, 0x0000000082300000, 0x0000000082300000|100%| O|  |TAMS 0x0000000082300000, 0x0000000082200000| Untracked 
|  35|0x0000000082300000, 0x0000000082400000, 0x0000000082400000|100%| O|  |TAMS 0x0000000082400000, 0x0000000082300000| Untracked 
|  36|0x0000000082400000, 0x0000000082500000, 0x0000000082500000|100%| O|  |TAMS 0x0000000082500000, 0x0000000082400000| Untracked 
|  37|0x0000000082500000, 0x0000000082600000, 0x0000000082600000|100%| O|  |TAMS 0x0000000082600000, 0x0000000082500000| Untracked 
|  38|0x0000000082600000, 0x0000000082700000, 0x0000000082700000|100%| O|  |TAMS 0x0000000082700000, 0x0000000082600000| Untracked 
|  39|0x0000000082700000, 0x0000000082800000, 0x0000000082800000|100%| O|  |TAMS 0x0000000082800000, 0x0000000082700000| Untracked 
|  40|0x0000000082800000, 0x0000000082900000, 0x0000000082900000|100%| O|  |TAMS 0x0000000082900000, 0x0000000082800000| Untracked 
|  41|0x0000000082900000, 0x0000000082a00000, 0x0000000082a00000|100%| O|  |TAMS 0x0000000082a00000, 0x0000000082900000| Untracked 
|  42|0x0000000082a00000, 0x0000000082b00000, 0x0000000082b00000|100%| O|  |TAMS 0x0000000082b00000, 0x0000000082a00000| Untracked 
|  43|0x0000000082b00000, 0x0000000082c00000, 0x0000000082c00000|100%| O|  |TAMS 0x0000000082c00000, 0x0000000082b00000| Untracked 
|  44|0x0000000082c00000, 0x0000000082d00000, 0x0000000082d00000|100%| O|  |TAMS 0x0000000082d00000, 0x0000000082c00000| Untracked 
|  45|0x0000000082d00000, 0x0000000082e00000, 0x0000000082e00000|100%| O|  |TAMS 0x0000000082e00000, 0x0000000082d00000| Untracked 
|  46|0x0000000082e00000, 0x0000000082f00000, 0x0000000082f00000|100%| O|  |TAMS 0x0000000082f00000, 0x0000000082e00000| Untracked 
|  47|0x0000000082f00000, 0x0000000083000000, 0x0000000083000000|100%| O|  |TAMS 0x0000000083000000, 0x0000000082f00000| Untracked 
|  48|0x0000000083000000, 0x0000000083100000, 0x0000000083100000|100%| O|  |TAMS 0x0000000083100000, 0x0000000083000000| Untracked 
|  49|0x0000000083100000, 0x0000000083200000, 0x0000000083200000|100%| O|  |TAMS 0x0000000083200000, 0x0000000083100000| Untracked 
|  50|0x0000000083200000, 0x0000000083300000, 0x0000000083300000|100%| O|  |TAMS 0x0000000083300000, 0x0000000083200000| Untracked 
|  51|0x0000000083300000, 0x0000000083400000, 0x0000000083400000|100%| O|  |TAMS 0x0000000083400000, 0x0000000083300000| Untracked 
|  52|0x0000000083400000, 0x0000000083500000, 0x0000000083500000|100%| O|  |TAMS 0x0000000083500000, 0x0000000083400000| Untracked 
|  53|0x0000000083500000, 0x0000000083600000, 0x0000000083600000|100%| O|  |TAMS 0x0000000083600000, 0x0000000083500000| Untracked 
|  54|0x0000000083600000, 0x0000000083700000, 0x0000000083700000|100%| O|  |TAMS 0x0000000083700000, 0x0000000083600000| Untracked 
|  55|0x0000000083700000, 0x0000000083800000, 0x0000000083800000|100%| O|  |TAMS 0x0000000083800000, 0x0000000083700000| Untracked 
|  56|0x0000000083800000, 0x0000000083900000, 0x0000000083900000|100%| O|  |TAMS 0x0000000083900000, 0x0000000083800000| Untracked 
|  57|0x0000000083900000, 0x0000000083a00000, 0x0000000083a00000|100%| O|  |TAMS 0x0000000083a00000, 0x0000000083900000| Untracked 
|  58|0x0000000083a00000, 0x0000000083b00000, 0x0000000083b00000|100%| O|  |TAMS 0x0000000083b00000, 0x0000000083a00000| Untracked 
|  59|0x0000000083b00000, 0x0000000083c00000, 0x0000000083c00000|100%| O|  |TAMS 0x0000000083c00000, 0x0000000083b00000| Untracked 
|  60|0x0000000083c00000, 0x0000000083d00000, 0x0000000083d00000|100%| O|  |TAMS 0x0000000083d00000, 0x0000000083c00000| Untracked 
|  61|0x0000000083d00000, 0x0000000083e00000, 0x0000000083e00000|100%| O|  |TAMS 0x0000000083e00000, 0x0000000083d00000| Untracked 
|  62|0x0000000083e00000, 0x0000000083f00000, 0x0000000083f00000|100%| O|  |TAMS 0x0000000083f00000, 0x0000000083e00000| Untracked 
|  63|0x0000000083f00000, 0x0000000084000000, 0x0000000084000000|100%| O|  |TAMS 0x0000000084000000, 0x0000000083f00000| Untracked 
|  64|0x0000000084000000, 0x0000000084100000, 0x0000000084100000|100%| O|  |TAMS 0x0000000084100000, 0x0000000084000000| Untracked 
|  65|0x0000000084100000, 0x0000000084200000, 0x0000000084200000|100%| O|  |TAMS 0x0000000084200000, 0x0000000084100000| Untracked 
|  66|0x0000000084200000, 0x0000000084300000, 0x0000000084300000|100%| O|  |TAMS 0x0000000084300000, 0x0000000084200000| Untracked 
|  67|0x0000000084300000, 0x0000000084400000, 0x0000000084400000|100%| O|  |TAMS 0x0000000084400000, 0x0000000084300000| Untracked 
|  68|0x0000000084400000, 0x0000000084500000, 0x0000000084500000|100%| O|  |TAMS 0x0000000084500000, 0x0000000084400000| Untracked 
|  69|0x0000000084500000, 0x0000000084600000, 0x0000000084600000|100%| O|  |TAMS 0x0000000084600000, 0x0000000084500000| Untracked 
|  70|0x0000000084600000, 0x0000000084700000, 0x0000000084700000|100%| O|  |TAMS 0x0000000084700000, 0x0000000084600000| Untracked 
|  71|0x0000000084700000, 0x0000000084800000, 0x0000000084800000|100%| O|  |TAMS 0x0000000084800000, 0x0000000084700000| Untracked 
|  72|0x0000000084800000, 0x0000000084900000, 0x0000000084900000|100%| O|  |TAMS 0x0000000084900000, 0x0000000084800000| Untracked 
|  73|0x0000000084900000, 0x0000000084a00000, 0x0000000084a00000|100%| O|  |TAMS 0x0000000084a00000, 0x0000000084900000| Untracked 
|  74|0x0000000084a00000, 0x0000000084b00000, 0x0000000084b00000|100%| O|  |TAMS 0x0000000084b00000, 0x0000000084a00000| Untracked 
|  75|0x0000000084b00000, 0x0000000084c00000, 0x0000000084c00000|100%| O|  |TAMS 0x0000000084c00000, 0x0000000084b00000| Untracked 
|  76|0x0000000084c00000, 0x0000000084d00000, 0x0000000084d00000|100%| O|  |TAMS 0x0000000084d00000, 0x0000000084c00000| Untracked 
|  77|0x0000000084d00000, 0x0000000084e00000, 0x0000000084e00000|100%| O|  |TAMS 0x0000000084e00000, 0x0000000084d00000| Untracked 
|  78|0x0000000084e00000, 0x0000000084f00000, 0x0000000084f00000|100%| O|  |TAMS 0x0000000084f00000, 0x0000000084e00000| Untracked 
|  79|0x0000000084f00000, 0x0000000085000000, 0x0000000085000000|100%| O|  |TAMS 0x0000000085000000, 0x0000000084f00000| Untracked 
|  80|0x0000000085000000, 0x0000000085100000, 0x0000000085100000|100%| O|  |TAMS 0x0000000085100000, 0x0000000085000000| Untracked 
|  81|0x0000000085100000, 0x0000000085200000, 0x0000000085200000|100%| O|  |TAMS 0x0000000085200000, 0x0000000085100000| Untracked 
|  82|0x0000000085200000, 0x0000000085300000, 0x0000000085300000|100%| O|  |TAMS 0x0000000085300000, 0x0000000085200000| Untracked 
|  83|0x0000000085300000, 0x00000000853a6600, 0x0000000085400000| 64%| O|  |TAMS 0x000000008533ee00, 0x0000000085300000| Untracked 
|  84|0x0000000085400000, 0x0000000085400000, 0x0000000085500000|  0%| F|  |TAMS 0x0000000085400000, 0x0000000085400000| Untracked 
|  85|0x0000000085500000, 0x0000000085500000, 0x0000000085600000|  0%| F|  |TAMS 0x0000000085500000, 0x0000000085500000| Untracked 
|  86|0x0000000085600000, 0x0000000085600000, 0x0000000085700000|  0%| F|  |TAMS 0x0000000085600000, 0x0000000085600000| Untracked 
|  87|0x0000000085700000, 0x0000000085700000, 0x0000000085800000|  0%| F|  |TAMS 0x0000000085700000, 0x0000000085700000| Untracked 
|  88|0x0000000085800000, 0x0000000085800000, 0x0000000085900000|  0%| F|  |TAMS 0x0000000085800000, 0x0000000085800000| Untracked 
|  89|0x0000000085900000, 0x0000000085900000, 0x0000000085a00000|  0%| F|  |TAMS 0x0000000085900000, 0x0000000085900000| Untracked 
|  90|0x0000000085a00000, 0x0000000085a00000, 0x0000000085b00000|  0%| F|  |TAMS 0x0000000085a00000, 0x0000000085a00000| Untracked 
|  91|0x0000000085b00000, 0x0000000085b00000, 0x0000000085c00000|  0%| F|  |TAMS 0x0000000085b00000, 0x0000000085b00000| Untracked 
|  92|0x0000000085c00000, 0x0000000085c00000, 0x0000000085d00000|  0%| F|  |TAMS 0x0000000085c00000, 0x0000000085c00000| Untracked 
|  93|0x0000000085d00000, 0x0000000085d00000, 0x0000000085e00000|  0%| F|  |TAMS 0x0000000085d00000, 0x0000000085d00000| Untracked 
|  94|0x0000000085e00000, 0x0000000085e00000, 0x0000000085f00000|  0%| F|  |TAMS 0x0000000085e00000, 0x0000000085e00000| Untracked 
|  95|0x0000000085f00000, 0x0000000085f00000, 0x0000000086000000|  0%| F|  |TAMS 0x0000000085f00000, 0x0000000085f00000| Untracked 
|  96|0x0000000086000000, 0x0000000086000000, 0x0000000086100000|  0%| F|  |TAMS 0x0000000086000000, 0x0000000086000000| Untracked 
|  97|0x0000000086100000, 0x0000000086100000, 0x0000000086200000|  0%| F|  |TAMS 0x0000000086100000, 0x0000000086100000| Untracked 
|  98|0x0000000086200000, 0x0000000086200000, 0x0000000086300000|  0%| F|  |TAMS 0x0000000086200000, 0x0000000086200000| Untracked 
|  99|0x0000000086300000, 0x0000000086300000, 0x0000000086400000|  0%| F|  |TAMS 0x0000000086300000, 0x0000000086300000| Untracked 
| 100|0x0000000086400000, 0x0000000086400000, 0x0000000086500000|  0%| F|  |TAMS 0x0000000086400000, 0x0000000086400000| Untracked 
| 101|0x0000000086500000, 0x0000000086500000, 0x0000000086600000|  0%| F|  |TAMS 0x0000000086500000, 0x0000000086500000| Untracked 
| 102|0x0000000086600000, 0x0000000086600000, 0x0000000086700000|  0%| F|  |TAMS 0x0000000086600000, 0x0000000086600000| Untracked 
| 103|0x0000000086700000, 0x0000000086700000, 0x0000000086800000|  0%| F|  |TAMS 0x0000000086700000, 0x0000000086700000| Untracked 
| 104|0x0000000086800000, 0x0000000086800000, 0x0000000086900000|  0%| F|  |TAMS 0x0000000086800000, 0x0000000086800000| Untracked 
| 105|0x0000000086900000, 0x0000000086900000, 0x0000000086a00000|  0%| F|  |TAMS 0x0000000086900000, 0x0000000086900000| Untracked 
| 106|0x0000000086a00000, 0x0000000086a00000, 0x0000000086b00000|  0%| F|  |TAMS 0x0000000086a00000, 0x0000000086a00000| Untracked 
| 107|0x0000000086b00000, 0x0000000086b00000, 0x0000000086c00000|  0%| F|  |TAMS 0x0000000086b00000, 0x0000000086b00000| Untracked 
| 108|0x0000000086c00000, 0x0000000086c00000, 0x0000000086d00000|  0%| F|  |TAMS 0x0000000086c00000, 0x0000000086c00000| Untracked 
| 109|0x0000000086d00000, 0x0000000086d00000, 0x0000000086e00000|  0%| F|  |TAMS 0x0000000086d00000, 0x0000000086d00000| Untracked 
| 110|0x0000000086e00000, 0x0000000086e00000, 0x0000000086f00000|  0%| F|  |TAMS 0x0000000086e00000, 0x0000000086e00000| Untracked 
| 111|0x0000000086f00000, 0x0000000086f00000, 0x0000000087000000|  0%| F|  |TAMS 0x0000000086f00000, 0x0000000086f00000| Untracked 
| 112|0x0000000087000000, 0x0000000087100000, 0x0000000087100000|100%| S|CS|TAMS 0x0000000087000000, 0x0000000087000000| Complete 
| 113|0x0000000087100000, 0x0000000087200000, 0x0000000087200000|100%| S|CS|TAMS 0x0000000087100000, 0x0000000087100000| Complete 
| 114|0x0000000087200000, 0x0000000087300000, 0x0000000087300000|100%| S|CS|TAMS 0x0000000087200000, 0x0000000087200000| Complete 
| 115|0x0000000087300000, 0x0000000087400000, 0x0000000087400000|100%| S|CS|TAMS 0x0000000087300000, 0x0000000087300000| Complete 
| 116|0x0000000087400000, 0x0000000087500000, 0x0000000087500000|100%| S|CS|TAMS 0x0000000087400000, 0x0000000087400000| Complete 
| 117|0x0000000087500000, 0x0000000087500000, 0x0000000087600000|  0%| F|  |TAMS 0x0000000087500000, 0x0000000087500000| Untracked 
| 118|0x0000000087600000, 0x0000000087600000, 0x0000000087700000|  0%| F|  |TAMS 0x0000000087600000, 0x0000000087600000| Untracked 
| 119|0x0000000087700000, 0x0000000087700000, 0x0000000087800000|  0%| F|  |TAMS 0x0000000087700000, 0x0000000087700000| Untracked 
| 120|0x0000000087800000, 0x0000000087800000, 0x0000000087900000|  0%| F|  |TAMS 0x0000000087800000, 0x0000000087800000| Untracked 
| 121|0x0000000087900000, 0x0000000087900000, 0x0000000087a00000|  0%| F|  |TAMS 0x0000000087900000, 0x0000000087900000| Untracked 
| 122|0x0000000087a00000, 0x0000000087a00000, 0x0000000087b00000|  0%| F|  |TAMS 0x0000000087a00000, 0x0000000087a00000| Untracked 
| 123|0x0000000087b00000, 0x0000000087b00000, 0x0000000087c00000|  0%| F|  |TAMS 0x0000000087b00000, 0x0000000087b00000| Untracked 
| 124|0x0000000087c00000, 0x0000000087c00000, 0x0000000087d00000|  0%| F|  |TAMS 0x0000000087c00000, 0x0000000087c00000| Untracked 
| 125|0x0000000087d00000, 0x0000000087d00000, 0x0000000087e00000|  0%| F|  |TAMS 0x0000000087d00000, 0x0000000087d00000| Untracked 
| 126|0x0000000087e00000, 0x0000000087e00000, 0x0000000087f00000|  0%| F|  |TAMS 0x0000000087e00000, 0x0000000087e00000| Untracked 
| 127|0x0000000087f00000, 0x0000000087f00000, 0x0000000088000000|  0%| F|  |TAMS 0x0000000087f00000, 0x0000000087f00000| Untracked 
| 128|0x0000000088000000, 0x0000000088000000, 0x0000000088100000|  0%| F|  |TAMS 0x0000000088000000, 0x0000000088000000| Untracked 
| 129|0x0000000088100000, 0x0000000088100000, 0x0000000088200000|  0%| F|  |TAMS 0x0000000088100000, 0x0000000088100000| Untracked 
| 130|0x0000000088200000, 0x0000000088200000, 0x0000000088300000|  0%| F|  |TAMS 0x0000000088200000, 0x0000000088200000| Untracked 
| 131|0x0000000088300000, 0x0000000088300000, 0x0000000088400000|  0%| F|  |TAMS 0x0000000088300000, 0x0000000088300000| Untracked 
| 132|0x0000000088400000, 0x0000000088400000, 0x0000000088500000|  0%| F|  |TAMS 0x0000000088400000, 0x0000000088400000| Untracked 
| 133|0x0000000088500000, 0x0000000088500000, 0x0000000088600000|  0%| F|  |TAMS 0x0000000088500000, 0x0000000088500000| Untracked 
| 134|0x0000000088600000, 0x0000000088600000, 0x0000000088700000|  0%| F|  |TAMS 0x0000000088600000, 0x0000000088600000| Untracked 
| 135|0x0000000088700000, 0x0000000088700000, 0x0000000088800000|  0%| F|  |TAMS 0x0000000088700000, 0x0000000088700000| Untracked 
| 136|0x0000000088800000, 0x0000000088800000, 0x0000000088900000|  0%| F|  |TAMS 0x0000000088800000, 0x0000000088800000| Untracked 
| 137|0x0000000088900000, 0x0000000088900000, 0x0000000088a00000|  0%| F|  |TAMS 0x0000000088900000, 0x0000000088900000| Untracked 
| 138|0x0000000088a00000, 0x0000000088a00000, 0x0000000088b00000|  0%| F|  |TAMS 0x0000000088a00000, 0x0000000088a00000| Untracked 
| 139|0x0000000088b00000, 0x0000000088b00000, 0x0000000088c00000|  0%| F|  |TAMS 0x0000000088b00000, 0x0000000088b00000| Untracked 
| 140|0x0000000088c00000, 0x0000000088c00000, 0x0000000088d00000|  0%| F|  |TAMS 0x0000000088c00000, 0x0000000088c00000| Untracked 
| 141|0x0000000088d00000, 0x0000000088d00000, 0x0000000088e00000|  0%| F|  |TAMS 0x0000000088d00000, 0x0000000088d00000| Untracked 
| 142|0x0000000088e00000, 0x0000000088e00000, 0x0000000088f00000|  0%| F|  |TAMS 0x0000000088e00000, 0x0000000088e00000| Untracked 
| 143|0x0000000088f00000, 0x0000000088f00000, 0x0000000089000000|  0%| F|  |TAMS 0x0000000088f00000, 0x0000000088f00000| Untracked 
| 144|0x0000000089000000, 0x0000000089000000, 0x0000000089100000|  0%| F|  |TAMS 0x0000000089000000, 0x0000000089000000| Untracked 
| 145|0x0000000089100000, 0x0000000089100000, 0x0000000089200000|  0%| F|  |TAMS 0x0000000089100000, 0x0000000089100000| Untracked 
| 146|0x0000000089200000, 0x0000000089200000, 0x0000000089300000|  0%| F|  |TAMS 0x0000000089200000, 0x0000000089200000| Untracked 
| 147|0x0000000089300000, 0x0000000089300000, 0x0000000089400000|  0%| F|  |TAMS 0x0000000089300000, 0x0000000089300000| Untracked 
| 148|0x0000000089400000, 0x0000000089400000, 0x0000000089500000|  0%| F|  |TAMS 0x0000000089400000, 0x0000000089400000| Untracked 
| 149|0x0000000089500000, 0x0000000089500000, 0x0000000089600000|  0%| F|  |TAMS 0x0000000089500000, 0x0000000089500000| Untracked 
| 150|0x0000000089600000, 0x0000000089600000, 0x0000000089700000|  0%| F|  |TAMS 0x0000000089600000, 0x0000000089600000| Untracked 
| 151|0x0000000089700000, 0x0000000089700000, 0x0000000089800000|  0%| F|  |TAMS 0x0000000089700000, 0x0000000089700000| Untracked 

Card table byte_map: [0x00000157375d0000,0x00000157379d0000] _byte_map_base: 0x00000157371d0000

Marking Bits (Prev, Next): (CMBitMap*) 0x000001572441c810, (CMBitMap*) 0x000001572441c7d8
 Prev Bits: [0x0000015739dd0000, 0x000001573bdd0000)
 Next Bits: [0x0000015737dd0000, 0x0000015739dd0000)

Polling page: 0x0000015723b80000

Metaspace:

Usage:
  Non-class:     75.94 MB capacity,    74.50 MB ( 98%) used,     1.18 MB (  2%) free+waste,   262.88 KB ( <1%) overhead. 
      Class:     11.84 MB capacity,    11.02 MB ( 93%) used,   723.39 KB (  6%) free+waste,   119.81 KB ( <1%) overhead. 
       Both:     87.78 MB capacity,    85.52 MB ( 97%) used,     1.89 MB (  2%) free+waste,   382.69 KB ( <1%) overhead. 

Virtual space:
  Non-class space:       78.00 MB reserved,      76.04 MB ( 97%) committed 
      Class space:        1.00 GB reserved,      11.95 MB (  1%) committed 
             Both:        1.08 GB reserved,      87.98 MB (  8%) committed 

Chunk freelists:
   Non-Class:  36.00 KB
       Class:  31.00 KB
        Both:  67.00 KB

MaxMetaspaceSize: 17179869184.00 GB
CompressedClassSpaceSize: 1.00 GB

CodeHeap 'non-profiled nmethods': size=120000Kb used=5006Kb max_used=5006Kb free=114993Kb
 bounds [0x000001572f960000, 0x000001572fe50000, 0x0000015736e90000]
CodeHeap 'profiled nmethods': size=120000Kb used=20978Kb max_used=20978Kb free=99021Kb
 bounds [0x0000015728430000, 0x00000157298b0000, 0x000001572f960000]
CodeHeap 'non-nmethods': size=5760Kb used=2290Kb max_used=2314Kb free=3469Kb
 bounds [0x0000015727e90000, 0x0000015728100000, 0x0000015728430000]
 total_blobs=11424 nmethods=10531 adapters=804
 compilation: enabled
              stopped_count=0, restarted_count=0
 full_count=0

Compilation events (20 events):
Event: 23.990 Thread 0x000001573f0ac800 10774       3       com.android.tools.r8.internal.c0::<init> (5 bytes)
Event: 23.991 Thread 0x000001573f0ac800 nmethod 10774 0x00000157298aa690 code [0x00000157298aa840, 0x00000157298aa998]
Event: 23.991 Thread 0x000001573f0ac800 10775       1       com.android.tools.r8.internal.pe::b (5 bytes)
Event: 23.991 Thread 0x000001573f0ac800 nmethod 10775 0x000001572fe3f210 code [0x000001572fe3f3c0, 0x000001572fe3f458]
Event: 23.996 Thread 0x000001573f0ac800 10777       3       com.android.tools.r8.graph.d0::g (24 bytes)
Event: 23.997 Thread 0x000001573f0ac800 nmethod 10777 0x00000157298aaa90 code [0x00000157298aac80, 0x00000157298ab0e8]
Event: 23.997 Thread 0x000001573f0ac800 10778       3       java.util.stream.IntPipeline$1$1::accept (23 bytes)
Event: 23.997 Thread 0x000001573f0ac800 nmethod 10778 0x00000157298ab210 code [0x00000157298ab3e0, 0x00000157298ab678]
Event: 23.997 Thread 0x000001573f0ac800 10779       3       com.android.tools.r8.internal.St::d (45 bytes)
Event: 23.997 Thread 0x000001573f0ac800 nmethod 10779 0x00000157298ab790 code [0x00000157298ab960, 0x00000157298abd88]
Event: 24.023 Thread 0x000001573f0ac800 10782       3       java.lang.invoke.SimpleMethodHandle::copyWithExtendL (7 bytes)
Event: 24.024 Thread 0x000001573f0ac800 nmethod 10782 0x00000157298abf10 code [0x00000157298ac0e0, 0x00000157298ac408]
Event: 24.034 Thread 0x000001573f0aa800 nmethod 10757 0x000001572fe3f510 code [0x000001572fe3f740, 0x000001572fe40e80]
Event: 24.034 Thread 0x000001573f0aa800 10776 % !   4       java.util.concurrent.ConcurrentHashMap::transfer @ 96 (828 bytes)
Event: 24.051 Thread 0x000001573f0ac800 10783       1       com.android.tools.r8.ProgramResource$ByteResource::getKind (5 bytes)
Event: 24.052 Thread 0x000001573f0ac800 nmethod 10783 0x000001572fe41990 code [0x000001572fe41b40, 0x000001572fe41bf8]
Event: 24.072 Thread 0x000001573f0aa800 nmethod 10776% 0x000001572fe42090 code [0x000001572fe42260, 0x000001572fe434f8]
Event: 24.072 Thread 0x000001573f0aa800 10780       4       java.lang.ClassLoader::preDefineClass (116 bytes)
Event: 24.090 Thread 0x000001573f0ac800 10787       3       com.android.tools.r8.internal.U6::g (26 bytes)
Event: 24.090 Thread 0x000001573f0ac800 nmethod 10787 0x00000157298ac590 code [0x00000157298ac740, 0x00000157298ac898]

GC Heap History (20 events):
Event: 20.906 GC heap after
{Heap after GC invocations=22 (full 0):
 garbage-first heap   total 129024K, used 74129K [0x0000000080000000, 0x0000000100000000)
  region size 1024K, 3 young (3072K), 3 survivors (3072K)
 Metaspace       used 82858K, capacity 85133K, committed 85360K, reserved 1124352K
  class space    used 10712K, capacity 11564K, committed 11596K, reserved 1048576K
}
Event: 21.175 GC heap before
{Heap before GC invocations=22 (full 0):
 garbage-first heap   total 129024K, used 105873K [0x0000000080000000, 0x0000000100000000)
  region size 1024K, 35 young (35840K), 3 survivors (3072K)
 Metaspace       used 83102K, capacity 85373K, committed 85616K, reserved 1124352K
  class space    used 10718K, capacity 11570K, committed 11596K, reserved 1048576K
}
Event: 21.183 GC heap after
{Heap after GC invocations=23 (full 0):
 garbage-first heap   total 129024K, used 75419K [0x0000000080000000, 0x0000000100000000)
  region size 1024K, 4 young (4096K), 4 survivors (4096K)
 Metaspace       used 83102K, capacity 85373K, committed 85616K, reserved 1124352K
  class space    used 10718K, capacity 11570K, committed 11596K, reserved 1048576K
}
Event: 21.654 GC heap before
{Heap before GC invocations=24 (full 0):
 garbage-first heap   total 129024K, used 107163K [0x0000000080000000, 0x0000000100000000)
  region size 1024K, 36 young (36864K), 4 survivors (4096K)
 Metaspace       used 83189K, capacity 85237K, committed 86000K, reserved 1124352K
  class space    used 10647K, capacity 11422K, committed 11724K, reserved 1048576K
}
Event: 21.660 GC heap after
{Heap after GC invocations=25 (full 0):
 garbage-first heap   total 129024K, used 77596K [0x0000000080000000, 0x0000000100000000)
  region size 1024K, 4 young (4096K), 4 survivors (4096K)
 Metaspace       used 83189K, capacity 85237K, committed 86000K, reserved 1124352K
  class space    used 10647K, capacity 11422K, committed 11724K, reserved 1048576K
}
Event: 21.904 GC heap before
{Heap before GC invocations=25 (full 0):
 garbage-first heap   total 129024K, used 107292K [0x0000000080000000, 0x0000000100000000)
  region size 1024K, 34 young (34816K), 4 survivors (4096K)
 Metaspace       used 83339K, capacity 85397K, committed 86000K, reserved 1124352K
  class space    used 10654K, capacity 11426K, committed 11724K, reserved 1048576K
}
Event: 21.912 GC heap after
{Heap after GC invocations=26 (full 0):
 garbage-first heap   total 129024K, used 79710K [0x0000000080000000, 0x0000000100000000)
  region size 1024K, 5 young (5120K), 5 survivors (5120K)
 Metaspace       used 83339K, capacity 85397K, committed 86000K, reserved 1124352K
  class space    used 10654K, capacity 11426K, committed 11724K, reserved 1048576K
}
Event: 22.154 GC heap before
{Heap before GC invocations=27 (full 0):
 garbage-first heap   total 129024K, used 107358K [0x0000000080000000, 0x0000000100000000)
  region size 1024K, 33 young (33792K), 5 survivors (5120K)
 Metaspace       used 83389K, capacity 85468K, committed 86256K, reserved 1124352K
  class space    used 10654K, capacity 11426K, committed 11724K, reserved 1048576K
}
Event: 22.159 GC heap after
{Heap after GC invocations=28 (full 0):
 garbage-first heap   total 129024K, used 81066K [0x0000000080000000, 0x0000000100000000)
  region size 1024K, 4 young (4096K), 4 survivors (4096K)
 Metaspace       used 83389K, capacity 85468K, committed 86256K, reserved 1124352K
  class space    used 10654K, capacity 11426K, committed 11724K, reserved 1048576K
}
Event: 22.368 GC heap before
{Heap before GC invocations=28 (full 0):
 garbage-first heap   total 129024K, used 107690K [0x0000000080000000, 0x0000000100000000)
  region size 1024K, 31 young (31744K), 4 survivors (4096K)
 Metaspace       used 83563K, capacity 85713K, committed 86256K, reserved 1124352K
  class space    used 10676K, capacity 11437K, committed 11724K, reserved 1048576K
}
Event: 22.374 GC heap after
{Heap after GC invocations=29 (full 0):
 garbage-first heap   total 129024K, used 82518K [0x0000000080000000, 0x0000000100000000)
  region size 1024K, 3 young (3072K), 3 survivors (3072K)
 Metaspace       used 83563K, capacity 85713K, committed 86256K, reserved 1124352K
  class space    used 10676K, capacity 11437K, committed 11724K, reserved 1048576K
}
Event: 22.678 GC heap before
{Heap before GC invocations=30 (full 0):
 garbage-first heap   total 129024K, used 109142K [0x0000000080000000, 0x0000000100000000)
  region size 1024K, 30 young (30720K), 3 survivors (3072K)
 Metaspace       used 83657K, capacity 85805K, committed 86512K, reserved 1124352K
  class space    used 10687K, capacity 11445K, committed 11724K, reserved 1048576K
}
Event: 22.685 GC heap after
{Heap after GC invocations=31 (full 0):
 garbage-first heap   total 155648K, used 83941K [0x0000000080000000, 0x0000000100000000)
  region size 1024K, 3 young (3072K), 3 survivors (3072K)
 Metaspace       used 83657K, capacity 85805K, committed 86512K, reserved 1124352K
  class space    used 10687K, capacity 11445K, committed 11724K, reserved 1048576K
}
Event: 22.881 GC heap before
{Heap before GC invocations=31 (full 0):
 garbage-first heap   total 155648K, used 122853K [0x0000000080000000, 0x0000000100000000)
  region size 1024K, 41 young (41984K), 3 survivors (3072K)
 Metaspace       used 83666K, capacity 85806K, committed 86512K, reserved 1124352K
  class space    used 10687K, capacity 11445K, committed 11724K, reserved 1048576K
}
Event: 22.888 GC heap after
{Heap after GC invocations=32 (full 0):
 garbage-first heap   total 155648K, used 85490K [0x0000000080000000, 0x0000000100000000)
  region size 1024K, 5 young (5120K), 5 survivors (5120K)
 Metaspace       used 83666K, capacity 85806K, committed 86512K, reserved 1124352K
  class space    used 10687K, capacity 11445K, committed 11724K, reserved 1048576K
}
Event: 23.259 GC heap before
{Heap before GC invocations=33 (full 0):
 garbage-first heap   total 155648K, used 123378K [0x0000000080000000, 0x0000000100000000)
  region size 1024K, 43 young (44032K), 5 survivors (5120K)
 Metaspace       used 83698K, capacity 85807K, committed 86512K, reserved 1124352K
  class space    used 10688K, capacity 11445K, committed 11724K, reserved 1048576K
}
Event: 23.265 GC heap after
{Heap after GC invocations=34 (full 0):
 garbage-first heap   total 155648K, used 87321K [0x0000000080000000, 0x0000000100000000)
  region size 1024K, 5 young (5120K), 5 survivors (5120K)
 Metaspace       used 83698K, capacity 85807K, committed 86512K, reserved 1124352K
  class space    used 10688K, capacity 11445K, committed 11724K, reserved 1048576K
}
Event: 23.666 GC heap before
{Heap before GC invocations=34 (full 0):
 garbage-first heap   total 155648K, used 96537K [0x0000000080000000, 0x0000000100000000)
  region size 1024K, 16 young (16384K), 5 survivors (5120K)
 Metaspace       used 84105K, capacity 86244K, committed 86768K, reserved 1124352K
  class space    used 10750K, capacity 11504K, committed 11724K, reserved 1048576K
}
Event: 23.672 GC heap after
{Heap after GC invocations=35 (full 0):
 garbage-first heap   total 155648K, used 87871K [0x0000000080000000, 0x0000000100000000)
  region size 1024K, 3 young (3072K), 3 survivors (3072K)
 Metaspace       used 84105K, capacity 86244K, committed 86768K, reserved 1124352K
  class space    used 10750K, capacity 11504K, committed 11724K, reserved 1048576K
}
Event: 24.120 GC heap before
{Heap before GC invocations=36 (full 0):
 garbage-first heap   total 155648K, used 123711K [0x0000000080000000, 0x0000000100000000)
  region size 1024K, 35 young (35840K), 3 survivors (3072K)
 Metaspace       used 87575K, capacity 89889K, committed 90096K, reserved 1128448K
  class space    used 11285K, capacity 12129K, committed 12236K, reserved 1048576K
}

Deoptimization events (20 events):
Event: 23.864 Thread 0x00000157419a7800 Uncommon trap: trap_request=0xffffff4d fr.pc=0x000001572fd7a1fc relative=0x000000000000071c
Event: 23.864 Thread 0x00000157414bb000 DEOPT PACKING pc=0x000001572fd7a1fc sp=0x0000000a9c2fd820
Event: 23.864 Thread 0x0000015744fcf000 Uncommon trap: reason=unstable_if action=reinterpret pc=0x000001572fd7a1fc method=java.io.BufferedInputStream.read1([BII)I @ 60 c2
Event: 23.864 Thread 0x0000015744fcf000 DEOPT PACKING pc=0x000001572fd7a1fc sp=0x0000000a9c1fd600
Event: 23.864 Thread 0x00000157414bb000 DEOPT UNPACKING pc=0x0000015727eb78af sp=0x0000000a9c2fd770 mode 2
Event: 23.864 Thread 0x0000015744fcf000 DEOPT UNPACKING pc=0x0000015727eb78af sp=0x0000000a9c1fd550 mode 2
Event: 23.865 Thread 0x00000157419a7800 Uncommon trap: reason=unstable_if action=reinterpret pc=0x000001572fd7a1fc method=java.io.BufferedInputStream.read1([BII)I @ 60 c2
Event: 23.865 Thread 0x00000157419a7800 DEOPT PACKING pc=0x000001572fd7a1fc sp=0x0000000a9c4fd7a0
Event: 23.865 Thread 0x00000157419a8800 Uncommon trap: reason=unstable_if action=reinterpret pc=0x000001572fd7a1fc method=java.io.BufferedInputStream.read1([BII)I @ 60 c2
Event: 23.865 Thread 0x00000157419a7800 DEOPT UNPACKING pc=0x0000015727eb78af sp=0x0000000a9c4fd6f0 mode 2
Event: 23.865 Thread 0x00000157419a8800 DEOPT PACKING pc=0x000001572fd7a1fc sp=0x0000000a9c3fd4f0
Event: 23.865 Thread 0x00000157419a8800 DEOPT UNPACKING pc=0x0000015727eb78af sp=0x0000000a9c3fd440 mode 2
Event: 23.897 Thread 0x0000015744fcf000 Uncommon trap: trap_request=0xffffff4d fr.pc=0x000001572fdb6b94 relative=0x0000000000000434
Event: 23.897 Thread 0x0000015744fcf000 Uncommon trap: reason=unstable_if action=reinterpret pc=0x000001572fdb6b94 method=java.util.concurrent.ConcurrentHashMap.putVal(Ljava/lang/Object;Ljava/lang/Object;Z)Ljava/lang/Object; @ 245 c2
Event: 23.897 Thread 0x0000015744fcf000 DEOPT PACKING pc=0x000001572fdb6b94 sp=0x0000000a9c1f8810
Event: 23.897 Thread 0x0000015744fcf000 DEOPT UNPACKING pc=0x0000015727eb78af sp=0x0000000a9c1f87a8 mode 2
Event: 23.897 Thread 0x0000015744fcf000 Uncommon trap: trap_request=0xffffff4d fr.pc=0x000001572fd8c788 relative=0x0000000000000328
Event: 23.897 Thread 0x0000015744fcf000 Uncommon trap: reason=unstable_if action=reinterpret pc=0x000001572fd8c788 method=com.google.common.collect.MapMakerInternalMap$Segment.getEntry(Ljava/lang/Object;I)Lcom/google/common/collect/MapMakerInternalMap$InternalEntry; @ 63 c2
Event: 23.897 Thread 0x0000015744fcf000 DEOPT PACKING pc=0x000001572fd8c788 sp=0x0000000a9c1f86e0
Event: 23.897 Thread 0x0000015744fcf000 DEOPT UNPACKING pc=0x0000015727eb78af sp=0x0000000a9c1f8698 mode 2

Classes redefined (0 events):
No events

Internal exceptions (20 events):
Event: 22.221 Thread 0x0000015744fc1000 Exception <a 'java/lang/NoSuchMethodError'{0x00000000875af298}: <clinit>> (0x00000000875af298) thrown at [./src/hotspot/share/prims/jni.cpp, line 1362]
Event: 22.223 Thread 0x0000015744fc1000 Exception <a 'java/lang/NoSuchMethodError'{0x00000000875c8950}: <clinit>> (0x00000000875c8950) thrown at [./src/hotspot/share/prims/jni.cpp, line 1362]
Event: 22.223 Thread 0x0000015744fc1000 Exception <a 'java/lang/NoSuchMethodError'{0x00000000875c9e30}: <clinit>> (0x00000000875c9e30) thrown at [./src/hotspot/share/prims/jni.cpp, line 1362]
Event: 22.473 Thread 0x0000015744fc1000 Exception <a 'java/lang/NoSuchMethodError'{0x000000008761eee0}: 'int java.lang.invoke.DirectMethodHandle$Holder.invokeSpecial(java.lang.Object, java.lang.Object, java.lang.Object, java.lang.Object, java.lang.Object)'> (0x000000008761eee0) thrown at [./src/hotspot/share/interpreter/linkResolver.cpp, line 773]
Event: 22.599 Thread 0x000001574238c800 Implicit null exception at 0x000001572fdff632 to 0x000001572fdffa20
Event: 22.599 Thread 0x0000015742387000 Implicit null exception at 0x000001572fdff632 to 0x000001572fdffa20
Event: 23.763 Thread 0x0000015744fcb000 Exception <a 'java/lang/NoSuchMethodError'{0x00000000894590b8}: <clinit>> (0x00000000894590b8) thrown at [./src/hotspot/share/prims/jni.cpp, line 1362]
Event: 23.880 Thread 0x0000015744fcd000 Exception <a 'sun/nio/fs/WindowsException'{0x0000000088202da8}> (0x0000000088202da8) thrown at [./src/hotspot/share/prims/jni.cpp, line 615]
Event: 23.880 Thread 0x0000015744fc8800 Exception <a 'sun/nio/fs/WindowsException'{0x0000000088679770}> (0x0000000088679770) thrown at [./src/hotspot/share/prims/jni.cpp, line 615]
Event: 23.881 Thread 0x0000015744fce000 Exception <a 'sun/nio/fs/WindowsException'{0x00000000883be148}> (0x00000000883be148) thrown at [./src/hotspot/share/prims/jni.cpp, line 615]
Event: 23.881 Thread 0x0000015744fc7800 Exception <a 'sun/nio/fs/WindowsException'{0x000000008839c248}> (0x000000008839c248) thrown at [./src/hotspot/share/prims/jni.cpp, line 615]
Event: 24.061 Thread 0x0000015744fcf000 Exception <a 'java/lang/NoSuchMethodError'{0x00000000878ea1a8}: 'java.lang.Object java.lang.invoke.DirectMethodHandle$Holder.invokeStatic(java.lang.Object, java.lang.Object, java.lang.Object, java.lang.Object, java.lang.Object, java.lang.Object, java.lang.Object, java.lang.Object, java.lang.Object, java.lang.Object, java.lang.Object, java.lang.Object, java.lang.Object, java.lang.Object, java.lang.Object, java.lang.Object, java.lang.Object, java.lang.Object, int, java.lang.Object)'> (0x00000000878ea1a8) thr
Event: 24.062 Thread 0x0000015744fcf000 Exception <a 'java/lang/NoSuchMethodError'{0x00000000878eff28}: 'java.lang.Object java.lang.invoke.DirectMethodHandle$Holder.invokeStaticInit(java.lang.Object, java.lang.Object, java.lang.Object, java.lang.Object, java.lang.Object, java.lang.Object, java.lang.Object, java.lang.Object, java.lang.Object, java.lang.Object, java.lang.Object, java.lang.Object, java.lang.Object, java.lang.Object, java.lang.Object, java.lang.Object, java.lang.Object, java.lang.Object, int, java.lang.Object)'> (0x00000000878eff28)
Event: 24.090 Thread 0x00000157419a7800 Exception <a 'java/lang/IncompatibleClassChangeError'{0x0000000087605f50}: Found class java.lang.Object, but interface was expected> (0x0000000087605f50) thrown at [./src/hotspot/share/interpreter/linkResolver.cpp, line 839]
Event: 24.090 Thread 0x0000015744fcf000 Exception <a 'java/lang/IncompatibleClassChangeError'{0x000000008777eb08}: Found class java.lang.Object, but interface was expected> (0x000000008777eb08) thrown at [./src/hotspot/share/interpreter/linkResolver.cpp, line 839]
Event: 24.090 Thread 0x00000157419a8800 Exception <a 'java/lang/IncompatibleClassChangeError'{0x0000000087793a28}: Found class java.lang.Object, but interface was expected> (0x0000000087793a28) thrown at [./src/hotspot/share/interpreter/linkResolver.cpp, line 839]
Event: 24.090 Thread 0x0000015744fce000 Exception <a 'java/lang/IncompatibleClassChangeError'{0x000000008778ff28}: Found class java.lang.Object, but interface was expected> (0x000000008778ff28) thrown at [./src/hotspot/share/interpreter/linkResolver.cpp, line 839]
Event: 24.090 Thread 0x00000157414bb000 Exception <a 'java/lang/IncompatibleClassChangeError'{0x00000000878abdc0}: Found class java.lang.Object, but interface was expected> (0x00000000878abdc0) thrown at [./src/hotspot/share/interpreter/linkResolver.cpp, line 839]
Event: 24.090 Thread 0x0000015744fcd000 Exception <a 'java/lang/IncompatibleClassChangeError'{0x0000000087774ab8}: Found class java.lang.Object, but interface was expected> (0x0000000087774ab8) thrown at [./src/hotspot/share/interpreter/linkResolver.cpp, line 839]
Event: 24.090 Thread 0x0000015744fc7800 Exception <a 'java/lang/IncompatibleClassChangeError'{0x00000000877ec3c0}: Found class java.lang.Object, but interface was expected> (0x00000000877ec3c0) thrown at [./src/hotspot/share/interpreter/linkResolver.cpp, line 839]

Events (20 events):
Event: 24.116 loading class com/android/tools/r8/internal/ZF done
Event: 24.117 loading class com/android/tools/r8/internal/w8
Event: 24.117 loading class com/android/tools/r8/internal/w8 done
Event: 24.117 loading class com/android/tools/r8/internal/A8
Event: 24.117 loading class com/android/tools/r8/internal/A8 done
Event: 24.117 loading class com/android/tools/r8/ir/optimize/info/f
Event: 24.117 loading class com/android/tools/r8/ir/optimize/info/f done
Event: 24.118 loading class com/android/tools/r8/internal/YE
Event: 24.118 loading class com/android/tools/r8/internal/YE done
Event: 24.118 loading class com/android/tools/r8/internal/FG
Event: 24.118 loading class com/android/tools/r8/internal/FG done
Event: 24.118 loading class com/android/tools/r8/internal/Q0
Event: 24.118 loading class com/android/tools/r8/internal/Q0 done
Event: 24.118 loading class com/android/tools/r8/internal/Qn
Event: 24.118 loading class com/android/tools/r8/internal/Qn done
Event: 24.120 loading class com/android/tools/r8/graph/P$c
Event: 24.120 loading class com/android/tools/r8/graph/P$c done
Event: 24.120 loading class com/android/tools/r8/shaking/g1
Event: 24.120 loading class com/android/tools/r8/shaking/g1 done
Event: 24.120 Executing VM operation: G1CollectForAllocation


Dynamic libraries:
0x00007ff6c5910000 - 0x00007ff6c591a000 	D:\APLICATION\Android Studio\jre\bin\java.exe
0x00007ff8053e0000 - 0x00007ff8055e9000 	C:\WINDOWS\SYSTEM32\ntdll.dll
0x00007ff804c90000 - 0x00007ff804d4d000 	C:\WINDOWS\System32\KERNEL32.DLL
0x00007ff802c50000 - 0x00007ff802fc4000 	C:\WINDOWS\System32\KERNELBASE.dll
0x00007ff802a60000 - 0x00007ff802b71000 	C:\WINDOWS\System32\ucrtbase.dll
0x00007fffd2fc0000 - 0x00007fffd2fd9000 	D:\APLICATION\Android Studio\jre\bin\jli.dll
0x00007fffd2fe0000 - 0x00007fffd2ff7000 	D:\APLICATION\Android Studio\jre\bin\VCRUNTIME140.dll
0x00007ff803e10000 - 0x00007ff803fbc000 	C:\WINDOWS\System32\USER32.dll
0x00007fffbefd0000 - 0x00007fffbf275000 	C:\WINDOWS\WinSxS\amd64_microsoft.windows.common-controls_6595b64144ccf1df_6.0.22000.120_none_9d947278b86cc467\COMCTL32.dll
0x00007ff802c20000 - 0x00007ff802c46000 	C:\WINDOWS\System32\win32u.dll
0x00007ff8034b0000 - 0x00007ff803553000 	C:\WINDOWS\System32\msvcrt.dll
0x00007ff804920000 - 0x00007ff804949000 	C:\WINDOWS\System32\GDI32.dll
0x00007ff802940000 - 0x00007ff802a52000 	C:\WINDOWS\System32\gdi32full.dll
0x00007ff802b80000 - 0x00007ff802c1d000 	C:\WINDOWS\System32\msvcp_win.dll
0x00007ff804c40000 - 0x00007ff804c71000 	C:\WINDOWS\System32\IMM32.DLL
0x00007fffa8d30000 - 0x00007fffa8dcd000 	D:\APLICATION\Android Studio\jre\bin\msvcp140.dll
0x00007fff8a6e0000 - 0x00007fff8b1af000 	D:\APLICATION\Android Studio\jre\bin\server\jvm.dll
0x00007ff8039d0000 - 0x00007ff803a7e000 	C:\WINDOWS\System32\ADVAPI32.dll
0x00007ff803280000 - 0x00007ff80331e000 	C:\WINDOWS\System32\sechost.dll
0x00007ff804d50000 - 0x00007ff804e70000 	C:\WINDOWS\System32\RPCRT4.dll
0x00007ff804c80000 - 0x00007ff804c88000 	C:\WINDOWS\System32\PSAPI.DLL
0x00007ffffaf20000 - 0x00007ffffaf2a000 	C:\WINDOWS\SYSTEM32\VERSION.dll
0x00007fffdedf0000 - 0x00007fffdedf9000 	C:\WINDOWS\SYSTEM32\WSOCK32.dll
0x00007ff8051f0000 - 0x00007ff80525f000 	C:\WINDOWS\System32\WS2_32.dll
0x00007ffffbf20000 - 0x00007ffffbf53000 	C:\WINDOWS\SYSTEM32\WINMM.dll
0x00007ff801a00000 - 0x00007ff801a18000 	C:\WINDOWS\SYSTEM32\kernel.appcore.dll
0x00007ffff4020000 - 0x00007ffff4031000 	D:\APLICATION\Android Studio\jre\bin\verify.dll
0x00007fffee6f0000 - 0x00007fffee911000 	C:\WINDOWS\SYSTEM32\DBGHELP.DLL
0x00007fffea3d0000 - 0x00007fffea401000 	C:\WINDOWS\SYSTEM32\dbgcore.DLL
0x00007ff802fd0000 - 0x00007ff80304f000 	C:\WINDOWS\System32\bcryptPrimitives.dll
0x00007ffff3ff0000 - 0x00007ffff4019000 	D:\APLICATION\Android Studio\jre\bin\java.dll
0x00007fffff1a0000 - 0x00007fffff1ab000 	D:\APLICATION\Android Studio\jre\bin\jimage.dll
0x00007ffff3fd0000 - 0x00007ffff3fe8000 	D:\APLICATION\Android Studio\jre\bin\zip.dll
0x00007ff803fc0000 - 0x00007ff80476e000 	C:\WINDOWS\System32\SHELL32.dll
0x00007ff800a00000 - 0x00007ff801267000 	C:\WINDOWS\SYSTEM32\windows.storage.dll
0x00007ff804e70000 - 0x00007ff8051e8000 	C:\WINDOWS\System32\combase.dll
0x00007ff800890000 - 0x00007ff8009f6000 	C:\WINDOWS\SYSTEM32\wintypes.dll
0x00007ff803c50000 - 0x00007ff803d3a000 	C:\WINDOWS\System32\SHCORE.dll
0x00007ff804be0000 - 0x00007ff804c3d000 	C:\WINDOWS\System32\shlwapi.dll
0x00007ff802800000 - 0x00007ff802821000 	C:\WINDOWS\SYSTEM32\profapi.dll
0x00007ffff3fb0000 - 0x00007ffff3fca000 	D:\APLICATION\Android Studio\jre\bin\net.dll
0x00007ffffca10000 - 0x00007ffffcb1c000 	C:\WINDOWS\SYSTEM32\WINHTTP.dll
0x00007ff801eb0000 - 0x00007ff801f17000 	C:\WINDOWS\system32\mswsock.dll
0x00007ffff3f90000 - 0x00007ffff3fa4000 	D:\APLICATION\Android Studio\jre\bin\nio.dll
0x00007fffab730000 - 0x00007fffab757000 	C:\Users\ACER\.gradle\native\8bec1ad78214c89d9ad589b4d07fe93259594b29d510b10fafb7a158f7737e5d\windows-amd64\native-platform.dll
0x00007fffa8b70000 - 0x00007fffa8cad000 	C:\Users\ACER\.gradle\native\53dbd7edfb1c66fb8903c78663c9afc45aea4f116125fa6feffd364cf09443e8\windows-amd64\native-platform-file-events.dll
0x00007fffff150000 - 0x00007fffff15a000 	D:\APLICATION\Android Studio\jre\bin\management.dll
0x00007ffffc0e0000 - 0x00007ffffc0ec000 	D:\APLICATION\Android Studio\jre\bin\management_ext.dll
0x00007ff8020f0000 - 0x00007ff802108000 	C:\WINDOWS\SYSTEM32\CRYPTSP.dll
0x00007ff801960000 - 0x00007ff801995000 	C:\WINDOWS\system32\rsaenh.dll
0x00007ff801f70000 - 0x00007ff801f99000 	C:\WINDOWS\SYSTEM32\USERENV.dll
0x00007ff8022b0000 - 0x00007ff8022d7000 	C:\WINDOWS\SYSTEM32\bcrypt.dll
0x00007ff8020e0000 - 0x00007ff8020ec000 	C:\WINDOWS\SYSTEM32\CRYPTBASE.dll
0x00007ff8014c0000 - 0x00007ff8014ed000 	C:\WINDOWS\SYSTEM32\IPHLPAPI.DLL
0x00007ff804770000 - 0x00007ff804779000 	C:\WINDOWS\System32\NSI.dll
0x00007ffffc2d0000 - 0x00007ffffc2e9000 	C:\WINDOWS\SYSTEM32\dhcpcsvc6.DLL
0x00007ffffcfd0000 - 0x00007ffffcfee000 	C:\WINDOWS\SYSTEM32\dhcpcsvc.DLL
0x00007ff8014f0000 - 0x00007ff8015d7000 	C:\WINDOWS\SYSTEM32\DNSAPI.dll

dbghelp: loaded successfully - version: 4.0.5 - missing functions: none
symbol engine: initialized successfully - sym options: 0x614 - pdb path: .;D:\APLICATION\Android Studio\jre\bin;C:\WINDOWS\SYSTEM32;C:\WINDOWS\WinSxS\amd64_microsoft.windows.common-controls_6595b64144ccf1df_6.0.22000.120_none_9d947278b86cc467;D:\APLICATION\Android Studio\jre\bin\server;C:\Users\ACER\.gradle\native\8bec1ad78214c89d9ad589b4d07fe93259594b29d510b10fafb7a158f7737e5d\windows-amd64;C:\Users\ACER\.gradle\native\53dbd7edfb1c66fb8903c78663c9afc45aea4f116125fa6feffd364cf09443e8\windows-amd64

VM Arguments:
jvm_args: --add-opens=java.base/java.util=ALL-UNNAMED --add-opens=java.base/java.lang=ALL-UNNAMED --add-opens=java.base/java.lang.invoke=ALL-UNNAMED --add-opens=java.base/java.util=ALL-UNNAMED --add-opens=java.prefs/java.util.prefs=ALL-UNNAMED --add-opens=java.prefs/java.util.prefs=ALL-UNNAMED --add-opens=java.base/java.nio.charset=ALL-UNNAMED --add-opens=java.base/java.net=ALL-UNNAMED --add-opens=java.base/java.util.concurrent.atomic=ALL-UNNAMED -Xmx2048m -Dfile.encoding=UTF-8 -Duser.country=US -Duser.language=en -Duser.variant 
java_command: org.gradle.launcher.daemon.bootstrap.GradleDaemon 7.0.2
java_class_path (initial): C:\Users\ACER\.gradle\wrapper\dists\gradle-7.0.2-bin\857tjihv64xamwrf0h14cai3r\gradle-7.0.2\lib\gradle-launcher-7.0.2.jar
Launcher Type: SUN_STANDARD

[Global flags]
     intx CICompilerCount                          = 4                                         {product} {ergonomic}
     uint ConcGCThreads                            = 2                                         {product} {ergonomic}
     uint G1ConcRefinementThreads                  = 8                                         {product} {ergonomic}
   size_t G1HeapRegionSize                         = 1048576                                   {product} {ergonomic}
    uintx GCDrainStackTargetSize                   = 64                                        {product} {ergonomic}
   size_t InitialHeapSize                          = 132120576                                 {product} {ergonomic}
   size_t MarkStackSize                            = 4194304                                   {product} {ergonomic}
   size_t MaxHeapSize                              = 2147483648                                {product} {command line}
   size_t MaxNewSize                               = 1287651328                                {product} {ergonomic}
   size_t MinHeapDeltaBytes                        = 1048576                                   {product} {ergonomic}
    uintx NonNMethodCodeHeapSize                   = 5836300                                {pd product} {ergonomic}
    uintx NonProfiledCodeHeapSize                  = 122910970                              {pd product} {ergonomic}
    uintx ProfiledCodeHeapSize                     = 122910970                              {pd product} {ergonomic}
    uintx ReservedCodeCacheSize                    = 251658240                              {pd product} {ergonomic}
     bool SegmentedCodeCache                       = true                                      {product} {ergonomic}
     bool UseCompressedClassPointers               = true                                 {lp64_product} {ergonomic}
     bool UseCompressedOops                        = true                                 {lp64_product} {ergonomic}
     bool UseG1GC                                  = true                                      {product} {ergonomic}
     bool UseLargePagesIndividualAllocation        = false                                  {pd product} {ergonomic}

Logging:
Log output configuration:
 #0: stdout all=warning uptime,level,tags
 #1: stderr all=off uptime,level,tags

Environment Variables:
JAVA_HOME=C:\Users\ACER\AppData\Local\Programs\AdoptOpenJDK\jdk-11.0.10.9-hotspot\
PATH=D:\APLICATION\Database\Oracle\bin;D:\APLICATION\Oracle\bin;C:\Program Files\Common Files\Oracle\Java\javapath;C:\Windows\system32;C:\Windows;C:\Windows\System32\Wbem;C:\Windows\System32\WindowsPowerShell\v1.0\;C:\Windows\System32\OpenSSH\;C:\Program Files (x86)\Intel\Intel(R) Management Engine Components\DAL;C:\Program Files\Intel\Intel(R) Management Engine Components\DAL;C:\Program Files\NVIDIA Corporation\NVIDIA NGX;C:\Program Files (x86)\NVIDIA Corporation\PhysX\Common;C:\Program Files\NVIDIA Corporation\NVIDIA NvDLISR;C:\Program Files\dotnet\;C:\WINDOWS\system32;C:\WINDOWS;C:\WINDOWS\System32\Wbem;C:\WINDOWS\System32\WindowsPowerShell\v1.0\;C:\WINDOWS\System32\OpenSSH\;C:\MinGW\bin;C:\Python\Python38;C:\Program Files\Microsoft SQL Server\Client SDK\ODBC\170\Tools\Binn\;C:\Program Files (x86)\Microsoft SQL Server\150\Tools\Binn\;C:\Program Files\Microsoft SQL Server\150\Tools\Binn\;C:\Program Files\Microsoft SQL Server\150\DTS\Binn\;D:\APLICATION\Git\cmd;C:\Program Files\Microsoft SQL Server\130\Tools\Binn\;D:\APLICATION\Java\lib;D:\APLICATION\Database\Oracle\jdbc\lib;D:\APLICATION\PYTHON;D:\APLICATION\PYTHON\Scripts;C:\Program Files\Git\cmd;D:\APLICATION\nodejs\;C:\ProgramData\ComposerSetup\bin;C:\Program Files (x86)\Microsoft SQL Server\150\DTS\Binn\;C:\Program Files\Azure Data Studio\bin;D:\APLICATION\R\R-4.1.2\bin\x64;C:\Users\ACER\AppData\Local\Programs\Python\Python38\Scripts\;C:\Users\ACER\AppData\Local\Programs\Python\Python38\;C:\Program Files\MySQL\MySQL Shell 8.0\bin\;C:\Users\ACER\AppData\Local\Programs\AdoptOpenJDK\jdk-11.0.10.9-hotspot\bin;C:\Python\Python38\Scripts\;C:\Python\Python38\;C:\Users\ACER\AppData\Local\Microsoft\WindowsApps;C:\Users\ACER\AppData\Local\Programs\Microsoft VS Code\bin;D:\APLICATION\XAMPP\php;C:\Users\ACER\AppData\Local\GitHubDesktop\bin;C:\Users\ACER\AppData\Roaming\npm;C:\Users\ACER\AppData\Roaming\Composer\vendor\bin;C:\Program Files\Azure Data Studio\bin
USERNAME=ACER
OS=Windows_NT
PROCESSOR_IDENTIFIER=Intel64 Family 6 Model 158 Stepping 10, GenuineIntel



---------------  S Y S T E M  ---------------

OS: Windows 10 , 64 bit Build 22000 (10.0.22000.434)
OS uptime: 1 days 19:09 hours
Hyper-V role detected

CPU:total 8 (initial active 8) (4 cores per cpu, 2 threads per core) family 6 model 158 stepping 10 microcode 0xde, cmov, cx8, fxsr, mmx, sse, sse2, sse3, ssse3, sse4.1, sse4.2, popcnt, avx, avx2, aes, clmul, erms, 3dnowpref, lzcnt, ht, tsc, tscinvbit, bmi1, bmi2, adx, fma

Memory: 4k page, system-wide physical 8040M (141M free)
TotalPageFile size 20840M (AvailPageFile size 11M)
current process WorkingSet (physical memory assigned to process): 386M, peak: 386M
current process commit charge ("private bytes"): 421M, peak: 452M

vm_info: OpenJDK 64-Bit Server VM (11.0.10+0-b96-7249189) for windows-amd64 JRE (11.0.10+0-b96-7249189), built on Mar 31 2021 21:44:00 by "builder" with MS VC++ 14.0 (VS2015)

END.
