#
# There is insufficient memory for the Java Runtime Environment to continue.
# Native memory allocation (malloc) failed to allocate 1843056 bytes for Chunk::new
# Possible reasons:
#   The system is out of physical RAM or swap space
#   The process is running with CompressedOops enabled, and the Java Heap may be blocking the growth of the native heap
# Possible solutions:
#   Reduce memory load on the system
#   Increase physical memory or swap space
#   Check if swap backing store is full
#   Decrease Java heap size (-Xmx/-Xms)
#   Decrease number of Java threads
#   Decrease Java thread stack sizes (-Xss)
#   Set larger code cache with -XX:ReservedCodeCacheSize=
#   JVM is running with Unscaled Compressed Oops mode in which the Java heap is
#     placed in the first 4GB address space. The Java Heap base address is the
#     maximum limit for the native heap growth. Please use -XX:HeapBaseMinAddress
#     to set the Java Heap base and to place the Java Heap above 4GB virtual address.
# This output file may be truncated or incomplete.
#
#  Out of Memory Error (./src/hotspot/share/memory/arena.cpp:197), pid=16948, tid=16284
#
# JRE version: OpenJDK Runtime Environment (11.0.10) (build 11.0.10+0-b96-7249189)
# Java VM: OpenJDK 64-Bit Server VM (11.0.10+0-b96-7249189, mixed mode, tiered, compressed oops, g1 gc, windows-amd64)
# No core dump will be written. Minidumps are not enabled by default on client versions of Windows
#

---------------  S U M M A R Y ------------

Command Line: --add-opens=java.base/java.util=ALL-UNNAMED --add-opens=java.base/java.lang=ALL-UNNAMED --add-opens=java.base/java.lang.invoke=ALL-UNNAMED --add-opens=java.base/java.util=ALL-UNNAMED --add-opens=java.prefs/java.util.prefs=ALL-UNNAMED --add-opens=java.prefs/java.util.prefs=ALL-UNNAMED --add-opens=java.base/java.nio.charset=ALL-UNNAMED --add-opens=java.base/java.net=ALL-UNNAMED --add-opens=java.base/java.util.concurrent.atomic=ALL-UNNAMED -Xmx2048m -Dfile.encoding=UTF-8 -Duser.country=US -Duser.language=en -Duser.variant org.gradle.launcher.daemon.bootstrap.GradleDaemon 7.0.2

Host: Intel(R) Core(TM) i5-9300H CPU @ 2.40GHz, 8 cores, 7G,  Windows 10 , 64 bit Build 22000 (10.0.22000.434)
Time: Wed Mar 16 14:54:18 2022 SE Asia Standard Time elapsed time: 96.743947 seconds (0d 0h 1m 36s)

---------------  T H R E A D  ---------------

Current thread (0x000001b4b58a4000):  JavaThread "C2 CompilerThread0" daemon [_thread_in_native, id=16284, stack(0x00000010ccc00000,0x00000010ccd00000)]


Current CompileTask:
C2:  96744 14027   !   4       java.nio.file.FileTreeWalker::next (144 bytes)

Stack: [0x00000010ccc00000,0x00000010ccd00000]
Native frames: (J=compiled Java code, j=interpreted, Vv=VM code, C=native code)
V  [jvm.dll+0x5ecfaa]
V  [jvm.dll+0x722bd5]
V  [jvm.dll+0x72412d]
V  [jvm.dll+0x7247e3]
V  [jvm.dll+0x242928]
V  [jvm.dll+0xbc4fc]
V  [jvm.dll+0xbca0c]
V  [jvm.dll+0x352d7d]
V  [jvm.dll+0x320ad3]
V  [jvm.dll+0x31ffca]
V  [jvm.dll+0x1fb602]
V  [jvm.dll+0x1fa7f4]
V  [jvm.dll+0x18354c]
V  [jvm.dll+0x208ee7]
V  [jvm.dll+0x207731]
V  [jvm.dll+0x6eb1cf]
V  [jvm.dll+0x6e3d45]
V  [jvm.dll+0x5ebe96]
C  [ucrtbase.dll+0x26c0c]
C  [KERNEL32.DLL+0x154e0]
C  [ntdll.dll+0x485b]


---------------  P R O C E S S  ---------------

Threads class SMR info:
_java_thread_list=0x000001b4bed3bcf0, length=70, elements={
0x000001b49b421800, 0x000001b4b5889000, 0x000001b4b588a000, 0x000001b4b6203800,
0x000001b4b6204800, 0x000001b4b6206000, 0x000001b4b58a4000, 0x000001b4b58a4800,
0x000001b4b58a8800, 0x000001b4b636d000, 0x000001b4b820b000, 0x000001b4b72d9000,
0x000001b4b6436800, 0x000001b4b7b16800, 0x000001b4b74e9800, 0x000001b4b77a9000,
0x000001b4b78a6000, 0x000001b4b8135800, 0x000001b4b84b3800, 0x000001b4b84b2000,
0x000001b4b84b6000, 0x000001b4b84b0800, 0x000001b4b84b1000, 0x000001b4b84b7000,
0x000001b4b84b5000, 0x000001b4b84b2800, 0x000001b4b84b4800, 0x000001b4b8e01800,
0x000001b4b8dfd800, 0x000001b4b8e00000, 0x000001b4b8e03000, 0x000001b4b8e04000,
0x000001b4b8e05000, 0x000001b4b8dff000, 0x000001b4b8e0b800, 0x000001b4b8e0a800,
0x000001b4b8e06800, 0x000001b4b8e08000, 0x000001b4b8e05800, 0x000001b4b8e0c000,
0x000001b4b8e09000, 0x000001b4b8e07800, 0x000001b4b8e0a000, 0x000001b4ba5ea000,
0x000001b4ba5e6800, 0x000001b4ba5ed000, 0x000001b4ba5ea800, 0x000001b4ba5e7800,
0x000001b4ba5ec800, 0x000001b4ba5eb800, 0x000001b4ba5e9000, 0x000001b4c0282000,
0x000001b4c0285000, 0x000001b4c0282800, 0x000001b4c0286000, 0x000001b4c0280800,
0x000001b4c0287000, 0x000001b4c0281000, 0x000001b4c0283800, 0x000001b4c0284800,
0x000001b4be93b800, 0x000001b4be93d800, 0x000001b4be93d000, 0x000001b4be93e800,
0x000001b4be939000, 0x000001b4be93a800, 0x000001b4be93f800, 0x000001b4be939800,
0x000001b4be945000, 0x000001b4be942000
}

Java Threads: ( => current thread )
  0x000001b49b421800 JavaThread "main" [_thread_blocked, id=5344, stack(0x00000010cc000000,0x00000010cc100000)]
  0x000001b4b5889000 JavaThread "Reference Handler" daemon [_thread_blocked, id=9908, stack(0x00000010cc700000,0x00000010cc800000)]
  0x000001b4b588a000 JavaThread "Finalizer" daemon [_thread_blocked, id=15924, stack(0x00000010cc800000,0x00000010cc900000)]
  0x000001b4b6203800 JavaThread "Signal Dispatcher" daemon [_thread_blocked, id=20380, stack(0x00000010cc900000,0x00000010cca00000)]
  0x000001b4b6204800 JavaThread "Attach Listener" daemon [_thread_blocked, id=12508, stack(0x00000010cca00000,0x00000010ccb00000)]
  0x000001b4b6206000 JavaThread "Service Thread" daemon [_thread_blocked, id=2148, stack(0x00000010ccb00000,0x00000010ccc00000)]
=>0x000001b4b58a4000 JavaThread "C2 CompilerThread0" daemon [_thread_in_native, id=16284, stack(0x00000010ccc00000,0x00000010ccd00000)]
  0x000001b4b58a4800 JavaThread "C1 CompilerThread0" daemon [_thread_blocked, id=12612, stack(0x00000010ccd00000,0x00000010cce00000)]
  0x000001b4b58a8800 JavaThread "Sweeper thread" daemon [_thread_blocked, id=13084, stack(0x00000010cce00000,0x00000010ccf00000)]
  0x000001b4b636d000 JavaThread "Common-Cleaner" daemon [_thread_blocked, id=440, stack(0x00000010ccf00000,0x00000010cd000000)]
  0x000001b4b820b000 JavaThread "Daemon health stats" [_thread_blocked, id=10252, stack(0x00000010cd400000,0x00000010cd500000)]
  0x000001b4b72d9000 JavaThread "Incoming local TCP Connector on port 54159" [_thread_in_native, id=17412, stack(0x00000010cd100000,0x00000010cd200000)]
  0x000001b4b6436800 JavaThread "Daemon periodic checks" [_thread_blocked, id=6220, stack(0x00000010cd500000,0x00000010cd600000)]
  0x000001b4b7b16800 JavaThread "Daemon" [_thread_blocked, id=20452, stack(0x00000010cd600000,0x00000010cd700000)]
  0x000001b4b74e9800 JavaThread "Handler for socket connection from /127.0.0.1:54159 to /127.0.0.1:54160" [_thread_in_native, id=4760, stack(0x00000010cd700000,0x00000010cd800000)]
  0x000001b4b77a9000 JavaThread "Cancel handler" [_thread_blocked, id=3032, stack(0x00000010cd800000,0x00000010cd900000)]
  0x000001b4b78a6000 JavaThread "Daemon worker" [_thread_in_native, id=9608, stack(0x00000010cd900000,0x00000010cda00000)]
  0x000001b4b8135800 JavaThread "Asynchronous log dispatcher for DefaultDaemonConnection: socket connection from /127.0.0.1:54159 to /127.0.0.1:54160" [_thread_blocked, id=1612, stack(0x00000010cda00000,0x00000010cdb00000)]
  0x000001b4b84b3800 JavaThread "Daemon client event forwarder" [_thread_blocked, id=10880, stack(0x00000010cdc00000,0x00000010cdd00000)]
  0x000001b4b84b2000 JavaThread "Cache worker for file hash cache (C:\Users\ACER\.gradle\caches\7.0.2\fileHashes)" [_thread_blocked, id=1584, stack(0x00000010ce200000,0x00000010ce300000)]
  0x000001b4b84b6000 JavaThread "File lock request listener" [_thread_in_native, id=13652, stack(0x00000010ce300000,0x00000010ce400000)]
  0x000001b4b84b0800 JavaThread "Cache worker for journal cache (C:\Users\ACER\.gradle\caches\journal-1)" [_thread_blocked, id=19704, stack(0x00000010ce500000,0x00000010ce600000)]
  0x000001b4b84b1000 JavaThread "Cache worker for file hash cache (D:\CODE_MOBILE\JavaProject\.gradle\7.0.2\fileHashes)" [_thread_blocked, id=19724, stack(0x00000010ce600000,0x00000010ce700000)]
  0x000001b4b84b7000 JavaThread "File watcher server" daemon [_thread_in_native, id=2060, stack(0x00000010ce700000,0x00000010ce800000)]
  0x000001b4b84b5000 JavaThread "File watcher consumer" daemon [_thread_blocked, id=7264, stack(0x00000010ce800000,0x00000010ce900000)]
  0x000001b4b84b2800 JavaThread "Cache worker for checksums cache (D:\CODE_MOBILE\JavaProject\.gradle\checksums)" [_thread_blocked, id=19468, stack(0x00000010ce900000,0x00000010cea00000)]
  0x000001b4b84b4800 JavaThread "Cache worker for cache directory md-supplier (C:\Users\ACER\.gradle\caches\7.0.2\md-supplier)" [_thread_blocked, id=13184, stack(0x00000010cea00000,0x00000010ceb00000)]
  0x000001b4b8e01800 JavaThread "Cache worker for cache directory md-rule (C:\Users\ACER\.gradle\caches\7.0.2\md-rule)" [_thread_blocked, id=17036, stack(0x00000010ceb00000,0x00000010cec00000)]
  0x000001b4b8dfd800 JavaThread "Cache worker for execution history cache (C:\Users\ACER\.gradle\caches\7.0.2\executionHistory)" [_thread_blocked, id=7016, stack(0x00000010cec00000,0x00000010ced00000)]
  0x000001b4b8e00000 JavaThread "jar transforms" [_thread_blocked, id=12108, stack(0x00000010ced00000,0x00000010cee00000)]
  0x000001b4b8e03000 JavaThread "jar transforms Thread 2" [_thread_blocked, id=16760, stack(0x00000010cee00000,0x00000010cef00000)]
  0x000001b4b8e04000 JavaThread "Cache worker for file content cache (C:\Users\ACER\.gradle\caches\7.0.2\fileContent)" [_thread_blocked, id=12472, stack(0x00000010cef00000,0x00000010cf000000)]
  0x000001b4b8e05000 JavaThread "Cache worker for dependencies-accessors (D:\CODE_MOBILE\JavaProject\.gradle\7.0.2\dependencies-accessors)" [_thread_blocked, id=14132, stack(0x00000010cf000000,0x00000010cf100000)]
  0x000001b4b8dff000 JavaThread "jar transforms Thread 3" [_thread_blocked, id=10460, stack(0x00000010cf100000,0x00000010cf200000)]
  0x000001b4b8e0b800 JavaThread "Cache worker for Build Output Cleanup Cache (D:\CODE_MOBILE\JavaProject\.gradle\buildOutputCleanup)" [_thread_blocked, id=11716, stack(0x00000010cf200000,0x00000010cf300000)]
  0x000001b4b8e0a800 JavaThread "Build operations" [_thread_blocked, id=1268, stack(0x00000010cf300000,0x00000010cf400000)]
  0x000001b4b8e06800 JavaThread "Build operations Thread 2" [_thread_blocked, id=1940, stack(0x00000010cf400000,0x00000010cf500000)]
  0x000001b4b8e08000 JavaThread "Build operations Thread 3" [_thread_blocked, id=7068, stack(0x00000010cf500000,0x00000010cf600000)]
  0x000001b4b8e05800 JavaThread "Build operations Thread 4" [_thread_blocked, id=4232, stack(0x00000010cf600000,0x00000010cf700000)]
  0x000001b4b8e0c000 JavaThread "Build operations Thread 5" [_thread_blocked, id=17828, stack(0x00000010cf700000,0x00000010cf800000)]
  0x000001b4b8e09000 JavaThread "Build operations Thread 6" [_thread_blocked, id=9656, stack(0x00000010cf800000,0x00000010cf900000)]
  0x000001b4b8e07800 JavaThread "Build operations Thread 7" [_thread_blocked, id=2816, stack(0x00000010cf900000,0x00000010cfa00000)]
  0x000001b4b8e0a000 JavaThread "Build operations Thread 8" [_thread_blocked, id=13492, stack(0x00000010cfa00000,0x00000010cfb00000)]
  0x000001b4ba5ea000 JavaThread "jar transforms Thread 4" [_thread_blocked, id=15932, stack(0x00000010cfb00000,0x00000010cfc00000)]
  0x000001b4ba5e6800 JavaThread "jar transforms Thread 5" [_thread_blocked, id=2932, stack(0x00000010cfc00000,0x00000010cfd00000)]
  0x000001b4ba5ed000 JavaThread "jar transforms Thread 6" [_thread_blocked, id=12244, stack(0x00000010cfd00000,0x00000010cfe00000)]
  0x000001b4ba5ea800 JavaThread "jar transforms Thread 7" [_thread_blocked, id=19904, stack(0x00000010cfe00000,0x00000010cff00000)]
  0x000001b4ba5e7800 JavaThread "jar transforms Thread 8" [_thread_blocked, id=19032, stack(0x00000010cff00000,0x00000010d0000000)]
  0x000001b4ba5ec800 JavaThread "Memory manager" [_thread_blocked, id=12728, stack(0x00000010d0200000,0x00000010d0300000)]
  0x000001b4ba5eb800 JavaThread "build event listener" [_thread_blocked, id=2700, stack(0x00000010d0400000,0x00000010d0500000)]
  0x000001b4ba5e9000 JavaThread "pool-3-thread-1" [_thread_blocked, id=15456, stack(0x00000010d0500000,0x00000010d0600000)]
  0x000001b4c0282000 JavaThread "build event listener" [_thread_blocked, id=11076, stack(0x00000010d0600000,0x00000010d0700000)]
  0x000001b4c0285000 JavaThread "Execution worker for ':'" [_thread_blocked, id=9780, stack(0x00000010d0700000,0x00000010d0800000)]
  0x000001b4c0282800 JavaThread "Execution worker for ':' Thread 2" [_thread_blocked, id=3940, stack(0x00000010d0800000,0x00000010d0900000)]
  0x000001b4c0286000 JavaThread "Execution worker for ':' Thread 3" [_thread_blocked, id=16372, stack(0x00000010d0900000,0x00000010d0a00000)]
  0x000001b4c0280800 JavaThread "Execution worker for ':' Thread 4" [_thread_blocked, id=4100, stack(0x00000010d0a00000,0x00000010d0b00000)]
  0x000001b4c0287000 JavaThread "Execution worker for ':' Thread 5" [_thread_blocked, id=1416, stack(0x00000010d0b00000,0x00000010d0c00000)]
  0x000001b4c0281000 JavaThread "Execution worker for ':' Thread 6" [_thread_blocked, id=18968, stack(0x00000010d0c00000,0x00000010d0d00000)]
  0x000001b4c0283800 JavaThread "Execution worker for ':' Thread 7" [_thread_blocked, id=8876, stack(0x00000010d0d00000,0x00000010d0e00000)]
  0x000001b4c0284800 JavaThread "Cache worker for execution history cache (D:\CODE_MOBILE\JavaProject\.gradle\7.0.2\executionHistory)" [_thread_blocked, id=2996, stack(0x00000010d0e00000,0x00000010d0f00000)]
  0x000001b4be93b800 JavaThread "Cache worker for Java compile cache (C:\Users\ACER\.gradle\caches\7.0.2\javaCompile)" [_thread_blocked, id=11780, stack(0x00000010cbd00000,0x00000010cbe00000)]
  0x000001b4be93d800 JavaThread "Cache worker for Java compile cache (D:\CODE_MOBILE\JavaProject\.gradle\7.0.2\javaCompile)" [_thread_blocked, id=5336, stack(0x00000010cbe00000,0x00000010cbf00000)]
  0x000001b4be93d000 JavaThread "WorkerExecutor Queue" [_thread_blocked, id=18884, stack(0x00000010cbf00000,0x00000010cc000000)]
  0x000001b4be93e800 JavaThread "WorkerExecutor Queue Thread 2" [_thread_blocked, id=1936, stack(0x00000010cdb00000,0x00000010cdc00000)]
  0x000001b4be939000 JavaThread "WorkerExecutor Queue Thread 3" [_thread_blocked, id=12552, stack(0x00000010d0300000,0x00000010d0400000)]
  0x000001b4be93a800 JavaThread "WorkerExecutor Queue Thread 4" [_thread_blocked, id=11196, stack(0x00000010d0f00000,0x00000010d1000000)]
  0x000001b4be93f800 JavaThread "WorkerExecutor Queue Thread 5" [_thread_blocked, id=20148, stack(0x00000010d1000000,0x00000010d1100000)]
  0x000001b4be939800 JavaThread "WorkerExecutor Queue Thread 6" [_thread_blocked, id=5036, stack(0x00000010d1100000,0x00000010d1200000)]
  0x000001b4be945000 JavaThread "WorkerExecutor Queue Thread 7" [_thread_blocked, id=15556, stack(0x00000010d1200000,0x00000010d1300000)]
  0x000001b4be942000 JavaThread "WorkerExecutor Queue Thread 8" [_thread_blocked, id=10596, stack(0x00000010d1300000,0x00000010d1400000)]

Other Threads:
  0x000001b4b5884800 VMThread "VM Thread" [stack: 0x00000010cc600000,0x00000010cc700000] [id=8784]
  0x000001b4b6395000 WatcherThread [stack: 0x00000010cd000000,0x00000010cd100000] [id=19696]
  0x000001b49b43b000 GCTaskThread "GC Thread#0" [stack: 0x00000010cc100000,0x00000010cc200000] [id=9876]
  0x000001b4b6da2000 GCTaskThread "GC Thread#1" [stack: 0x00000010cd200000,0x00000010cd300000] [id=16348]
  0x000001b4b736b800 GCTaskThread "GC Thread#2" [stack: 0x00000010cd300000,0x00000010cd400000] [id=18448]
  0x000001b4b7d12000 GCTaskThread "GC Thread#3" [stack: 0x00000010cdd00000,0x00000010cde00000] [id=13776]
  0x000001b4b7bfd800 GCTaskThread "GC Thread#4" [stack: 0x00000010cde00000,0x00000010cdf00000] [id=10452]
  0x000001b4b7bf7000 GCTaskThread "GC Thread#5" [stack: 0x00000010cdf00000,0x00000010ce000000] [id=11816]
  0x000001b4b7d0f000 GCTaskThread "GC Thread#6" [stack: 0x00000010ce000000,0x00000010ce100000] [id=18196]
  0x000001b4b7d10000 GCTaskThread "GC Thread#7" [stack: 0x00000010ce100000,0x00000010ce200000] [id=8788]
  0x000001b49b46d800 ConcurrentGCThread "G1 Main Marker" [stack: 0x00000010cc200000,0x00000010cc300000] [id=19396]
  0x000001b49b46e800 ConcurrentGCThread "G1 Conc#0" [stack: 0x00000010cc300000,0x00000010cc400000] [id=9600]
  0x000001b4b81a9800 ConcurrentGCThread "G1 Conc#1" [stack: 0x00000010ce400000,0x00000010ce500000] [id=13256]
  0x000001b49b4fe800 ConcurrentGCThread "G1 Refine#0" [stack: 0x00000010cc400000,0x00000010cc500000] [id=9976]
  0x000001b4b56d4800 ConcurrentGCThread "G1 Young RemSet Sampling" [stack: 0x00000010cc500000,0x00000010cc600000] [id=4572]

Threads with active compile tasks:
C2 CompilerThread0  96841 14027   !   4       java.nio.file.FileTreeWalker::next (144 bytes)

VM state:not at safepoint (normal execution)

VM Mutex/Monitor currently owned by a thread: None

Heap address: 0x0000000080000000, size: 2048 MB, Compressed Oops mode: 32-bit
Narrow klass base: 0x0000000000000000, Narrow klass shift: 3
Compressed class space size: 1073741824 Address: 0x0000000100000000

Heap:
 garbage-first heap   total 155648K, used 113459K [0x0000000080000000, 0x0000000100000000)
  region size 1024K, 14 young (14336K), 3 survivors (3072K)
 Metaspace       used 104406K, capacity 107505K, committed 107852K, reserved 1142784K
  class space    used 13607K, capacity 14817K, committed 14924K, reserved 1048576K
Heap Regions: E=young(eden), S=young(survivor), O=old, HS=humongous(starts), HC=humongous(continues), CS=collection set, F=free, A=archive, TAMS=top-at-mark-start (previous, next)
|   0|0x0000000080000000, 0x0000000080100000, 0x0000000080100000|100%| O|  |TAMS 0x0000000080100000, 0x0000000080000000| Untracked 
|   1|0x0000000080100000, 0x0000000080200000, 0x0000000080200000|100%| O|  |TAMS 0x0000000080200000, 0x0000000080100000| Untracked 
|   2|0x0000000080200000, 0x0000000080300000, 0x0000000080300000|100%| O|  |TAMS 0x0000000080300000, 0x0000000080200000| Untracked 
|   3|0x0000000080300000, 0x0000000080400000, 0x0000000080400000|100%|HS|  |TAMS 0x0000000080400000, 0x0000000080300000| Complete 
|   4|0x0000000080400000, 0x0000000080500000, 0x0000000080500000|100%|HC|  |TAMS 0x0000000080500000, 0x0000000080400000| Complete 
|   5|0x0000000080500000, 0x0000000080600000, 0x0000000080600000|100%|HC|  |TAMS 0x0000000080600000, 0x0000000080500000| Complete 
|   6|0x0000000080600000, 0x0000000080700000, 0x0000000080700000|100%| O|  |TAMS 0x0000000080700000, 0x0000000080600000| Untracked 
|   7|0x0000000080700000, 0x0000000080800000, 0x0000000080800000|100%| O|  |TAMS 0x0000000080800000, 0x0000000080700000| Untracked 
|   8|0x0000000080800000, 0x0000000080900000, 0x0000000080900000|100%| O|  |TAMS 0x0000000080900000, 0x0000000080800000| Untracked 
|   9|0x0000000080900000, 0x0000000080a00000, 0x0000000080a00000|100%| O|  |TAMS 0x0000000080a00000, 0x0000000080900000| Untracked 
|  10|0x0000000080a00000, 0x0000000080b00000, 0x0000000080b00000|100%| O|  |TAMS 0x0000000080b00000, 0x0000000080a00000| Untracked 
|  11|0x0000000080b00000, 0x0000000080c00000, 0x0000000080c00000|100%| O|  |TAMS 0x0000000080c00000, 0x0000000080b00000| Untracked 
|  12|0x0000000080c00000, 0x0000000080d00000, 0x0000000080d00000|100%| O|  |TAMS 0x0000000080d00000, 0x0000000080c00000| Untracked 
|  13|0x0000000080d00000, 0x0000000080e00000, 0x0000000080e00000|100%| O|  |TAMS 0x0000000080e00000, 0x0000000080d00000| Untracked 
|  14|0x0000000080e00000, 0x0000000080f00000, 0x0000000080f00000|100%| O|  |TAMS 0x0000000080f00000, 0x0000000080e00000| Untracked 
|  15|0x0000000080f00000, 0x0000000081000000, 0x0000000081000000|100%| O|  |TAMS 0x0000000081000000, 0x0000000080f00000| Untracked 
|  16|0x0000000081000000, 0x0000000081100000, 0x0000000081100000|100%|HS|  |TAMS 0x0000000081100000, 0x0000000081000000| Complete 
|  17|0x0000000081100000, 0x0000000081200000, 0x0000000081200000|100%| O|  |TAMS 0x0000000081200000, 0x0000000081100000| Untracked 
|  18|0x0000000081200000, 0x0000000081300000, 0x0000000081300000|100%| O|  |TAMS 0x0000000081300000, 0x0000000081200000| Untracked 
|  19|0x0000000081300000, 0x0000000081400000, 0x0000000081400000|100%| O|  |TAMS 0x0000000081400000, 0x0000000081300000| Untracked 
|  20|0x0000000081400000, 0x0000000081500000, 0x0000000081500000|100%| O|  |TAMS 0x0000000081500000, 0x0000000081400000| Untracked 
|  21|0x0000000081500000, 0x0000000081600000, 0x0000000081600000|100%| O|  |TAMS 0x0000000081600000, 0x0000000081500000| Untracked 
|  22|0x0000000081600000, 0x0000000081700000, 0x0000000081700000|100%| O|  |TAMS 0x0000000081700000, 0x0000000081600000| Untracked 
|  23|0x0000000081700000, 0x0000000081800000, 0x0000000081800000|100%|HS|  |TAMS 0x0000000081800000, 0x0000000081700000| Complete 
|  24|0x0000000081800000, 0x0000000081900000, 0x0000000081900000|100%|HS|  |TAMS 0x0000000081900000, 0x0000000081800000| Complete 
|  25|0x0000000081900000, 0x0000000081a00000, 0x0000000081a00000|100%|HC|  |TAMS 0x0000000081a00000, 0x0000000081900000| Complete 
|  26|0x0000000081a00000, 0x0000000081b00000, 0x0000000081b00000|100%| O|  |TAMS 0x0000000081b00000, 0x0000000081a00000| Untracked 
|  27|0x0000000081b00000, 0x0000000081c00000, 0x0000000081c00000|100%| O|  |TAMS 0x0000000081c00000, 0x0000000081b00000| Untracked 
|  28|0x0000000081c00000, 0x0000000081d00000, 0x0000000081d00000|100%| O|  |TAMS 0x0000000081d00000, 0x0000000081c00000| Untracked 
|  29|0x0000000081d00000, 0x0000000081e00000, 0x0000000081e00000|100%| O|  |TAMS 0x0000000081e00000, 0x0000000081d00000| Untracked 
|  30|0x0000000081e00000, 0x0000000081f00000, 0x0000000081f00000|100%| O|  |TAMS 0x0000000081f00000, 0x0000000081e00000| Untracked 
|  31|0x0000000081f00000, 0x0000000082000000, 0x0000000082000000|100%| O|  |TAMS 0x0000000082000000, 0x0000000081f00000| Untracked 
|  32|0x0000000082000000, 0x0000000082100000, 0x0000000082100000|100%| O|  |TAMS 0x0000000082100000, 0x0000000082000000| Untracked 
|  33|0x0000000082100000, 0x0000000082200000, 0x0000000082200000|100%| O|  |TAMS 0x0000000082200000, 0x0000000082100000| Untracked 
|  34|0x0000000082200000, 0x0000000082300000, 0x0000000082300000|100%| O|  |TAMS 0x0000000082300000, 0x0000000082200000| Untracked 
|  35|0x0000000082300000, 0x0000000082400000, 0x0000000082400000|100%| O|  |TAMS 0x0000000082400000, 0x0000000082300000| Untracked 
|  36|0x0000000082400000, 0x0000000082500000, 0x0000000082500000|100%| O|  |TAMS 0x0000000082500000, 0x0000000082400000| Untracked 
|  37|0x0000000082500000, 0x0000000082600000, 0x0000000082600000|100%| O|  |TAMS 0x0000000082600000, 0x0000000082500000| Untracked 
|  38|0x0000000082600000, 0x0000000082700000, 0x0000000082700000|100%| O|  |TAMS 0x0000000082700000, 0x0000000082600000| Untracked 
|  39|0x0000000082700000, 0x0000000082800000, 0x0000000082800000|100%| O|  |TAMS 0x0000000082800000, 0x0000000082700000| Untracked 
|  40|0x0000000082800000, 0x0000000082900000, 0x0000000082900000|100%| O|  |TAMS 0x0000000082900000, 0x0000000082800000| Untracked 
|  41|0x0000000082900000, 0x0000000082a00000, 0x0000000082a00000|100%| O|  |TAMS 0x0000000082a00000, 0x0000000082900000| Untracked 
|  42|0x0000000082a00000, 0x0000000082b00000, 0x0000000082b00000|100%| O|  |TAMS 0x0000000082b00000, 0x0000000082a00000| Untracked 
|  43|0x0000000082b00000, 0x0000000082c00000, 0x0000000082c00000|100%| O|  |TAMS 0x0000000082c00000, 0x0000000082b00000| Untracked 
|  44|0x0000000082c00000, 0x0000000082d00000, 0x0000000082d00000|100%| O|  |TAMS 0x0000000082d00000, 0x0000000082c00000| Untracked 
|  45|0x0000000082d00000, 0x0000000082e00000, 0x0000000082e00000|100%| O|  |TAMS 0x0000000082e00000, 0x0000000082d00000| Untracked 
|  46|0x0000000082e00000, 0x0000000082f00000, 0x0000000082f00000|100%| O|  |TAMS 0x0000000082f00000, 0x0000000082e00000| Untracked 
|  47|0x0000000082f00000, 0x0000000083000000, 0x0000000083000000|100%| O|  |TAMS 0x0000000083000000, 0x0000000082f00000| Untracked 
|  48|0x0000000083000000, 0x0000000083100000, 0x0000000083100000|100%| O|  |TAMS 0x0000000083100000, 0x0000000083000000| Untracked 
|  49|0x0000000083100000, 0x0000000083200000, 0x0000000083200000|100%| O|  |TAMS 0x0000000083200000, 0x0000000083100000| Untracked 
|  50|0x0000000083200000, 0x0000000083300000, 0x0000000083300000|100%| O|  |TAMS 0x0000000083300000, 0x0000000083200000| Untracked 
|  51|0x0000000083300000, 0x0000000083400000, 0x0000000083400000|100%| O|  |TAMS 0x0000000083400000, 0x0000000083300000| Untracked 
|  52|0x0000000083400000, 0x0000000083500000, 0x0000000083500000|100%| O|  |TAMS 0x0000000083500000, 0x0000000083400000| Untracked 
|  53|0x0000000083500000, 0x0000000083600000, 0x0000000083600000|100%| O|  |TAMS 0x0000000083600000, 0x0000000083500000| Untracked 
|  54|0x0000000083600000, 0x0000000083700000, 0x0000000083700000|100%| O|  |TAMS 0x0000000083700000, 0x0000000083600000| Untracked 
|  55|0x0000000083700000, 0x0000000083800000, 0x0000000083800000|100%| O|  |TAMS 0x0000000083800000, 0x0000000083700000| Untracked 
|  56|0x0000000083800000, 0x0000000083900000, 0x0000000083900000|100%| O|  |TAMS 0x0000000083900000, 0x0000000083800000| Untracked 
|  57|0x0000000083900000, 0x0000000083a00000, 0x0000000083a00000|100%| O|  |TAMS 0x0000000083a00000, 0x0000000083900000| Untracked 
|  58|0x0000000083a00000, 0x0000000083b00000, 0x0000000083b00000|100%| O|  |TAMS 0x0000000083b00000, 0x0000000083a00000| Untracked 
|  59|0x0000000083b00000, 0x0000000083c00000, 0x0000000083c00000|100%| O|  |TAMS 0x0000000083c00000, 0x0000000083b00000| Untracked 
|  60|0x0000000083c00000, 0x0000000083d00000, 0x0000000083d00000|100%| O|  |TAMS 0x0000000083d00000, 0x0000000083c00000| Untracked 
|  61|0x0000000083d00000, 0x0000000083e00000, 0x0000000083e00000|100%| O|  |TAMS 0x0000000083e00000, 0x0000000083d00000| Untracked 
|  62|0x0000000083e00000, 0x0000000083f00000, 0x0000000083f00000|100%| O|  |TAMS 0x0000000083f00000, 0x0000000083e00000| Untracked 
|  63|0x0000000083f00000, 0x0000000084000000, 0x0000000084000000|100%| O|  |TAMS 0x0000000084000000, 0x0000000083f00000| Untracked 
|  64|0x0000000084000000, 0x0000000084100000, 0x0000000084100000|100%| O|  |TAMS 0x0000000084100000, 0x0000000084000000| Untracked 
|  65|0x0000000084100000, 0x0000000084200000, 0x0000000084200000|100%| O|  |TAMS 0x0000000084200000, 0x0000000084100000| Untracked 
|  66|0x0000000084200000, 0x0000000084300000, 0x0000000084300000|100%| O|  |TAMS 0x0000000084300000, 0x0000000084200000| Untracked 
|  67|0x0000000084300000, 0x0000000084400000, 0x0000000084400000|100%| O|  |TAMS 0x0000000084400000, 0x0000000084300000| Untracked 
|  68|0x0000000084400000, 0x0000000084500000, 0x0000000084500000|100%| O|  |TAMS 0x0000000084500000, 0x0000000084400000| Untracked 
|  69|0x0000000084500000, 0x0000000084600000, 0x0000000084600000|100%| O|  |TAMS 0x0000000084600000, 0x0000000084500000| Untracked 
|  70|0x0000000084600000, 0x0000000084700000, 0x0000000084700000|100%| O|  |TAMS 0x0000000084700000, 0x0000000084600000| Untracked 
|  71|0x0000000084700000, 0x0000000084800000, 0x0000000084800000|100%| O|  |TAMS 0x0000000084800000, 0x0000000084700000| Untracked 
|  72|0x0000000084800000, 0x0000000084900000, 0x0000000084900000|100%| O|  |TAMS 0x0000000084900000, 0x0000000084800000| Untracked 
|  73|0x0000000084900000, 0x0000000084a00000, 0x0000000084a00000|100%| O|  |TAMS 0x0000000084a00000, 0x0000000084900000| Untracked 
|  74|0x0000000084a00000, 0x0000000084b00000, 0x0000000084b00000|100%| O|  |TAMS 0x0000000084b00000, 0x0000000084a00000| Untracked 
|  75|0x0000000084b00000, 0x0000000084c00000, 0x0000000084c00000|100%| O|  |TAMS 0x0000000084c00000, 0x0000000084b00000| Untracked 
|  76|0x0000000084c00000, 0x0000000084d00000, 0x0000000084d00000|100%| O|  |TAMS 0x0000000084d00000, 0x0000000084c00000| Untracked 
|  77|0x0000000084d00000, 0x0000000084e00000, 0x0000000084e00000|100%| O|  |TAMS 0x0000000084e00000, 0x0000000084d00000| Untracked 
|  78|0x0000000084e00000, 0x0000000084f00000, 0x0000000084f00000|100%| O|  |TAMS 0x0000000084f00000, 0x0000000084e00000| Untracked 
|  79|0x0000000084f00000, 0x0000000085000000, 0x0000000085000000|100%| O|  |TAMS 0x0000000085000000, 0x0000000084f00000| Untracked 
|  80|0x0000000085000000, 0x0000000085100000, 0x0000000085100000|100%| O|  |TAMS 0x0000000085100000, 0x0000000085000000| Untracked 
|  81|0x0000000085100000, 0x0000000085200000, 0x0000000085200000|100%| O|  |TAMS 0x0000000085200000, 0x0000000085100000| Untracked 
|  82|0x0000000085200000, 0x0000000085300000, 0x0000000085300000|100%| O|  |TAMS 0x0000000085300000, 0x0000000085200000| Untracked 
|  83|0x0000000085300000, 0x0000000085400000, 0x0000000085400000|100%| O|  |TAMS 0x0000000085400000, 0x0000000085300000| Untracked 
|  84|0x0000000085400000, 0x0000000085500000, 0x0000000085500000|100%| O|  |TAMS 0x0000000085500000, 0x0000000085400000| Untracked 
|  85|0x0000000085500000, 0x0000000085600000, 0x0000000085600000|100%| O|  |TAMS 0x0000000085600000, 0x0000000085500000| Untracked 
|  86|0x0000000085600000, 0x0000000085700000, 0x0000000085700000|100%| O|  |TAMS 0x0000000085700000, 0x0000000085600000| Untracked 
|  87|0x0000000085700000, 0x0000000085800000, 0x0000000085800000|100%| O|  |TAMS 0x0000000085800000, 0x0000000085700000| Untracked 
|  88|0x0000000085800000, 0x0000000085900000, 0x0000000085900000|100%| O|  |TAMS 0x0000000085900000, 0x0000000085800000| Untracked 
|  89|0x0000000085900000, 0x0000000085a00000, 0x0000000085a00000|100%| O|  |TAMS 0x0000000085a00000, 0x0000000085900000| Untracked 
|  90|0x0000000085a00000, 0x0000000085b00000, 0x0000000085b00000|100%| O|  |TAMS 0x0000000085a38800, 0x0000000085a00000| Untracked 
|  91|0x0000000085b00000, 0x0000000085bd9e00, 0x0000000085c00000| 85%| O|  |TAMS 0x0000000085b00000, 0x0000000085b00000| Untracked 
|  92|0x0000000085c00000, 0x0000000085c00000, 0x0000000085d00000|  0%| F|  |TAMS 0x0000000085c00000, 0x0000000085c00000| Untracked 
|  93|0x0000000085d00000, 0x0000000085d00000, 0x0000000085e00000|  0%| F|  |TAMS 0x0000000085d00000, 0x0000000085d00000| Untracked 
|  94|0x0000000085e00000, 0x0000000085e00000, 0x0000000085f00000|  0%| F|  |TAMS 0x0000000085e00000, 0x0000000085e00000| Untracked 
|  95|0x0000000085f00000, 0x0000000086000000, 0x0000000086000000|100%| O|  |TAMS 0x0000000086000000, 0x0000000085f00000| Untracked 
|  96|0x0000000086000000, 0x0000000086100000, 0x0000000086100000|100%| O|  |TAMS 0x0000000086100000, 0x0000000086000000| Untracked 
|  97|0x0000000086100000, 0x0000000086100000, 0x0000000086200000|  0%| F|  |TAMS 0x0000000086100000, 0x0000000086100000| Untracked 
|  98|0x0000000086200000, 0x0000000086300000, 0x0000000086300000|100%| O|  |TAMS 0x0000000086300000, 0x0000000086200000| Untracked 
|  99|0x0000000086300000, 0x0000000086400000, 0x0000000086400000|100%| O|  |TAMS 0x0000000086400000, 0x0000000086300000| Untracked 
| 100|0x0000000086400000, 0x0000000086400000, 0x0000000086500000|  0%| F|  |TAMS 0x0000000086400000, 0x0000000086400000| Untracked 
| 101|0x0000000086500000, 0x0000000086500000, 0x0000000086600000|  0%| F|  |TAMS 0x0000000086500000, 0x0000000086500000| Untracked 
| 102|0x0000000086600000, 0x0000000086600000, 0x0000000086700000|  0%| F|  |TAMS 0x0000000086600000, 0x0000000086600000| Untracked 
| 103|0x0000000086700000, 0x0000000086800000, 0x0000000086800000|100%| O|  |TAMS 0x0000000086800000, 0x0000000086700000| Untracked 
| 104|0x0000000086800000, 0x0000000086900000, 0x0000000086900000|100%| O|  |TAMS 0x0000000086900000, 0x0000000086800000| Untracked 
| 105|0x0000000086900000, 0x0000000086a00000, 0x0000000086a00000|100%| O|  |TAMS 0x0000000086a00000, 0x0000000086900000| Untracked 
| 106|0x0000000086a00000, 0x0000000086a00000, 0x0000000086b00000|  0%| F|  |TAMS 0x0000000086a00000, 0x0000000086a00000| Untracked 
| 107|0x0000000086b00000, 0x0000000086b00000, 0x0000000086c00000|  0%| F|  |TAMS 0x0000000086b00000, 0x0000000086b00000| Untracked 
| 108|0x0000000086c00000, 0x0000000086c00000, 0x0000000086d00000|  0%| F|  |TAMS 0x0000000086c00000, 0x0000000086c00000| Untracked 
| 109|0x0000000086d00000, 0x0000000086d00000, 0x0000000086e00000|  0%| F|  |TAMS 0x0000000086d00000, 0x0000000086d00000| Untracked 
| 110|0x0000000086e00000, 0x0000000086e00000, 0x0000000086f00000|  0%| F|  |TAMS 0x0000000086e00000, 0x0000000086e00000| Untracked 
| 111|0x0000000086f00000, 0x0000000086f00000, 0x0000000087000000|  0%| F|  |TAMS 0x0000000086f00000, 0x0000000086f00000| Untracked 
| 112|0x0000000087000000, 0x0000000087000000, 0x0000000087100000|  0%| F|  |TAMS 0x0000000087000000, 0x0000000087000000| Untracked 
| 113|0x0000000087100000, 0x0000000087100000, 0x0000000087200000|  0%| F|  |TAMS 0x0000000087100000, 0x0000000087100000| Untracked 
| 114|0x0000000087200000, 0x0000000087200000, 0x0000000087300000|  0%| F|  |TAMS 0x0000000087200000, 0x0000000087200000| Untracked 
| 115|0x0000000087300000, 0x0000000087300000, 0x0000000087400000|  0%| F|  |TAMS 0x0000000087300000, 0x0000000087300000| Untracked 
| 116|0x0000000087400000, 0x0000000087400000, 0x0000000087500000|  0%| F|  |TAMS 0x0000000087400000, 0x0000000087400000| Untracked 
| 117|0x0000000087500000, 0x0000000087500000, 0x0000000087600000|  0%| F|  |TAMS 0x0000000087500000, 0x0000000087500000| Untracked 
| 118|0x0000000087600000, 0x0000000087600000, 0x0000000087700000|  0%| F|  |TAMS 0x0000000087600000, 0x0000000087600000| Untracked 
| 119|0x0000000087700000, 0x0000000087700000, 0x0000000087800000|  0%| F|  |TAMS 0x0000000087700000, 0x0000000087700000| Untracked 
| 120|0x0000000087800000, 0x0000000087800000, 0x0000000087900000|  0%| F|  |TAMS 0x0000000087800000, 0x0000000087800000| Untracked 
| 121|0x0000000087900000, 0x0000000087900000, 0x0000000087a00000|  0%| F|  |TAMS 0x0000000087900000, 0x0000000087900000| Untracked 
| 122|0x0000000087a00000, 0x0000000087a00000, 0x0000000087b00000|  0%| F|  |TAMS 0x0000000087a00000, 0x0000000087a00000| Untracked 
| 123|0x0000000087b00000, 0x0000000087bf3030, 0x0000000087c00000| 94%| S|CS|TAMS 0x0000000087b00000, 0x0000000087b00000| Complete 
| 124|0x0000000087c00000, 0x0000000087d00000, 0x0000000087d00000|100%| S|CS|TAMS 0x0000000087c00000, 0x0000000087c00000| Complete 
| 125|0x0000000087d00000, 0x0000000087d00000, 0x0000000087e00000|  0%| F|  |TAMS 0x0000000087d00000, 0x0000000087d00000| Untracked 
| 126|0x0000000087e00000, 0x0000000087f00000, 0x0000000087f00000|100%| S|CS|TAMS 0x0000000087e00000, 0x0000000087e00000| Complete 
| 127|0x0000000087f00000, 0x0000000087f00000, 0x0000000088000000|  0%| F|  |TAMS 0x0000000087f00000, 0x0000000087f00000| Untracked 
| 128|0x0000000088000000, 0x0000000088000000, 0x0000000088100000|  0%| F|  |TAMS 0x0000000088000000, 0x0000000088000000| Untracked 
| 129|0x0000000088100000, 0x0000000088100000, 0x0000000088200000|  0%| F|  |TAMS 0x0000000088100000, 0x0000000088100000| Untracked 
| 130|0x0000000088200000, 0x0000000088200000, 0x0000000088300000|  0%| F|  |TAMS 0x0000000088200000, 0x0000000088200000| Untracked 
| 131|0x0000000088300000, 0x0000000088300000, 0x0000000088400000|  0%| F|  |TAMS 0x0000000088300000, 0x0000000088300000| Untracked 
| 132|0x0000000088400000, 0x0000000088400000, 0x0000000088500000|  0%| F|  |TAMS 0x0000000088400000, 0x0000000088400000| Untracked 
| 133|0x0000000088500000, 0x0000000088500000, 0x0000000088600000|  0%| F|  |TAMS 0x0000000088500000, 0x0000000088500000| Untracked 
| 134|0x0000000088600000, 0x0000000088600000, 0x0000000088700000|  0%| F|  |TAMS 0x0000000088600000, 0x0000000088600000| Untracked 
| 135|0x0000000088700000, 0x0000000088700000, 0x0000000088800000|  0%| F|  |TAMS 0x0000000088700000, 0x0000000088700000| Untracked 
| 136|0x0000000088800000, 0x0000000088800000, 0x0000000088900000|  0%| F|  |TAMS 0x0000000088800000, 0x0000000088800000| Untracked 
| 137|0x0000000088900000, 0x0000000088900000, 0x0000000088a00000|  0%| F|  |TAMS 0x0000000088900000, 0x0000000088900000| Untracked 
| 138|0x0000000088a00000, 0x0000000088a00000, 0x0000000088b00000|  0%| F|  |TAMS 0x0000000088a00000, 0x0000000088a00000| Untracked 
| 139|0x0000000088b00000, 0x0000000088b00000, 0x0000000088c00000|  0%| F|  |TAMS 0x0000000088b00000, 0x0000000088b00000| Untracked 
| 140|0x0000000088c00000, 0x0000000088c00000, 0x0000000088d00000|  0%| F|  |TAMS 0x0000000088c00000, 0x0000000088c00000| Untracked 
| 141|0x0000000088d00000, 0x0000000088d90490, 0x0000000088e00000| 56%| E|  |TAMS 0x0000000088d00000, 0x0000000088d00000| Complete 
| 142|0x0000000088e00000, 0x0000000088f00000, 0x0000000088f00000|100%| E|  |TAMS 0x0000000088e00000, 0x0000000088e00000| Complete 
| 143|0x0000000088f00000, 0x0000000089000000, 0x0000000089000000|100%| E|CS|TAMS 0x0000000088f00000, 0x0000000088f00000| Complete 
| 144|0x0000000089000000, 0x0000000089100000, 0x0000000089100000|100%| E|CS|TAMS 0x0000000089000000, 0x0000000089000000| Complete 
| 145|0x0000000089100000, 0x0000000089200000, 0x0000000089200000|100%| E|CS|TAMS 0x0000000089100000, 0x0000000089100000| Complete 
| 146|0x0000000089200000, 0x0000000089300000, 0x0000000089300000|100%| E|CS|TAMS 0x0000000089200000, 0x0000000089200000| Complete 
| 147|0x0000000089300000, 0x0000000089400000, 0x0000000089400000|100%| E|CS|TAMS 0x0000000089300000, 0x0000000089300000| Complete 
| 148|0x0000000089400000, 0x0000000089500000, 0x0000000089500000|100%| E|CS|TAMS 0x0000000089400000, 0x0000000089400000| Complete 
| 149|0x0000000089500000, 0x0000000089600000, 0x0000000089600000|100%| E|CS|TAMS 0x0000000089500000, 0x0000000089500000| Complete 
| 150|0x0000000089600000, 0x0000000089700000, 0x0000000089700000|100%| E|CS|TAMS 0x0000000089600000, 0x0000000089600000| Complete 
| 151|0x0000000089700000, 0x0000000089800000, 0x0000000089800000|100%| E|CS|TAMS 0x0000000089700000, 0x0000000089700000| Complete 

Card table byte_map: [0x000001b4ae640000,0x000001b4aea40000] _byte_map_base: 0x000001b4ae240000

Marking Bits (Prev, Next): (CMBitMap*) 0x000001b49b4647d0, (CMBitMap*) 0x000001b49b464798
 Prev Bits: [0x000001b4b0e40000, 0x000001b4b2e40000)
 Next Bits: [0x000001b4aee40000, 0x000001b4b0e40000)

Polling page: 0x000001b499260000

Metaspace:

Usage:
  Non-class:     90.52 MB capacity,    88.67 MB ( 98%) used,     1.49 MB (  2%) free+waste,   366.56 KB ( <1%) overhead. 
      Class:     14.47 MB capacity,    13.29 MB ( 92%) used,     1.01 MB (  7%) free+waste,   171.50 KB (  1%) overhead. 
       Both:    104.99 MB capacity,   101.96 MB ( 97%) used,     2.50 MB (  2%) free+waste,   538.06 KB ( <1%) overhead. 

Virtual space:
  Non-class space:       92.00 MB reserved,      90.75 MB ( 99%) committed 
      Class space:        1.00 GB reserved,      14.57 MB (  1%) committed 
             Both:        1.09 GB reserved,     105.32 MB (  9%) committed 

Chunk freelists:
   Non-Class:  48.00 KB
       Class:  0 bytes
        Both:  48.00 KB

MaxMetaspaceSize: 17179869184.00 GB
CompressedClassSpaceSize: 1.00 GB

CodeHeap 'non-profiled nmethods': size=120000Kb used=7858Kb max_used=7858Kb free=112141Kb
 bounds [0x000001b4a69e0000, 0x000001b4a7190000, 0x000001b4adf10000]
CodeHeap 'profiled nmethods': size=120000Kb used=29520Kb max_used=29520Kb free=90479Kb
 bounds [0x000001b49f4b0000, 0x000001b4a1190000, 0x000001b4a69e0000]
CodeHeap 'non-nmethods': size=5760Kb used=2309Kb max_used=2337Kb free=3450Kb
 bounds [0x000001b49ef10000, 0x000001b49f180000, 0x000001b49f4b0000]
 total_blobs=14623 nmethods=13701 adapters=833
 compilation: enabled
              stopped_count=0, restarted_count=0
 full_count=0

Compilation events (20 events):
Event: 96.410 Thread 0x000001b4b58a4800 nmethod 14016 0x000001b4a117bc10 code [0x000001b4a117bde0, 0x000001b4a117c188]
Event: 96.411 Thread 0x000001b4b58a4800 14017 %     3       java.util.IdentityHashMap$KeySet::toArray @ 49 (139 bytes)
Event: 96.412 Thread 0x000001b4b58a4800 nmethod 14017% 0x000001b4a117c290 code [0x000001b4a117c520, 0x000001b4a117d1f8]
Event: 96.413 Thread 0x000001b4b58a4800 14018       3       org.gradle.execution.plan.DefaultExecutionPlan::allProjectsLocked (61 bytes)
Event: 96.413 Thread 0x000001b4b58a4800 nmethod 14018 0x000001b4a117d690 code [0x000001b4a117d8c0, 0x000001b4a117dfc8]
Event: 96.414 Thread 0x000001b4b58a4800 14019       3       org.gradle.internal.resources.AbstractTrackedResourceLock::isLocked (9 bytes)
Event: 96.414 Thread 0x000001b4b58a4800 nmethod 14019 0x000001b4a117e190 code [0x000001b4a117e380, 0x000001b4a117e728]
Event: 96.422 Thread 0x000001b4b58a4800 14020       3       com.google.common.util.concurrent.AbstractFuture$UnsafeAtomicHelper::casValue (13 bytes)
Event: 96.422 Thread 0x000001b4b58a4000 14021       4       com.android.tools.r8.internal.Uu$$Lambda$1767/0x0000000100e55c40::compare (12 bytes)
Event: 96.422 Thread 0x000001b4b58a4800 nmethod 14020 0x000001b4a117e890 code [0x000001b4a117ea40, 0x000001b4a117ec18]
Event: 96.423 Thread 0x000001b4b58a4800 14023       3       com.android.tools.r8.internal.Lj::a (4 bytes)
Event: 96.423 Thread 0x000001b4b58a4800 nmethod 14023 0x000001b4a117ed10 code [0x000001b4a117eec0, 0x000001b4a117efb8]
Event: 96.423 Thread 0x000001b4b58a4800 14024       3       com.android.tools.r8.dex.i::a (282 bytes)
Event: 96.425 Thread 0x000001b4b58a4800 nmethod 14024 0x000001b4a117f090 code [0x000001b4a117f400, 0x000001b4a1180ba8]
Event: 96.427 Thread 0x000001b4b58a4800 14025       3       com.google.common.util.concurrent.AbstractFuture::set (32 bytes)
Event: 96.427 Thread 0x000001b4b58a4800 nmethod 14025 0x000001b4a1181310 code [0x000001b4a11814e0, 0x000001b4a1181808]
Event: 96.431 Thread 0x000001b4b58a4800 14029   !   3       org.gradle.internal.snapshot.impl.DirectorySnapshotter$PathVisitor::snapshotFile (119 bytes)
Event: 96.433 Thread 0x000001b4b58a4800 nmethod 14029 0x000001b4a1181910 code [0x000001b4a1181ca0, 0x000001b4a1183778]
Event: 96.436 Thread 0x000001b4b58a4000 nmethod 14021 0x000001b4a718c090 code [0x000001b4a718c240, 0x000001b4a718c5f8]
Event: 96.436 Thread 0x000001b4b58a4000 14027   !   4       java.nio.file.FileTreeWalker::next (144 bytes)

GC Heap History (20 events):
Event: 88.023 GC heap before
{Heap before GC invocations=27 (full 0):
 garbage-first heap   total 155648K, used 124927K [0x0000000080000000, 0x0000000100000000)
  region size 1024K, 27 young (27648K), 4 survivors (4096K)
 Metaspace       used 92726K, capacity 95031K, committed 95180K, reserved 1132544K
  class space    used 11846K, capacity 12679K, committed 12748K, reserved 1048576K
}
Event: 88.036 GC heap after
{Heap after GC invocations=28 (full 0):
 garbage-first heap   total 155648K, used 105865K [0x0000000080000000, 0x0000000100000000)
  region size 1024K, 4 young (4096K), 4 survivors (4096K)
 Metaspace       used 92726K, capacity 95031K, committed 95180K, reserved 1132544K
  class space    used 11846K, capacity 12679K, committed 12748K, reserved 1048576K
}
Event: 88.605 GC heap before
{Heap before GC invocations=29 (full 0):
 garbage-first heap   total 155648K, used 126345K [0x0000000080000000, 0x0000000100000000)
  region size 1024K, 25 young (25600K), 4 survivors (4096K)
 Metaspace       used 92786K, capacity 95127K, committed 95436K, reserved 1132544K
  class space    used 11851K, capacity 12684K, committed 12748K, reserved 1048576K
}
Event: 88.616 GC heap after
{Heap after GC invocations=30 (full 0):
 garbage-first heap   total 155648K, used 107264K [0x0000000080000000, 0x0000000100000000)
  region size 1024K, 2 young (2048K), 2 survivors (2048K)
 Metaspace       used 92786K, capacity 95127K, committed 95436K, reserved 1132544K
  class space    used 11851K, capacity 12684K, committed 12748K, reserved 1048576K
}
Event: 88.813 GC heap before
{Heap before GC invocations=30 (full 0):
 garbage-first heap   total 155648K, used 111360K [0x0000000080000000, 0x0000000100000000)
  region size 1024K, 7 young (7168K), 2 survivors (2048K)
 Metaspace       used 92786K, capacity 95127K, committed 95436K, reserved 1132544K
  class space    used 11851K, capacity 12684K, committed 12748K, reserved 1048576K
}
Event: 88.819 GC heap after
{Heap after GC invocations=31 (full 0):
 garbage-first heap   total 155648K, used 106771K [0x0000000080000000, 0x0000000100000000)
  region size 1024K, 1 young (1024K), 1 survivors (1024K)
 Metaspace       used 92786K, capacity 95127K, committed 95436K, reserved 1132544K
  class space    used 11851K, capacity 12684K, committed 12748K, reserved 1048576K
}
Event: 90.399 GC heap before
{Heap before GC invocations=31 (full 0):
 garbage-first heap   total 155648K, used 127251K [0x0000000080000000, 0x0000000100000000)
  region size 1024K, 22 young (22528K), 1 survivors (1024K)
 Metaspace       used 92791K, capacity 95127K, committed 95436K, reserved 1132544K
  class space    used 11851K, capacity 12684K, committed 12748K, reserved 1048576K
}
Event: 90.406 GC heap after
{Heap after GC invocations=32 (full 0):
 garbage-first heap   total 155648K, used 107621K [0x0000000080000000, 0x0000000100000000)
  region size 1024K, 2 young (2048K), 2 survivors (2048K)
 Metaspace       used 92791K, capacity 95127K, committed 95436K, reserved 1132544K
  class space    used 11851K, capacity 12684K, committed 12748K, reserved 1048576K
}
Event: 92.152 GC heap before
{Heap before GC invocations=33 (full 0):
 garbage-first heap   total 155648K, used 128101K [0x0000000080000000, 0x0000000100000000)
  region size 1024K, 23 young (23552K), 2 survivors (2048K)
 Metaspace       used 92792K, capacity 95127K, committed 95436K, reserved 1132544K
  class space    used 11851K, capacity 12684K, committed 12748K, reserved 1048576K
}
Event: 92.157 GC heap after
{Heap after GC invocations=34 (full 0):
 garbage-first heap   total 155648K, used 108355K [0x0000000080000000, 0x0000000100000000)
  region size 1024K, 2 young (2048K), 2 survivors (2048K)
 Metaspace       used 92792K, capacity 95127K, committed 95436K, reserved 1132544K
  class space    used 11851K, capacity 12684K, committed 12748K, reserved 1048576K
}
Event: 92.224 GC heap before
{Heap before GC invocations=34 (full 0):
 garbage-first heap   total 155648K, used 113475K [0x0000000080000000, 0x0000000100000000)
  region size 1024K, 7 young (7168K), 2 survivors (2048K)
 Metaspace       used 92810K, capacity 95128K, committed 95436K, reserved 1132544K
  class space    used 11852K, capacity 12684K, committed 12748K, reserved 1048576K
}
Event: 92.229 GC heap after
{Heap after GC invocations=35 (full 0):
 garbage-first heap   total 155648K, used 101873K [0x0000000080000000, 0x0000000100000000)
  region size 1024K, 1 young (1024K), 1 survivors (1024K)
 Metaspace       used 92810K, capacity 95128K, committed 95436K, reserved 1132544K
  class space    used 11852K, capacity 12684K, committed 12748K, reserved 1048576K
}
Event: 92.942 GC heap before
{Heap before GC invocations=35 (full 0):
 garbage-first heap   total 155648K, used 125425K [0x0000000080000000, 0x0000000100000000)
  region size 1024K, 25 young (25600K), 1 survivors (1024K)
 Metaspace       used 92825K, capacity 95128K, committed 95436K, reserved 1132544K
  class space    used 11852K, capacity 12684K, committed 12748K, reserved 1048576K
}
Event: 92.950 GC heap after
{Heap after GC invocations=36 (full 0):
 garbage-first heap   total 155648K, used 102783K [0x0000000080000000, 0x0000000100000000)
  region size 1024K, 2 young (2048K), 2 survivors (2048K)
 Metaspace       used 92825K, capacity 95128K, committed 95436K, reserved 1132544K
  class space    used 11852K, capacity 12684K, committed 12748K, reserved 1048576K
}
Event: 94.082 GC heap before
{Heap before GC invocations=37 (full 0):
 garbage-first heap   total 155648K, used 124287K [0x0000000080000000, 0x0000000100000000)
  region size 1024K, 27 young (27648K), 2 survivors (2048K)
 Metaspace       used 95652K, capacity 98107K, committed 98252K, reserved 1134592K
  class space    used 12247K, capacity 13158K, committed 13260K, reserved 1048576K
}
Event: 94.089 GC heap after
{Heap after GC invocations=38 (full 0):
 garbage-first heap   total 155648K, used 101276K [0x0000000080000000, 0x0000000100000000)
  region size 1024K, 3 young (3072K), 3 survivors (3072K)
 Metaspace       used 95652K, capacity 98107K, committed 98252K, reserved 1134592K
  class space    used 12247K, capacity 13158K, committed 13260K, reserved 1048576K
}
Event: 95.214 GC heap before
{Heap before GC invocations=38 (full 0):
 garbage-first heap   total 155648K, used 126876K [0x0000000080000000, 0x0000000100000000)
  region size 1024K, 29 young (29696K), 3 survivors (3072K)
 Metaspace       used 101865K, capacity 104721K, committed 104908K, reserved 1140736K
  class space    used 13299K, capacity 14437K, committed 14540K, reserved 1048576K
}
Event: 95.225 GC heap after
{Heap after GC invocations=39 (full 0):
 garbage-first heap   total 155648K, used 102797K [0x0000000080000000, 0x0000000100000000)
  region size 1024K, 4 young (4096K), 4 survivors (4096K)
 Metaspace       used 101865K, capacity 104721K, committed 104908K, reserved 1140736K
  class space    used 13299K, capacity 14437K, committed 14540K, reserved 1048576K
}
Event: 96.299 GC heap before
{Heap before GC invocations=40 (full 0):
 garbage-first heap   total 155648K, used 127373K [0x0000000080000000, 0x0000000100000000)
  region size 1024K, 29 young (29696K), 4 survivors (4096K)
 Metaspace       used 104332K, capacity 107430K, committed 107596K, reserved 1142784K
  class space    used 13606K, capacity 14816K, committed 14924K, reserved 1048576K
}
Event: 96.311 GC heap after
{Heap after GC invocations=41 (full 0):
 garbage-first heap   total 155648K, used 104243K [0x0000000080000000, 0x0000000100000000)
  region size 1024K, 3 young (3072K), 3 survivors (3072K)
 Metaspace       used 104332K, capacity 107430K, committed 107596K, reserved 1142784K
  class space    used 13606K, capacity 14816K, committed 14924K, reserved 1048576K
}

Deoptimization events (20 events):
Event: 95.988 Thread 0x000001b4be93a800 Uncommon trap: trap_request=0xffffffbe fr.pc=0x000001b4a717271c relative=0x0000000000000c7c
Event: 95.988 Thread 0x000001b4be93a800 Uncommon trap: reason=profile_predicate action=maybe_recompile pc=0x000001b4a717271c method=com.android.tools.r8.internal.xj.b(Ljava/lang/Iterable;Lcom/android/tools/r8/internal/aw;)Z @ 22 c2
Event: 95.988 Thread 0x000001b4be93a800 DEOPT PACKING pc=0x000001b4a717271c sp=0x00000010d0ffcda0
Event: 95.988 Thread 0x000001b4be93a800 DEOPT UNPACKING pc=0x000001b49ef378af sp=0x00000010d0ffcda8 mode 2
Event: 95.988 Thread 0x000001b4be93a800 Uncommon trap: trap_request=0xffffffbe fr.pc=0x000001b4a717271c relative=0x0000000000000c7c
Event: 95.988 Thread 0x000001b4be93a800 Uncommon trap: reason=profile_predicate action=maybe_recompile pc=0x000001b4a717271c method=com.android.tools.r8.internal.xj.b(Ljava/lang/Iterable;Lcom/android/tools/r8/internal/aw;)Z @ 22 c2
Event: 95.988 Thread 0x000001b4be93a800 DEOPT PACKING pc=0x000001b4a717271c sp=0x00000010d0ffcda0
Event: 95.988 Thread 0x000001b4be93a800 DEOPT UNPACKING pc=0x000001b49ef378af sp=0x00000010d0ffcda8 mode 2
Event: 96.071 Thread 0x000001b4be93a800 Uncommon trap: trap_request=0xffffff4d fr.pc=0x000001b4a7144aa8 relative=0x0000000000000268
Event: 96.071 Thread 0x000001b4be93a800 Uncommon trap: reason=unstable_if action=reinterpret pc=0x000001b4a7144aa8 method=com.android.tools.r8.graph.c0.a(Lcom/android/tools/r8/graph/c0;)I @ 39 c2
Event: 96.071 Thread 0x000001b4be93a800 DEOPT PACKING pc=0x000001b4a7144aa8 sp=0x00000010d0ffd6a0
Event: 96.071 Thread 0x000001b4be93a800 DEOPT UNPACKING pc=0x000001b49ef378af sp=0x00000010d0ffd630 mode 2
Event: 96.325 Thread 0x000001b4be93e800 Uncommon trap: trap_request=0xffffffd6 fr.pc=0x000001b4a709a6a4 relative=0x0000000000002ea4
Event: 96.325 Thread 0x000001b4be93e800 Uncommon trap: reason=array_check action=maybe_recompile pc=0x000001b4a709a6a4 method=java.util.TimSort.reverseRange([Ljava/lang/Object;II)V @ 20 c2
Event: 96.325 Thread 0x000001b4be93e800 DEOPT PACKING pc=0x000001b4a709a6a4 sp=0x00000010cdbfcc90
Event: 96.325 Thread 0x000001b4be93e800 DEOPT UNPACKING pc=0x000001b49ef378af sp=0x00000010cdbfcb68 mode 2
Event: 96.336 Thread 0x000001b4be93e800 Uncommon trap: trap_request=0xffffff4d fr.pc=0x000001b4a7055690 relative=0x0000000000000070
Event: 96.336 Thread 0x000001b4be93e800 Uncommon trap: reason=unstable_if action=reinterpret pc=0x000001b4a7055690 method=java.util.concurrent.locks.AbstractQueuedSynchronizer.doReleaseShared()V @ 6 c2
Event: 96.336 Thread 0x000001b4be93e800 DEOPT PACKING pc=0x000001b4a7055690 sp=0x00000010cdbfea10
Event: 96.336 Thread 0x000001b4be93e800 DEOPT UNPACKING pc=0x000001b49ef378af sp=0x00000010cdbfe998 mode 2

Classes redefined (0 events):
No events

Internal exceptions (20 events):
Event: 96.326 Thread 0x000001b4be93a800 Exception <a 'sun/nio/fs/WindowsException'{0x00000000894c1318}> (0x00000000894c1318) thrown at [./src/hotspot/share/prims/jni.cpp, line 615]
Event: 96.326 Thread 0x000001b4be93e800 Exception <a 'sun/nio/fs/WindowsException'{0x00000000896f26c8}> (0x00000000896f26c8) thrown at [./src/hotspot/share/prims/jni.cpp, line 615]
Event: 96.326 Thread 0x000001b4be939000 Exception <a 'sun/nio/fs/WindowsException'{0x00000000895d3e30}> (0x00000000895d3e30) thrown at [./src/hotspot/share/prims/jni.cpp, line 615]
Event: 96.329 Thread 0x000001b4be93a800 Exception <a 'sun/nio/fs/WindowsException'{0x00000000894cd4e0}> (0x00000000894cd4e0) thrown at [./src/hotspot/share/prims/jni.cpp, line 615]
Event: 96.330 Thread 0x000001b4be93e800 Exception <a 'sun/nio/fs/WindowsException'{0x00000000894e8a68}> (0x00000000894e8a68) thrown at [./src/hotspot/share/prims/jni.cpp, line 615]
Event: 96.333 Thread 0x000001b4be93e800 Exception <a 'sun/nio/fs/WindowsException'{0x00000000892c1508}> (0x00000000892c1508) thrown at [./src/hotspot/share/prims/jni.cpp, line 615]
Event: 96.335 Thread 0x000001b4be93d000 Exception <a 'sun/nio/fs/WindowsException'{0x00000000897fd9c8}> (0x00000000897fd9c8) thrown at [./src/hotspot/share/prims/jni.cpp, line 615]
Event: 96.345 Thread 0x000001b4be93d000 Exception <a 'sun/nio/fs/WindowsException'{0x000000008914cea0}> (0x000000008914cea0) thrown at [./src/hotspot/share/prims/jni.cpp, line 615]
Event: 96.355 Thread 0x000001b4be93a800 Exception <a 'sun/nio/fs/WindowsException'{0x00000000894d7a38}> (0x00000000894d7a38) thrown at [./src/hotspot/share/prims/jni.cpp, line 615]
Event: 96.360 Thread 0x000001b4be93a800 Exception <a 'sun/nio/fs/WindowsException'{0x00000000891ded20}> (0x00000000891ded20) thrown at [./src/hotspot/share/prims/jni.cpp, line 615]
Event: 96.364 Thread 0x000001b4be93d000 Exception <a 'sun/nio/fs/WindowsException'{0x00000000891566e8}> (0x00000000891566e8) thrown at [./src/hotspot/share/prims/jni.cpp, line 615]
Event: 96.365 Thread 0x000001b4be93a800 Exception <a 'sun/nio/fs/WindowsException'{0x00000000891ea2a0}> (0x00000000891ea2a0) thrown at [./src/hotspot/share/prims/jni.cpp, line 615]
Event: 96.370 Thread 0x000001b4be93a800 Exception <a 'sun/nio/fs/WindowsException'{0x00000000890c1b38}> (0x00000000890c1b38) thrown at [./src/hotspot/share/prims/jni.cpp, line 615]
Event: 96.376 Thread 0x000001b4be93a800 Exception <a 'sun/nio/fs/WindowsException'{0x00000000890cc668}> (0x00000000890cc668) thrown at [./src/hotspot/share/prims/jni.cpp, line 615]
Event: 96.381 Thread 0x000001b4be93a800 Exception <a 'sun/nio/fs/WindowsException'{0x00000000890d8d70}> (0x00000000890d8d70) thrown at [./src/hotspot/share/prims/jni.cpp, line 615]
Event: 96.387 Thread 0x000001b4be93d000 Exception <a 'sun/nio/fs/WindowsException'{0x00000000890dd7e8}> (0x00000000890dd7e8) thrown at [./src/hotspot/share/prims/jni.cpp, line 615]
Event: 96.406 Thread 0x000001b4be93a800 Exception <a 'sun/nio/fs/WindowsException'{0x0000000088fc8560}> (0x0000000088fc8560) thrown at [./src/hotspot/share/prims/jni.cpp, line 615]
Event: 96.409 Thread 0x000001b4be93d000 Exception <a 'sun/nio/fs/WindowsException'{0x00000000890e87a0}> (0x00000000890e87a0) thrown at [./src/hotspot/share/prims/jni.cpp, line 615]
Event: 96.412 Thread 0x000001b4be93d000 Exception <a 'sun/nio/fs/WindowsException'{0x00000000890f0458}> (0x00000000890f0458) thrown at [./src/hotspot/share/prims/jni.cpp, line 615]
Event: 96.423 Thread 0x000001b4be93d000 Exception <a 'sun/nio/fs/WindowsException'{0x0000000088ec7b30}> (0x0000000088ec7b30) thrown at [./src/hotspot/share/prims/jni.cpp, line 615]

Events (20 events):
Event: 96.290 loading class com/android/tools/r8/internal/EE
Event: 96.290 loading class com/android/tools/r8/internal/EE done
Event: 96.291 loading class com/android/tools/r8/internal/EE$a
Event: 96.291 loading class com/android/tools/r8/internal/EE$a done
Event: 96.291 loading class com/android/tools/r8/internal/EE
Event: 96.291 loading class com/android/tools/r8/internal/EE done
Event: 96.291 loading class com/android/tools/r8/internal/EE$b
Event: 96.291 loading class com/android/tools/r8/internal/EE$b done
Event: 96.291 loading class com/android/tools/r8/graph/J
Event: 96.291 loading class com/android/tools/r8/graph/J done
Event: 96.291 loading class com/android/tools/r8/graph/J
Event: 96.291 loading class com/android/tools/r8/graph/J done
Event: 96.299 Executing VM operation: G1CollectForAllocation
Event: 96.312 Executing VM operation: G1CollectForAllocation done
Event: 96.324 loading class com/android/tools/r8/naming/K
Event: 96.324 loading class com/android/tools/r8/naming/K done
Event: 96.324 loading class com/android/tools/r8/graph/O
Event: 96.324 loading class com/android/tools/r8/graph/O done
Event: 96.324 loading class com/android/tools/r8/naming/K
Event: 96.324 loading class com/android/tools/r8/naming/K done


Dynamic libraries:
0x00007ff7ac670000 - 0x00007ff7ac67a000 	D:\APLICATION\Android Studio\jre\bin\java.exe
0x00007ff8053e0000 - 0x00007ff8055e9000 	C:\WINDOWS\SYSTEM32\ntdll.dll
0x00007ff804c90000 - 0x00007ff804d4d000 	C:\WINDOWS\System32\KERNEL32.DLL
0x00007ff802c50000 - 0x00007ff802fc4000 	C:\WINDOWS\System32\KERNELBASE.dll
0x00007ff802a60000 - 0x00007ff802b71000 	C:\WINDOWS\System32\ucrtbase.dll
0x00007fffc9550000 - 0x00007fffc9567000 	D:\APLICATION\Android Studio\jre\bin\VCRUNTIME140.dll
0x00007fffbe420000 - 0x00007fffbe439000 	D:\APLICATION\Android Studio\jre\bin\jli.dll
0x00007ff803e10000 - 0x00007ff803fbc000 	C:\WINDOWS\System32\USER32.dll
0x00007fffbefd0000 - 0x00007fffbf275000 	C:\WINDOWS\WinSxS\amd64_microsoft.windows.common-controls_6595b64144ccf1df_6.0.22000.120_none_9d947278b86cc467\COMCTL32.dll
0x00007ff802c20000 - 0x00007ff802c46000 	C:\WINDOWS\System32\win32u.dll
0x00007ff8034b0000 - 0x00007ff803553000 	C:\WINDOWS\System32\msvcrt.dll
0x00007ff804920000 - 0x00007ff804949000 	C:\WINDOWS\System32\GDI32.dll
0x00007ff802940000 - 0x00007ff802a52000 	C:\WINDOWS\System32\gdi32full.dll
0x00007ff802b80000 - 0x00007ff802c1d000 	C:\WINDOWS\System32\msvcp_win.dll
0x00007ff804c40000 - 0x00007ff804c71000 	C:\WINDOWS\System32\IMM32.DLL
0x00007fffa8ad0000 - 0x00007fffa8b6d000 	D:\APLICATION\Android Studio\jre\bin\msvcp140.dll
0x00007fff8a6e0000 - 0x00007fff8b1af000 	D:\APLICATION\Android Studio\jre\bin\server\jvm.dll
0x00007ff8039d0000 - 0x00007ff803a7e000 	C:\WINDOWS\System32\ADVAPI32.dll
0x00007ff803280000 - 0x00007ff80331e000 	C:\WINDOWS\System32\sechost.dll
0x00007ff804d50000 - 0x00007ff804e70000 	C:\WINDOWS\System32\RPCRT4.dll
0x00007ff804c80000 - 0x00007ff804c88000 	C:\WINDOWS\System32\PSAPI.DLL
0x00007fffdedf0000 - 0x00007fffdedf9000 	C:\WINDOWS\SYSTEM32\WSOCK32.dll
0x00007ffffaf20000 - 0x00007ffffaf2a000 	C:\WINDOWS\SYSTEM32\VERSION.dll
0x00007ff8051f0000 - 0x00007ff80525f000 	C:\WINDOWS\System32\WS2_32.dll
0x00007ffffbf20000 - 0x00007ffffbf53000 	C:\WINDOWS\SYSTEM32\WINMM.dll
0x00007ff801a00000 - 0x00007ff801a18000 	C:\WINDOWS\SYSTEM32\kernel.appcore.dll
0x00007ffff4020000 - 0x00007ffff4031000 	D:\APLICATION\Android Studio\jre\bin\verify.dll
0x00007fffee6f0000 - 0x00007fffee911000 	C:\WINDOWS\SYSTEM32\DBGHELP.DLL
0x00007fffea3d0000 - 0x00007fffea401000 	C:\WINDOWS\SYSTEM32\dbgcore.DLL
0x00007ff802fd0000 - 0x00007ff80304f000 	C:\WINDOWS\System32\bcryptPrimitives.dll
0x00007ffff3ff0000 - 0x00007ffff4019000 	D:\APLICATION\Android Studio\jre\bin\java.dll
0x00007fffff1a0000 - 0x00007fffff1ab000 	D:\APLICATION\Android Studio\jre\bin\jimage.dll
0x00007ffff3fd0000 - 0x00007ffff3fe8000 	D:\APLICATION\Android Studio\jre\bin\zip.dll
0x00007ff803fc0000 - 0x00007ff80476e000 	C:\WINDOWS\System32\SHELL32.dll
0x00007ff800a00000 - 0x00007ff801267000 	C:\WINDOWS\SYSTEM32\windows.storage.dll
0x00007ff804e70000 - 0x00007ff8051e8000 	C:\WINDOWS\System32\combase.dll
0x00007ff800890000 - 0x00007ff8009f6000 	C:\WINDOWS\SYSTEM32\wintypes.dll
0x00007ff803c50000 - 0x00007ff803d3a000 	C:\WINDOWS\System32\SHCORE.dll
0x00007ff804be0000 - 0x00007ff804c3d000 	C:\WINDOWS\System32\shlwapi.dll
0x00007ff802800000 - 0x00007ff802821000 	C:\WINDOWS\SYSTEM32\profapi.dll
0x00007ffff3fb0000 - 0x00007ffff3fca000 	D:\APLICATION\Android Studio\jre\bin\net.dll
0x00007ffffca10000 - 0x00007ffffcb1c000 	C:\WINDOWS\SYSTEM32\WINHTTP.dll
0x00007ff801eb0000 - 0x00007ff801f17000 	C:\WINDOWS\system32\mswsock.dll
0x00007ffff3f90000 - 0x00007ffff3fa4000 	D:\APLICATION\Android Studio\jre\bin\nio.dll
0x00007fffab730000 - 0x00007fffab757000 	C:\Users\ACER\.gradle\native\8bec1ad78214c89d9ad589b4d07fe93259594b29d510b10fafb7a158f7737e5d\windows-amd64\native-platform.dll
0x00007fffa8b70000 - 0x00007fffa8cad000 	C:\Users\ACER\.gradle\native\53dbd7edfb1c66fb8903c78663c9afc45aea4f116125fa6feffd364cf09443e8\windows-amd64\native-platform-file-events.dll
0x00007fffff150000 - 0x00007fffff15a000 	D:\APLICATION\Android Studio\jre\bin\management.dll
0x00007ffffc0e0000 - 0x00007ffffc0ec000 	D:\APLICATION\Android Studio\jre\bin\management_ext.dll
0x00007ff8020f0000 - 0x00007ff802108000 	C:\WINDOWS\SYSTEM32\CRYPTSP.dll
0x00007ff801960000 - 0x00007ff801995000 	C:\WINDOWS\system32\rsaenh.dll
0x00007ff801f70000 - 0x00007ff801f99000 	C:\WINDOWS\SYSTEM32\USERENV.dll
0x00007ff8022b0000 - 0x00007ff8022d7000 	C:\WINDOWS\SYSTEM32\bcrypt.dll
0x00007ff8020e0000 - 0x00007ff8020ec000 	C:\WINDOWS\SYSTEM32\CRYPTBASE.dll
0x00007ff8014c0000 - 0x00007ff8014ed000 	C:\WINDOWS\SYSTEM32\IPHLPAPI.DLL
0x00007ff804770000 - 0x00007ff804779000 	C:\WINDOWS\System32\NSI.dll
0x00007ffffc2d0000 - 0x00007ffffc2e9000 	C:\WINDOWS\SYSTEM32\dhcpcsvc6.DLL
0x00007ffffcfd0000 - 0x00007ffffcfee000 	C:\WINDOWS\SYSTEM32\dhcpcsvc.DLL
0x00007ff8014f0000 - 0x00007ff8015d7000 	C:\WINDOWS\SYSTEM32\DNSAPI.dll

dbghelp: loaded successfully - version: 4.0.5 - missing functions: none
symbol engine: initialized successfully - sym options: 0x614 - pdb path: .;D:\APLICATION\Android Studio\jre\bin;C:\WINDOWS\SYSTEM32;C:\WINDOWS\WinSxS\amd64_microsoft.windows.common-controls_6595b64144ccf1df_6.0.22000.120_none_9d947278b86cc467;D:\APLICATION\Android Studio\jre\bin\server;C:\Users\ACER\.gradle\native\8bec1ad78214c89d9ad589b4d07fe93259594b29d510b10fafb7a158f7737e5d\windows-amd64;C:\Users\ACER\.gradle\native\53dbd7edfb1c66fb8903c78663c9afc45aea4f116125fa6feffd364cf09443e8\windows-amd64

VM Arguments:
jvm_args: --add-opens=java.base/java.util=ALL-UNNAMED --add-opens=java.base/java.lang=ALL-UNNAMED --add-opens=java.base/java.lang.invoke=ALL-UNNAMED --add-opens=java.base/java.util=ALL-UNNAMED --add-opens=java.prefs/java.util.prefs=ALL-UNNAMED --add-opens=java.prefs/java.util.prefs=ALL-UNNAMED --add-opens=java.base/java.nio.charset=ALL-UNNAMED --add-opens=java.base/java.net=ALL-UNNAMED --add-opens=java.base/java.util.concurrent.atomic=ALL-UNNAMED -Xmx2048m -Dfile.encoding=UTF-8 -Duser.country=US -Duser.language=en -Duser.variant 
java_command: org.gradle.launcher.daemon.bootstrap.GradleDaemon 7.0.2
java_class_path (initial): C:\Users\ACER\.gradle\wrapper\dists\gradle-7.0.2-bin\857tjihv64xamwrf0h14cai3r\gradle-7.0.2\lib\gradle-launcher-7.0.2.jar
Launcher Type: SUN_STANDARD

[Global flags]
     intx CICompilerCount                          = 4                                         {product} {ergonomic}
     uint ConcGCThreads                            = 2                                         {product} {ergonomic}
     uint G1ConcRefinementThreads                  = 8                                         {product} {ergonomic}
   size_t G1HeapRegionSize                         = 1048576                                   {product} {ergonomic}
    uintx GCDrainStackTargetSize                   = 64                                        {product} {ergonomic}
   size_t InitialHeapSize                          = 132120576                                 {product} {ergonomic}
   size_t MarkStackSize                            = 4194304                                   {product} {ergonomic}
   size_t MaxHeapSize                              = 2147483648                                {product} {command line}
   size_t MaxNewSize                               = 1287651328                                {product} {ergonomic}
   size_t MinHeapDeltaBytes                        = 1048576                                   {product} {ergonomic}
    uintx NonNMethodCodeHeapSize                   = 5836300                                {pd product} {ergonomic}
    uintx NonProfiledCodeHeapSize                  = 122910970                              {pd product} {ergonomic}
    uintx ProfiledCodeHeapSize                     = 122910970                              {pd product} {ergonomic}
    uintx ReservedCodeCacheSize                    = 251658240                              {pd product} {ergonomic}
     bool SegmentedCodeCache                       = true                                      {product} {ergonomic}
     bool UseCompressedClassPointers               = true                                 {lp64_product} {ergonomic}
     bool UseCompressedOops                        = true                                 {lp64_product} {ergonomic}
     bool UseG1GC                                  = true                                      {product} {ergonomic}
     bool UseLargePagesIndividualAllocation        = false                                  {pd product} {ergonomic}

Logging:
Log output configuration:
 #0: stdout all=warning uptime,level,tags
 #1: stderr all=off uptime,level,tags

Environment Variables:
JAVA_HOME=C:\Users\ACER\AppData\Local\Programs\AdoptOpenJDK\jdk-11.0.10.9-hotspot\
PATH=D:\APLICATION\Database\Oracle\bin;D:\APLICATION\Oracle\bin;C:\Program Files\Common Files\Oracle\Java\javapath;C:\Windows\system32;C:\Windows;C:\Windows\System32\Wbem;C:\Windows\System32\WindowsPowerShell\v1.0\;C:\Windows\System32\OpenSSH\;C:\Program Files (x86)\Intel\Intel(R) Management Engine Components\DAL;C:\Program Files\Intel\Intel(R) Management Engine Components\DAL;C:\Program Files\NVIDIA Corporation\NVIDIA NGX;C:\Program Files (x86)\NVIDIA Corporation\PhysX\Common;C:\Program Files\NVIDIA Corporation\NVIDIA NvDLISR;C:\Program Files\dotnet\;C:\WINDOWS\system32;C:\WINDOWS;C:\WINDOWS\System32\Wbem;C:\WINDOWS\System32\WindowsPowerShell\v1.0\;C:\WINDOWS\System32\OpenSSH\;C:\MinGW\bin;C:\Python\Python38;C:\Program Files\Microsoft SQL Server\Client SDK\ODBC\170\Tools\Binn\;C:\Program Files (x86)\Microsoft SQL Server\150\Tools\Binn\;C:\Program Files\Microsoft SQL Server\150\Tools\Binn\;C:\Program Files\Microsoft SQL Server\150\DTS\Binn\;D:\APLICATION\Git\cmd;C:\Program Files\Microsoft SQL Server\130\Tools\Binn\;D:\APLICATION\Java\lib;D:\APLICATION\Database\Oracle\jdbc\lib;D:\APLICATION\PYTHON;D:\APLICATION\PYTHON\Scripts;C:\Program Files\Git\cmd;D:\APLICATION\nodejs\;C:\ProgramData\ComposerSetup\bin;C:\Program Files (x86)\Microsoft SQL Server\150\DTS\Binn\;C:\Program Files\Azure Data Studio\bin;D:\APLICATION\R\R-4.1.2\bin\x64;C:\Users\ACER\AppData\Local\Programs\Python\Python38\Scripts\;C:\Users\ACER\AppData\Local\Programs\Python\Python38\;C:\Program Files\MySQL\MySQL Shell 8.0\bin\;C:\Users\ACER\AppData\Local\Programs\AdoptOpenJDK\jdk-11.0.10.9-hotspot\bin;C:\Python\Python38\Scripts\;C:\Python\Python38\;C:\Users\ACER\AppData\Local\Microsoft\WindowsApps;C:\Users\ACER\AppData\Local\Programs\Microsoft VS Code\bin;D:\APLICATION\XAMPP\php;C:\Users\ACER\AppData\Local\GitHubDesktop\bin;C:\Users\ACER\AppData\Roaming\npm;C:\Users\ACER\AppData\Roaming\Composer\vendor\bin;C:\Program Files\Azure Data Studio\bin
USERNAME=ACER
OS=Windows_NT
PROCESSOR_IDENTIFIER=Intel64 Family 6 Model 158 Stepping 10, GenuineIntel



---------------  S Y S T E M  ---------------

OS: Windows 10 , 64 bit Build 22000 (10.0.22000.434)
OS uptime: 1 days 19:03 hours
Hyper-V role detected

CPU:total 8 (initial active 8) (4 cores per cpu, 2 threads per core) family 6 model 158 stepping 10 microcode 0xde, cmov, cx8, fxsr, mmx, sse, sse2, sse3, ssse3, sse4.1, sse4.2, popcnt, avx, avx2, aes, clmul, erms, 3dnowpref, lzcnt, ht, tsc, tscinvbit, bmi1, bmi2, adx, fma

Memory: 4k page, system-wide physical 8040M (313M free)
TotalPageFile size 20840M (AvailPageFile size 5M)
current process WorkingSet (physical memory assigned to process): 377M, peak: 388M
current process commit charge ("private bytes"): 456M, peak: 464M

vm_info: OpenJDK 64-Bit Server VM (11.0.10+0-b96-7249189) for windows-amd64 JRE (11.0.10+0-b96-7249189), built on Mar 31 2021 21:44:00 by "builder" with MS VC++ 14.0 (VS2015)

END.
